                                   MODFLOW 6
                U.S. GEOLOGICAL SURVEY MODULAR HYDROLOGIC MODEL
                       GROUNDWATER TRANSPORT MODEL (GWT)
                   VERSION 6.3.0 release candidate 07/30/2021
                               ***DEVELOP MODE***

   MODFLOW 6 compiled Oct 27 2021 07:53:31 with IFORT compiler (ver. 20.21.1)

This software is preliminary or provisional and is subject to 
revision. It is being provided to meet the need for timely best 
science. The software has not received final approval by the U.S. 
Geological Survey (USGS). No warranty, expressed or implied, is made 
by the USGS or the U.S. Government as to the functionality of the 
software and related material nor shall the fact of release 
constitute any such warranty. The software is provided on the 
condition that neither the USGS nor the U.S. Government shall be held 
liable for any damages resulting from the authorized or unauthorized 
use of the software.


System command used to initiate simulation:
E:\15_REPOS\00_BETAMI\bin\mf6.exe

MODFLOW was compiled using uniform precision.

Real Variables
  KIND: 8
  TINY (smallest non-zero value):    2.225074-308
  HUGE (largest value):    1.797693+308
  PRECISION: 15
  BIT SIZE: 64

Integer Variables
  KIND: 4
  HUGE (largest value): 2147483647
  BIT SIZE: 32

Long Integer Variables
  KIND: 8
  HUGE (largest value): 9223372036854775807
  BIT SIZE: 64

Logical Variables
  KIND: 4
  BIT SIZE: 32
 

 OPENED gwt_A.dis
 FILE TYPE:DIS6                   UNIT 1012   STATUS:OLD                 
 FORMAT:FORMATTED              ACCESS:SEQUENTIAL          
 ACTION:READ                


 OPENED gwt_A.ic
 FILE TYPE:IC6                    UNIT 1013   STATUS:OLD                 
 FORMAT:FORMATTED              ACCESS:SEQUENTIAL          
 ACTION:READ                


 OPENED gwt_A.adv
 FILE TYPE:ADV6                   UNIT 1014   STATUS:OLD                 
 FORMAT:FORMATTED              ACCESS:SEQUENTIAL          
 ACTION:READ                


 OPENED gwt_A.mst
 FILE TYPE:MST6                   UNIT 1015   STATUS:OLD                 
 FORMAT:FORMATTED              ACCESS:SEQUENTIAL          
 ACTION:READ                


 OPENED gwt_A.cnc
 FILE TYPE:CNC6                   UNIT 1016   STATUS:OLD                 
 FORMAT:FORMATTED              ACCESS:SEQUENTIAL          
 ACTION:READ                


 OPENED gwt_A.ssm
 FILE TYPE:SSM6                   UNIT 1017   STATUS:OLD                 
 FORMAT:FORMATTED              ACCESS:SEQUENTIAL          
 ACTION:READ                


 OPENED gwt_A.oc
 FILE TYPE:OC6                    UNIT 1018   STATUS:OLD                 
 FORMAT:FORMATTED              ACCESS:SEQUENTIAL          
 ACTION:READ                

 NAMEFILE OPTIONS:
    FLOWS WILL BE SAVED TO BUDGET FILE SPECIFIED IN OUTPUT CONTROL

 DIS -- STRUCTURED GRID DISCRETIZATION PACKAGE, VERSION 2 : 3/27/2014 - INPUT READ FROM UNIT 1012


 # File generated by Flopy version 3.9.1 on 02/15/2025 at 16:24:51.
 PROCESSING DISCRETIZATION OPTIONS
 END OF DISCRETIZATION OPTIONS
 MODEL LENGTH UNIT IS UNDEFINED
 PROCESSING DISCRETIZATION DIMENSIONS
    NLAY =       1
    NROW =       1
    NCOL =     101
 END OF DISCRETIZATION DIMENSIONS
 PROCESSING GRIDDATA

                     DELR =   10.00000    

                     DELC =   1.000000    

 TOP ELEVATION OF LAYER 1 =   0.000000    

   MODEL LAYER BOTTOM EL. =  -1.000000    

                  IDOMAIN = 1
 END PROCESSING GRIDDATA

 FMI -- FLOW MODEL INTERFACE, VERSION 1, 8/29/2017
  FLOWS PROVIDED BY A GWF MODEL IN THIS SIMULATION

 CNC   -- CNC PACKAGE, VERSION 8, 2/22/2014 INPUT READ FROM UNIT 1016
 # File generated by Flopy version 3.9.1 on 02/15/2025 at 16:24:51.

 PROCESSING CNC OPTIONS
 END OF CNC OPTIONS

 PROCESSING CNC DIMENSIONS
    MAXBOUND =       1
 END OF CNC DIMENSIONS

 IC -- INITIAL CONDITIONS PACKAGE, VERSION 8, 3/28/2015 INPUT READ FROM UNIT 1013
 # File generated by Flopy version 3.9.1 on 02/15/2025 at 16:24:51.
 PROCESSING IC OPTIONS
 END OF IC OPTIONS
 PROCESSING GRIDDATA
 END PROCESSING GRIDDATA

 MST -- MOBILE STORAGE AND TRANSFER PACKAGE, VERSION 1, 7/29/2020 INPUT READ FROM UNIT 1015


 # File generated by Flopy version 3.9.1 on 02/15/2025 at 16:24:51.
 PROCESSING MOBILE STORAGE AND TRANSFER OPTIONS
    FIRST-ORDER DECAY IS ACTIVE. 
 END OF MOBILE STORAGE AND TRANSFER OPTIONS
 PROCESSING GRIDDATA

   MOBILE DOMAIN POROSITY =  0.2500000    

               DECAY RATE =  0.1000000E-02

        DECAY SORBED RATE =  0.1000000E-02
 END PROCESSING GRIDDATA

 ADV-- ADVECTION PACKAGE, VERSION 1, 8/25/2017 INPUT READ FROM UNIT 1014


 # File generated by Flopy version 3.9.1 on 02/15/2025 at 16:24:51.
 PROCESSING ADVECTION OPTIONS
    ADVECTION WEIGHTING SCHEME HAS BEEN SET TO: UPSTREAM
 SELECTED ADVECTION SCHEME RESULTS IN AN ASYMMETRIC MATRIX.
 END OF ADVECTION OPTIONS

 SSM -- SOURCE-SINK MIXING PACKAGE, VERSION 1, 8/25/2017 INPUT READ FROM UNIT 1017


 # File generated by Flopy version 3.9.1 on 02/15/2025 at 16:24:51.
 PROCESSING SSM OPTIONS
 END OF SSM OPTIONS
 PROCESSING SOURCES
 END PROCESSING SOURCES
 OPTIONAL FILEINPUT BLOCK NOT FOUND.  CONTINUING.
      THE LAST TIME STEP WILL BE PRINTED
      THE LAST TIME STEP WILL BE PRINTED
 # File generated by Flopy version 3.9.1 on 02/15/2025 at 16:24:51.

 PROCESSING OC OPTIONS

    BUDGET INFORMATION WILL BE WRITTEN TO:
      UNIT NUMBER: 1024
      FILE NAME: gwt_A.cbc

 OPENED gwt_A.cbc
 FILE TYPE:DATA(BINARY)   UNIT 1024   STATUS:REPLACE             
 FORMAT:UNFORMATTED            ACCESS:STREAM              
 ACTION:READWRITE           

    CONCENTRATION INFORMATION WILL BE WRITTEN TO:
      UNIT NUMBER: 1025
      FILE NAME: gwt_A.ucn

 OPENED gwt_A.ucn
 FILE TYPE:DATA(BINARY)   UNIT 1025   STATUS:REPLACE             
 FORMAT:UNFORMATTED            ACCESS:STREAM              
 ACTION:READWRITE           

 END OF OC OPTIONS

start timestep kper="1" kstp="1" mode="normal"


 BEGIN READING OUTPUT CONTROL FOR STRESS PERIOD 1
      THE LAST TIME STEP WILL BE SAVED
      THE LAST TIME STEP WILL BE SAVED
      THE LAST TIME STEP WILL BE PRINTED
      THE LAST TIME STEP WILL BE PRINTED

 END READING OUTPUT CONTROL FOR STRESS PERIOD 1

end timestep


start timestep kper="1" kstp="2" mode="normal"


end timestep


start timestep kper="1" kstp="3" mode="normal"


end timestep


start timestep kper="1" kstp="4" mode="normal"


end timestep


start timestep kper="1" kstp="5" mode="normal"


end timestep


start timestep kper="1" kstp="6" mode="normal"


end timestep


start timestep kper="1" kstp="7" mode="normal"


end timestep


start timestep kper="1" kstp="8" mode="normal"


end timestep


start timestep kper="1" kstp="9" mode="normal"


end timestep


start timestep kper="1" kstp="10" mode="normal"


end timestep


start timestep kper="1" kstp="11" mode="normal"


end timestep


start timestep kper="1" kstp="12" mode="normal"


end timestep


start timestep kper="1" kstp="13" mode="normal"


end timestep


start timestep kper="1" kstp="14" mode="normal"


end timestep


start timestep kper="1" kstp="15" mode="normal"


end timestep


start timestep kper="1" kstp="16" mode="normal"


end timestep


start timestep kper="1" kstp="17" mode="normal"


end timestep


start timestep kper="1" kstp="18" mode="normal"


end timestep


start timestep kper="1" kstp="19" mode="normal"


end timestep


start timestep kper="1" kstp="20" mode="normal"


end timestep


start timestep kper="1" kstp="21" mode="normal"


end timestep


start timestep kper="1" kstp="22" mode="normal"


end timestep


start timestep kper="1" kstp="23" mode="normal"


end timestep


start timestep kper="1" kstp="24" mode="normal"


end timestep


start timestep kper="1" kstp="25" mode="normal"


end timestep


start timestep kper="1" kstp="26" mode="normal"


end timestep


start timestep kper="1" kstp="27" mode="normal"


end timestep


start timestep kper="1" kstp="28" mode="normal"


end timestep


start timestep kper="1" kstp="29" mode="normal"


end timestep


start timestep kper="1" kstp="30" mode="normal"


end timestep


start timestep kper="1" kstp="31" mode="normal"


end timestep


start timestep kper="1" kstp="32" mode="normal"


end timestep


start timestep kper="1" kstp="33" mode="normal"


end timestep


start timestep kper="1" kstp="34" mode="normal"


end timestep


start timestep kper="1" kstp="35" mode="normal"


end timestep


start timestep kper="1" kstp="36" mode="normal"


end timestep


start timestep kper="1" kstp="37" mode="normal"


end timestep


start timestep kper="1" kstp="38" mode="normal"


end timestep


start timestep kper="1" kstp="39" mode="normal"


end timestep


start timestep kper="1" kstp="40" mode="normal"


end timestep


start timestep kper="1" kstp="41" mode="normal"


end timestep


start timestep kper="1" kstp="42" mode="normal"


end timestep


start timestep kper="1" kstp="43" mode="normal"


end timestep


start timestep kper="1" kstp="44" mode="normal"


end timestep


start timestep kper="1" kstp="45" mode="normal"


end timestep


start timestep kper="1" kstp="46" mode="normal"


end timestep


start timestep kper="1" kstp="47" mode="normal"


end timestep


start timestep kper="1" kstp="48" mode="normal"


end timestep


start timestep kper="1" kstp="49" mode="normal"


end timestep


start timestep kper="1" kstp="50" mode="normal"


end timestep


start timestep kper="1" kstp="51" mode="normal"


end timestep


start timestep kper="1" kstp="52" mode="normal"


end timestep


start timestep kper="1" kstp="53" mode="normal"


end timestep


start timestep kper="1" kstp="54" mode="normal"


end timestep


start timestep kper="1" kstp="55" mode="normal"


end timestep


start timestep kper="1" kstp="56" mode="normal"


end timestep


start timestep kper="1" kstp="57" mode="normal"


end timestep


start timestep kper="1" kstp="58" mode="normal"


end timestep


start timestep kper="1" kstp="59" mode="normal"


end timestep


start timestep kper="1" kstp="60" mode="normal"


end timestep


start timestep kper="1" kstp="61" mode="normal"


end timestep


start timestep kper="1" kstp="62" mode="normal"


end timestep


start timestep kper="1" kstp="63" mode="normal"


end timestep


start timestep kper="1" kstp="64" mode="normal"


end timestep


start timestep kper="1" kstp="65" mode="normal"


end timestep


start timestep kper="1" kstp="66" mode="normal"


end timestep


start timestep kper="1" kstp="67" mode="normal"


end timestep


start timestep kper="1" kstp="68" mode="normal"


end timestep


start timestep kper="1" kstp="69" mode="normal"


end timestep


start timestep kper="1" kstp="70" mode="normal"


end timestep


start timestep kper="1" kstp="71" mode="normal"


end timestep


start timestep kper="1" kstp="72" mode="normal"


end timestep


start timestep kper="1" kstp="73" mode="normal"


end timestep


start timestep kper="1" kstp="74" mode="normal"


end timestep


start timestep kper="1" kstp="75" mode="normal"


end timestep


start timestep kper="1" kstp="76" mode="normal"


end timestep


start timestep kper="1" kstp="77" mode="normal"


end timestep


start timestep kper="1" kstp="78" mode="normal"


end timestep


start timestep kper="1" kstp="79" mode="normal"


end timestep


start timestep kper="1" kstp="80" mode="normal"


end timestep


start timestep kper="1" kstp="81" mode="normal"


end timestep


start timestep kper="1" kstp="82" mode="normal"


end timestep


start timestep kper="1" kstp="83" mode="normal"


end timestep


start timestep kper="1" kstp="84" mode="normal"


end timestep


start timestep kper="1" kstp="85" mode="normal"


end timestep


start timestep kper="1" kstp="86" mode="normal"


end timestep


start timestep kper="1" kstp="87" mode="normal"


end timestep


start timestep kper="1" kstp="88" mode="normal"


end timestep


start timestep kper="1" kstp="89" mode="normal"


end timestep


start timestep kper="1" kstp="90" mode="normal"


end timestep


start timestep kper="1" kstp="91" mode="normal"


end timestep


start timestep kper="1" kstp="92" mode="normal"


end timestep


start timestep kper="1" kstp="93" mode="normal"


end timestep


start timestep kper="1" kstp="94" mode="normal"


end timestep


start timestep kper="1" kstp="95" mode="normal"


end timestep


start timestep kper="1" kstp="96" mode="normal"


end timestep


start timestep kper="1" kstp="97" mode="normal"


end timestep


start timestep kper="1" kstp="98" mode="normal"


end timestep


start timestep kper="1" kstp="99" mode="normal"


end timestep


start timestep kper="1" kstp="100" mode="normal"

 UBDSV1 SAVING     FLOW-JA-FACE ON UNIT   1024 AT TIME STEP    100, STRESS PERIOD      1
 UBDSV1 SAVING  STORAGE-AQUEOUS ON UNIT   1024 AT TIME STEP    100, STRESS PERIOD      1
 UBDSV1 SAVING    DECAY-AQUEOUS ON UNIT   1024 AT TIME STEP    100, STRESS PERIOD      1
 UBDSV06 SAVING  SOURCE-SINK MIX IN MODEL GWT_A            PACKAGE GWT_A           CONNECTED TO MODEL GWT_A            PACKAGE SSM              ON UNIT   1024 AT TIME STEP    100, STRESS PERIOD      1
 UBDSV06 SAVING              CNC IN MODEL GWT_A            PACKAGE GWT_A           CONNECTED TO MODEL GWT_A            PACKAGE CNC-1            ON UNIT   1024 AT TIME STEP    100, STRESS PERIOD      1
1
  CONCENTRATION IN LAYER   1 AT END OF TIME STEP 100 IN STRESS PERIOD    1
  ---------------------------------------------------------------------------

                1               2               3               4               5               6               7               8               9              10
               11              12              13              14              15              16              17              18              19              20
               21              22              23              24              25              26              27              28              29              30
               31              32              33              34              35              36              37              38              39              40
               41              42              43              44              45              46              47              48              49              50
               51              52              53              54              55              56              57              58              59              60
               61              62              63              64              65              66              67              68              69              70
               71              72              73              74              75              76              77              78              79              80
               81              82              83              84              85              86              87              88              89              90
               91              92              93              94              95              96              97              98              99             100
              101
 ................................................................................................................................................................
   1      1.00000        0.960000        0.921600        0.884736        0.849347        0.815373        0.782758        0.751447        0.721390        0.692534    
         0.664833        0.638239        0.612710        0.588201        0.564673        0.542086        0.520403        0.499586        0.479602        0.460416    
         0.441995        0.424308        0.407322        0.391006        0.375325        0.360247        0.345732        0.331742        0.318232        0.305155    
         0.292456        0.280081        0.267969        0.256059        0.244293        0.232614        0.220972        0.209329        0.197658        0.185946    
         0.174199        0.162439        0.150706        0.139053        0.127547        0.116264        0.105284        9.468734E-02    8.455297E-02    7.495092E-02
         6.594112E-02    5.757066E-02    4.987224E-02    4.286361E-02    3.654777E-02    3.091401E-02    2.593948E-02    2.159113E-02    1.782794E-02    1.460322E-02
         1.186678E-02    9.566944E-03    7.652325E-03    6.073239E-03    4.782818E-03    3.737800E-03    2.899019E-03    2.231643E-03    1.705196E-03    1.293415E-03
         9.739899E-04    7.282219E-04    5.406370E-04    3.985849E-04    2.918432E-04    2.122425E-04    1.533238E-04    1.100327E-04    7.845278E-05    5.557885E-05
         3.912592E-05    2.737236E-05    1.903229E-05    1.315344E-05    9.036373E-06    6.171529E-06    4.190555E-06    2.829218E-06    1.899384E-06    1.268076E-06
         8.419735E-07    5.560394E-07    3.652581E-07    2.386787E-07    1.551598E-07    1.003523E-07    6.457875E-08    4.135192E-08    2.634969E-08    1.670929E-08
         1.054562E-08

 CONCENTRATION WILL BE SAVED ON UNIT 1025 AT END OF TIME STEP  100, STRESS PERIOD    1


  MASS BUDGET FOR ENTIRE MODEL AT END OF TIME STEP  100, STRESS PERIOD   1
  ---------------------------------------------------------------------------------------------------

     CUMULATIVE MASS      M       RATES FOR THIS TIME STEP      M/T          PACKAGE NAME    
     ------------------                 ------------------------                     ----------------

           IN:                                      IN:
           ---                                      ---
     STORAGE-AQUEOUS =       5.5511E-16       STORAGE-AQUEOUS =       1.3878E-17     MST             
       DECAY-AQUEOUS =           0.0000         DECAY-AQUEOUS =           0.0000     MST             
               CHD-1 =           0.0000                 CHD-1 =           0.0000     SSM             
                 CNC =         120.0000                   CNC =       6.0000E-02     CNC-1           

            TOTAL IN =         120.0000              TOTAL IN =       6.0000E-02

          OUT:                                     OUT:
          ----                                     ----
     STORAGE-AQUEOUS =          51.7180       STORAGE-AQUEOUS =       8.2820E-03     MST             
       DECAY-AQUEOUS =          68.2820         DECAY-AQUEOUS =       5.1718E-02     MST             
               CHD-1 =       4.6803E-08                 CHD-1 =       6.3274E-10     SSM             
                 CNC =           0.0000                   CNC =           0.0000     CNC-1           

           TOTAL OUT =         120.0000             TOTAL OUT =       6.0000E-02

            IN - OUT =      -1.4211E-14              IN - OUT =      -4.1633E-17

 PERCENT DISCREPANCY =          -0.00     PERCENT DISCREPANCY =          -0.00




         TIME SUMMARY AT END OF TIME STEP  100 IN STRESS PERIOD    1
                    SECONDS     MINUTES      HOURS       DAYS        YEARS
                    -----------------------------------------------------------
   TIME STEP LENGTH 1.72800E+06  28800.      480.00      20.000     5.47570E-02
 STRESS PERIOD TIME 1.72800E+08 2.88000E+06  48000.      2000.0      5.4757    
         TOTAL TIME 1.72800E+08 2.88000E+06  48000.      2000.0      5.4757    


end timestep

