time,elapsed_seconds,message
14:53:36,7.69e-05,PEST++ performance logger started
14:53:36,0.0009928,starting to process control file
14:53:36,0.0502656,finished processing control file
14:53:36,0.0190379,initializing
14:53:36,0.0003442,using glm algorithm
14:53:36,0.0001041,using REDSVD for truncated svd solve
14:53:36,0.0001087,maxsing: 10000000
14:53:36,0.0001143,eigthresh:  1e-06
14:53:36,9.85e-05,initializing localizer
14:53:36,0.0001155,not using localization
14:53:36,0.0001043,using lambda multipliers: 
14:53:36,0.0001111,using lambda scaling factors: 
14:53:36,9.98e-05,acceptable phi factor:  1.05
14:53:36,9.97e-05,lambda increase factor:  10
14:53:36,9.9e-05,lambda decrease factor:  0.75
14:53:36,0.000239,max run fail:  1
14:53:36,0.000274,initializing prior parameter covariance matrix
14:53:36,1.09e-05,initializing parcov
14:53:36,0.0014769,parcov loaded  from parameter bounds, using par_sigma_range 4
14:53:36,0.001859,initializing observation noise covariance matrix
14:53:36,0.000579,obscov loaded  from observation weights
14:53:36,0.0006251,using reg_factor:  0
14:53:36,2.4e-05,processing par csv restart_freyberg_prior.0.par.csv
14:53:36,9.27e-05,loading par ensemble from csv file restart_freyberg_prior.0.par.csv
14:53:36,0.0131632,Warning: even though ies_enforce_bounds is true, a restart obs en was passed, so bounds will not be enforced on the initial par en
14:53:36,9.65e-05,not using prior parameter covariance matrix scaling
14:53:36,1.8e-05,processing obs csv restart_freyberg_prior.obs+noise.csv
14:53:36,0.0001042,loading obs ensemble from csv file restart_freyberg_prior.obs+noise.csv
14:53:36,0.0093349,setting weights ensemble from control file weights
14:53:36,0.0008184,saved weight ensemble to  freyberg_ies.weights.csv
14:53:36,1.88e-05,checking for denormal values in weights ensemble
14:53:36,0.0001312,Warning: even though `ies_include_base` is true, you passed a restart obs en, not adding 'base' realization...
14:53:36,2.54e-05,checking for denormal values in pe
14:53:36,0.0010239,saved initial parameter ensemble to  freyberg_ies.0.par.csv
14:53:36,1.89e-05,checking for denormal values in obs + noise ensemble
14:53:36,0.0006925,saved obs+noise observation ensemble (obsval + noise realizations) to  freyberg_ies.obs+noise.csv
14:53:36,0.0009299,restarting with existing obs ensemble restart_freyberg_prior.0.obs.csv
14:53:36,9.06e-05,loading restart obs ensemble from csv file restart_freyberg_prior.0.obs.csv
14:53:36,0.0081727,reordering oe_base to align with restart obs en,num reals: 0
14:53:36,2.82e-05,reordering pe_base to align with restart par en,num reals: 0
14:53:36,0.0001468,centering on ensemble mean vector
14:53:36,0.0007932,saved initial obs ensemble to freyberg_ies.0.obs.csv
14:53:36,3.74e-05,calc pre-drop phi
14:53:36,0.0026962,pre-drop initial phi summary
