time,elapsed_seconds,message
09:45:37,6.59e-05,PEST++ performance logger started
09:45:37,0.0006133,starting to process control file
09:45:37,0.169758,finished processing control file
09:45:37,0.129282,starting basic model IO error checking
09:45:37,0.0820004,finished basic model IO error checking
09:45:37,0.0299533,initializing
09:45:37,0.0040091,'noptmax'=0, running control file parameter values and quitting
09:45:37,0.0133235,saving control file parameter ensemble to  freyberg.base.par.csv
09:45:37,0.0084553,initializing prior parameter covariance matrix
09:45:37,2.28e-05,initializing parcov
09:45:37,0.0191977,parcov loaded  from parameter bounds, using par_sigma_range 4
09:45:37,0.03784,running control file parameter values
09:45:37,2.83e-05,queuing 1 runs
09:45:37,0.0312578,making runs
09:45:38,0.419595,processing runs
09:45:38,0.0139471,the following par:obs realization runs failed: BASE:BASE,
09:45:38,4.02e-05,dropping failed realizations
09:45:38,0.0005584,control file parameter value run failed...bummer
09:45:38,3.47e-05,EnsembleMethod error: control file parameter value run failed
