2024-12-23 10:58:45.976114 starting: opening PstFrom.log for logging
2024-12-23 10:58:45.976114 starting PstFrom process
2024-12-23 10:58:45.976114 starting: setting up dirs
2024-12-23 10:58:45.976114 starting: removing existing new_d 'freyberg6_template'
2024-12-23 10:58:45.976114 finished: removing existing new_d 'freyberg6_template' took: 0:00:00
2024-12-23 10:58:45.976114 starting: copying original_d 'freyberg_mf6' to new_d 'freyberg6_template'
2024-12-23 10:58:46.593356 finished: copying original_d 'freyberg_mf6' to new_d 'freyberg6_template' took: 0:00:00.617242
2024-12-23 10:58:46.593356 finished: setting up dirs took: 0:00:00.617242
2024-12-23 10:59:01.121760 starting: adding observations from output file heads.csv
2024-12-23 10:59:01.121760 starting: adding observations from tabular output file '['heads.csv']'
2024-12-23 10:59:01.121760 starting: reading list-style file: freyberg6_template\heads.csv
2024-12-23 10:59:01.121760 finished: reading list-style file: freyberg6_template\heads.csv took: 0:00:00
2024-12-23 10:59:01.121760 starting: building insfile for tabular output file heads.csv
2024-12-23 10:59:01.137069 finished: building insfile for tabular output file heads.csv took: 0:00:00.015309
2024-12-23 10:59:01.137069 starting: adding observation from instruction file 'freyberg6_template\heads.csv.ins'
2024-12-23 10:59:01.152695 finished: adding observation from instruction file 'freyberg6_template\heads.csv.ins' took: 0:00:00.015626
2024-12-23 10:59:01.152695 finished: adding observations from tabular output file '['heads.csv']' took: 0:00:00.030935
2024-12-23 10:59:01.152695 finished: adding observations from output file heads.csv took: 0:00:00.030935
2024-12-23 10:59:03.644414 starting: adding observations from output file sfr.csv
2024-12-23 10:59:03.644414 starting: adding observations from tabular output file '['sfr.csv']'
2024-12-23 10:59:03.644414 starting: reading list-style file: freyberg6_template\sfr.csv
2024-12-23 10:59:03.644414 finished: reading list-style file: freyberg6_template\sfr.csv took: 0:00:00
2024-12-23 10:59:03.644414 starting: building insfile for tabular output file sfr.csv
2024-12-23 10:59:03.644414 finished: building insfile for tabular output file sfr.csv took: 0:00:00
2024-12-23 10:59:03.644414 starting: adding observation from instruction file 'freyberg6_template\sfr.csv.ins'
2024-12-23 10:59:03.660040 finished: adding observation from instruction file 'freyberg6_template\sfr.csv.ins' took: 0:00:00.015626
2024-12-23 10:59:03.660040 finished: adding observations from tabular output file '['sfr.csv']' took: 0:00:00.015626
2024-12-23 10:59:03.660040 finished: adding observations from output file sfr.csv took: 0:00:00.015626
2024-12-23 10:59:44.893781 transform was not passed, setting default tranform to 'log'
2024-12-23 10:59:44.893781 starting: adding grid type m style parameters for file(s) ['freyberg6.npf_k_layer1.txt']
2024-12-23 10:59:44.893781 starting: using geostruct:name:struct1,nugget:0.0,structures:
name:var1,contribution:1.0,a:1000.0,anisotropy:1.0,bearing:0.0

2024-12-23 10:59:44.893781 starting: loading array freyberg6_template\freyberg6.npf_k_layer1.txt
2024-12-23 10:59:44.909082 finished: loading array freyberg6_template\freyberg6.npf_k_layer1.txt took: 0:00:00.015301
2024-12-23 10:59:44.909082 loaded array 'freyberg_mf6\freyberg6.npf_k_layer1.txt' of shape (40, 20)
2024-12-23 10:59:44.909082 starting: writing array-style template file 'freyberg6_template\npfklayer1gr_inst0_grid.csv.tpl'
2024-12-23 10:59:44.909082 starting: writing template file freyberg6_template\npfklayer1gr_inst0_grid.csv.tpl for ['npfklayer1gr_inst:0']
2024-12-23 10:59:44.931216 finished: writing template file freyberg6_template\npfklayer1gr_inst0_grid.csv.tpl for ['npfklayer1gr_inst:0'] took: 0:00:00.022134
2024-12-23 10:59:44.931216 starting: writing array-based template file 'freyberg6_template\npfklayer1gr_inst0_grid.csv.tpl'
2024-12-23 10:59:44.931216 saving zone array freyberg6_template\npfklayer1gr_inst0_grid.csv.zone for tpl file freyberg6_template\npfklayer1gr_inst0_grid.csv.tpl
2024-12-23 10:59:44.931216 finished: adding grid type m style parameters for file(s) ['freyberg6.npf_k_layer1.txt'] took: 0:00:00.037435
2024-12-23 10:59:57.129569 transform was not passed, setting default tranform to 'log'
2024-12-23 10:59:57.129569 starting: adding pilotpoints type m style parameters for file(s) ['freyberg6.npf_k_layer1.txt']
2024-12-23 10:59:57.129569 starting: using geostruct:name:struct1,nugget:0.0,structures:
name:var1,contribution:1.0,a:15000.0,anisotropy:1.0,bearing:0.0

2024-12-23 10:59:57.129569 starting: loading array freyberg6_template\freyberg6.npf_k_layer1.txt
2024-12-23 10:59:57.129569 finished: loading array freyberg6_template\freyberg6.npf_k_layer1.txt took: 0:00:00
2024-12-23 10:59:57.129569 loaded array 'freyberg_mf6\freyberg6.npf_k_layer1.txt' of shape (40, 20)
2024-12-23 10:59:57.129569 starting: writing array-style template file 'freyberg6_template\npfklayer1pp_inst0_pilotpoints.csv.tpl'
2024-12-23 10:59:57.129569 starting: setting up pilot point parameters
2024-12-23 10:59:57.129569 WARNING: Directly passing 'pp_space' has been deprecated and will eventually be removed, please use pp_options['pp_space'] instead.
2024-12-23 10:59:57.129569 'use_pp_zones' not set in pp_options, Setting to default value: [False]
2024-12-23 10:59:57.129569 'spatial_reference' not set in pp_options, Setting to default value: [None]
2024-12-23 10:59:57.129569 'try_use_ppu' not set in pp_options, Setting to default value: [True]
2024-12-23 10:59:57.129569 'num_threads' not set in pp_options, Setting to default value: [10]
2024-12-23 10:59:57.129569 'minpts_interp' not set in pp_options, Setting to default value: [1]
2024-12-23 10:59:57.129569 'maxpts_interp' not set in pp_options, Setting to default value: [20]
2024-12-23 10:59:57.129569 'search_radius' not set in pp_options, Setting to default value: [10000000000.0]
2024-12-23 10:59:57.129569 'fill_value' not set in pp_options, Setting to default value: [1.0]
2024-12-23 10:59:57.129569 'lower_limit' not set in pp_options, Setting to default value: [1e-30]
2024-12-23 10:59:57.129569 'upper_limit' not set in pp_options, Setting to default value: [1e+30]
2024-12-23 10:59:57.129569 WARNING: `use_ppu` requested but failed to import
falling back to pyemu pp methods
2024-12-23 10:59:57.129569 No spatial reference (containing cell spacing) passed.
2024-12-23 10:59:57.129569 OK - using spatial reference in parent object.
2024-12-23 10:59:57.214214 29 pilot point parameters created
2024-12-23 10:59:57.214214 pilot point 'pargp':n,p,f,k,l,a,y,e,r,1,p,p
2024-12-23 10:59:57.214214 finished: setting up pilot point parameters took: 0:00:00.084645
2024-12-23 10:59:57.214214 starting: calculating factors for pargp=npfklayer1pp
2024-12-23 10:59:57.214214 saving krige variance file:freyberg6_template\npfklayer1pp_inst0pp.var.dat
2024-12-23 10:59:57.214214 saving krige factors file:freyberg6_template\npfklayer1pp_inst0pp.fac
2024-12-23 11:00:01.412470 finished: calculating factors for pargp=npfklayer1pp took: 0:00:04.198256
2024-12-23 11:00:01.412470 starting: writing array-based template file 'freyberg6_template\npfklayer1pp_inst0pp.dat.tpl'
2024-12-23 11:00:01.412470 saving zone array freyberg6_template\npfklayer1pp_inst0pp.dat.zone for tpl file freyberg6_template\npfklayer1pp_inst0pp.dat.tpl
2024-12-23 11:00:01.412470 finished: adding pilotpoints type m style parameters for file(s) ['freyberg6.npf_k_layer1.txt'] took: 0:00:04.282901
2024-12-23 11:00:17.924624 starting: adding observations from output file freyberg6.npf_k_layer1.txt
2024-12-23 11:00:17.924624 starting: adding observations from array output file 'freyberg6.npf_k_layer1.txt'
2024-12-23 11:00:17.924624 starting: adding observation from instruction file 'freyberg6_template\freyberg6.npf_k_layer1.txt.ins'
2024-12-23 11:00:17.955877 finished: adding observation from instruction file 'freyberg6_template\freyberg6.npf_k_layer1.txt.ins' took: 0:00:00.031253
2024-12-23 11:00:17.955877 finished: adding observations from array output file 'freyberg6.npf_k_layer1.txt' took: 0:00:00.031253
2024-12-23 11:00:17.955877 finished: adding observations from output file freyberg6.npf_k_layer1.txt took: 0:00:00.031253
2024-12-23 11:00:34.389936 transform was not passed, setting default tranform to 'log'
2024-12-23 11:00:34.389936 starting: adding grid type m style parameters for file(s) ['freyberg6.sto_sy_layer1.txt']
2024-12-23 11:00:34.389936 finished: using geostruct:name:struct1,nugget:0.0,structures:
name:var1,contribution:1.0,a:1000.0,anisotropy:1.0,bearing:0.0
 took: 0:00:49.496155
2024-12-23 11:00:34.389936 starting: loading array freyberg6_template\freyberg6.sto_sy_layer1.txt
2024-12-23 11:00:34.389936 finished: loading array freyberg6_template\freyberg6.sto_sy_layer1.txt took: 0:00:00
2024-12-23 11:00:34.389936 loaded array 'freyberg_mf6\freyberg6.sto_sy_layer1.txt' of shape (40, 20)
2024-12-23 11:00:34.389936 starting: writing array-style template file 'freyberg6_template\stosylayer1gr_inst0_grid.csv.tpl'
2024-12-23 11:00:34.389936 starting: writing template file freyberg6_template\stosylayer1gr_inst0_grid.csv.tpl for ['stosylayer1gr_inst:0']
2024-12-23 11:00:34.412073 finished: writing template file freyberg6_template\stosylayer1gr_inst0_grid.csv.tpl for ['stosylayer1gr_inst:0'] took: 0:00:00.022137
2024-12-23 11:00:34.412073 starting: writing array-based template file 'freyberg6_template\stosylayer1gr_inst0_grid.csv.tpl'
2024-12-23 11:00:34.412073 saving zone array freyberg6_template\stosylayer1gr_inst0_grid.csv.zone for tpl file freyberg6_template\stosylayer1gr_inst0_grid.csv.tpl
2024-12-23 11:00:34.412073 finished: adding grid type m style parameters for file(s) ['freyberg6.sto_sy_layer1.txt'] took: 0:00:00.022137
2024-12-23 11:00:34.412073 transform was not passed, setting default tranform to 'log'
2024-12-23 11:00:34.412073 starting: adding pilotpoints type m style parameters for file(s) ['freyberg6.sto_sy_layer1.txt']
2024-12-23 11:00:34.412073 finished: using geostruct:name:struct1,nugget:0.0,structures:
name:var1,contribution:1.0,a:15000.0,anisotropy:1.0,bearing:0.0
 took: 0:00:37.282504
2024-12-23 11:00:34.412073 starting: loading array freyberg6_template\freyberg6.sto_sy_layer1.txt
2024-12-23 11:00:34.412073 finished: loading array freyberg6_template\freyberg6.sto_sy_layer1.txt took: 0:00:00
2024-12-23 11:00:34.412073 loaded array 'freyberg_mf6\freyberg6.sto_sy_layer1.txt' of shape (40, 20)
2024-12-23 11:00:34.412073 starting: writing array-style template file 'freyberg6_template\stosylayer1pp_inst0_pilotpoints.csv.tpl'
2024-12-23 11:00:34.412073 starting: setting up pilot point parameters
2024-12-23 11:00:34.412073 WARNING: Directly passing 'pp_space' has been deprecated and will eventually be removed, please use pp_options['pp_space'] instead.
2024-12-23 11:00:34.412073 'use_pp_zones' not set in pp_options, Setting to default value: [False]
2024-12-23 11:00:34.412073 'spatial_reference' not set in pp_options, Setting to default value: [None]
2024-12-23 11:00:34.412073 'try_use_ppu' not set in pp_options, Setting to default value: [True]
2024-12-23 11:00:34.412073 'num_threads' not set in pp_options, Setting to default value: [10]
2024-12-23 11:00:34.412073 'minpts_interp' not set in pp_options, Setting to default value: [1]
2024-12-23 11:00:34.412073 'maxpts_interp' not set in pp_options, Setting to default value: [20]
2024-12-23 11:00:34.412073 'search_radius' not set in pp_options, Setting to default value: [10000000000.0]
2024-12-23 11:00:34.412073 'fill_value' not set in pp_options, Setting to default value: [1.0]
2024-12-23 11:00:34.412073 'lower_limit' not set in pp_options, Setting to default value: [1e-30]
2024-12-23 11:00:34.412073 'upper_limit' not set in pp_options, Setting to default value: [1e+30]
2024-12-23 11:00:34.412073 WARNING: `use_ppu` requested but failed to import
falling back to pyemu pp methods
2024-12-23 11:00:34.412073 No spatial reference (containing cell spacing) passed.
2024-12-23 11:00:34.412073 OK - using spatial reference in parent object.
2024-12-23 11:00:34.490208 29 pilot point parameters created
2024-12-23 11:00:34.490208 pilot point 'pargp':s,t,o,s,y,l,a,y,e,r,1,p,p
2024-12-23 11:00:34.490208 finished: setting up pilot point parameters took: 0:00:00.078135
2024-12-23 11:00:34.490208 reusing factors
2024-12-23 11:00:34.490208 starting: writing array-based template file 'freyberg6_template\stosylayer1pp_inst0pp.dat.tpl'
2024-12-23 11:00:34.490208 saving zone array freyberg6_template\stosylayer1pp_inst0pp.dat.zone for tpl file freyberg6_template\stosylayer1pp_inst0pp.dat.tpl
2024-12-23 11:00:34.505834 finished: adding pilotpoints type m style parameters for file(s) ['freyberg6.sto_sy_layer1.txt'] took: 0:00:00.093761
2024-12-23 11:00:34.505834 transform was not passed, setting default tranform to 'log'
2024-12-23 11:00:34.505834 starting: adding constant type m style parameters for file(s) ['freyberg6.sto_sy_layer1.txt']
2024-12-23 11:00:34.505834 starting: using geostruct:name:struct1,nugget:0.0,structures:
name:var1,contribution:1.0,a:1000.0,anisotropy:1.0,bearing:0.0

2024-12-23 11:00:34.505834 starting: loading array freyberg6_template\freyberg6.sto_sy_layer1.txt
2024-12-23 11:00:34.505834 finished: loading array freyberg6_template\freyberg6.sto_sy_layer1.txt took: 0:00:00
2024-12-23 11:00:34.505834 loaded array 'freyberg_mf6\freyberg6.sto_sy_layer1.txt' of shape (40, 20)
2024-12-23 11:00:34.505834 starting: writing array-style template file 'freyberg6_template\stosylayer1cn_inst0_constant.csv.tpl'
2024-12-23 11:00:34.505834 starting: writing template file freyberg6_template\stosylayer1cn_inst0_constant.csv.tpl for ['stosylayer1cn_inst:0']
2024-12-23 11:00:34.512341 finished: writing template file freyberg6_template\stosylayer1cn_inst0_constant.csv.tpl for ['stosylayer1cn_inst:0'] took: 0:00:00.006507
2024-12-23 11:00:34.512341 starting: writing array-based template file 'freyberg6_template\stosylayer1cn_inst0_constant.csv.tpl'
2024-12-23 11:00:34.512341 saving zone array freyberg6_template\stosylayer1cn_inst0_constant.csv.zone for tpl file freyberg6_template\stosylayer1cn_inst0_constant.csv.tpl
2024-12-23 11:00:34.512341 finished: adding constant type m style parameters for file(s) ['freyberg6.sto_sy_layer1.txt'] took: 0:00:00.006507
2024-12-23 11:00:34.512341 transform was not passed, setting default tranform to 'log'
2024-12-23 11:00:34.512341 starting: adding grid type m style parameters for file(s) ['freyberg_mp.ne_layer1.txt']
2024-12-23 11:00:34.512341 finished: using geostruct:name:struct1,nugget:0.0,structures:
name:var1,contribution:1.0,a:1000.0,anisotropy:1.0,bearing:0.0
 took: 0:00:00.006507
2024-12-23 11:00:34.512341 starting: loading array freyberg6_template\freyberg_mp.ne_layer1.txt
2024-12-23 11:00:34.527971 finished: loading array freyberg6_template\freyberg_mp.ne_layer1.txt took: 0:00:00.015630
2024-12-23 11:00:34.527971 loaded array 'freyberg_mf6\freyberg_mp.ne_layer1.txt' of shape (40, 20)
2024-12-23 11:00:34.527971 starting: writing array-style template file 'freyberg6_template\nelayer1gr_inst0_grid.csv.tpl'
2024-12-23 11:00:34.527971 starting: writing template file freyberg6_template\nelayer1gr_inst0_grid.csv.tpl for ['nelayer1gr_inst:0']
2024-12-23 11:00:34.543597 finished: writing template file freyberg6_template\nelayer1gr_inst0_grid.csv.tpl for ['nelayer1gr_inst:0'] took: 0:00:00.015626
2024-12-23 11:00:34.543597 starting: writing array-based template file 'freyberg6_template\nelayer1gr_inst0_grid.csv.tpl'
2024-12-23 11:00:34.543597 saving zone array freyberg6_template\nelayer1gr_inst0_grid.csv.zone for tpl file freyberg6_template\nelayer1gr_inst0_grid.csv.tpl
2024-12-23 11:00:34.543597 finished: adding grid type m style parameters for file(s) ['freyberg_mp.ne_layer1.txt'] took: 0:00:00.031256
2024-12-23 11:00:34.543597 transform was not passed, setting default tranform to 'log'
2024-12-23 11:00:34.543597 starting: adding pilotpoints type m style parameters for file(s) ['freyberg_mp.ne_layer1.txt']
2024-12-23 11:00:34.543597 starting: using geostruct:name:struct1,nugget:0.0,structures:
name:var1,contribution:1.0,a:15000.0,anisotropy:1.0,bearing:0.0

2024-12-23 11:00:34.543597 starting: loading array freyberg6_template\freyberg_mp.ne_layer1.txt
2024-12-23 11:00:34.543597 finished: loading array freyberg6_template\freyberg_mp.ne_layer1.txt took: 0:00:00
2024-12-23 11:00:34.543597 loaded array 'freyberg_mf6\freyberg_mp.ne_layer1.txt' of shape (40, 20)
2024-12-23 11:00:34.543597 starting: writing array-style template file 'freyberg6_template\nelayer1pp_inst0_pilotpoints.csv.tpl'
2024-12-23 11:00:34.543597 starting: setting up pilot point parameters
2024-12-23 11:00:34.543597 WARNING: Directly passing 'pp_space' has been deprecated and will eventually be removed, please use pp_options['pp_space'] instead.
2024-12-23 11:00:34.543597 'use_pp_zones' not set in pp_options, Setting to default value: [False]
2024-12-23 11:00:34.543597 'spatial_reference' not set in pp_options, Setting to default value: [None]
2024-12-23 11:00:34.543597 'try_use_ppu' not set in pp_options, Setting to default value: [True]
2024-12-23 11:00:34.543597 'num_threads' not set in pp_options, Setting to default value: [10]
2024-12-23 11:00:34.543597 'minpts_interp' not set in pp_options, Setting to default value: [1]
2024-12-23 11:00:34.543597 'maxpts_interp' not set in pp_options, Setting to default value: [20]
2024-12-23 11:00:34.543597 'search_radius' not set in pp_options, Setting to default value: [10000000000.0]
2024-12-23 11:00:34.543597 'fill_value' not set in pp_options, Setting to default value: [1.0]
2024-12-23 11:00:34.543597 'lower_limit' not set in pp_options, Setting to default value: [1e-30]
2024-12-23 11:00:34.543597 'upper_limit' not set in pp_options, Setting to default value: [1e+30]
2024-12-23 11:00:34.559224 WARNING: `use_ppu` requested but failed to import
falling back to pyemu pp methods
2024-12-23 11:00:34.559224 No spatial reference (containing cell spacing) passed.
2024-12-23 11:00:34.559224 OK - using spatial reference in parent object.
2024-12-23 11:00:34.612609 29 pilot point parameters created
2024-12-23 11:00:34.612609 pilot point 'pargp':n,e,l,a,y,e,r,1,p,p
2024-12-23 11:00:34.612609 finished: setting up pilot point parameters took: 0:00:00.069012
2024-12-23 11:00:34.628239 reusing factors
2024-12-23 11:00:34.628239 starting: writing array-based template file 'freyberg6_template\nelayer1pp_inst0pp.dat.tpl'
2024-12-23 11:00:34.628239 saving zone array freyberg6_template\nelayer1pp_inst0pp.dat.zone for tpl file freyberg6_template\nelayer1pp_inst0pp.dat.tpl
2024-12-23 11:00:34.628239 finished: adding pilotpoints type m style parameters for file(s) ['freyberg_mp.ne_layer1.txt'] took: 0:00:00.084642
2024-12-23 11:00:34.628239 transform was not passed, setting default tranform to 'log'
2024-12-23 11:00:34.628239 starting: adding constant type m style parameters for file(s) ['freyberg_mp.ne_layer1.txt']
2024-12-23 11:00:34.628239 starting: using geostruct:name:struct1,nugget:0.0,structures:
name:var1,contribution:1.0,a:1000.0,anisotropy:1.0,bearing:0.0

2024-12-23 11:00:34.628239 starting: loading array freyberg6_template\freyberg_mp.ne_layer1.txt
2024-12-23 11:00:34.628239 finished: loading array freyberg6_template\freyberg_mp.ne_layer1.txt took: 0:00:00
2024-12-23 11:00:34.628239 loaded array 'freyberg_mf6\freyberg_mp.ne_layer1.txt' of shape (40, 20)
2024-12-23 11:00:34.628239 starting: writing array-style template file 'freyberg6_template\nelayer1cn_inst0_constant.csv.tpl'
2024-12-23 11:00:34.628239 starting: writing template file freyberg6_template\nelayer1cn_inst0_constant.csv.tpl for ['nelayer1cn_inst:0']
2024-12-23 11:00:34.643865 finished: writing template file freyberg6_template\nelayer1cn_inst0_constant.csv.tpl for ['nelayer1cn_inst:0'] took: 0:00:00.015626
2024-12-23 11:00:34.643865 starting: writing array-based template file 'freyberg6_template\nelayer1cn_inst0_constant.csv.tpl'
2024-12-23 11:00:34.643865 saving zone array freyberg6_template\nelayer1cn_inst0_constant.csv.zone for tpl file freyberg6_template\nelayer1cn_inst0_constant.csv.tpl
2024-12-23 11:00:34.643865 finished: adding constant type m style parameters for file(s) ['freyberg_mp.ne_layer1.txt'] took: 0:00:00.015626
2024-12-23 11:00:34.643865 transform was not passed, setting default tranform to 'log'
2024-12-23 11:00:34.643865 starting: adding grid type m style parameters for file(s) ['freyberg_mp.ne_layer2.txt']
2024-12-23 11:00:34.643865 finished: using geostruct:name:struct1,nugget:0.0,structures:
name:var1,contribution:1.0,a:1000.0,anisotropy:1.0,bearing:0.0
 took: 0:00:00.015626
2024-12-23 11:00:34.643865 starting: loading array freyberg6_template\freyberg_mp.ne_layer2.txt
2024-12-23 11:00:34.659491 finished: loading array freyberg6_template\freyberg_mp.ne_layer2.txt took: 0:00:00.015626
2024-12-23 11:00:34.659491 loaded array 'freyberg_mf6\freyberg_mp.ne_layer2.txt' of shape (40, 20)
2024-12-23 11:00:34.659491 starting: writing array-style template file 'freyberg6_template\nelayer2gr_inst0_grid.csv.tpl'
2024-12-23 11:00:34.659491 starting: writing template file freyberg6_template\nelayer2gr_inst0_grid.csv.tpl for ['nelayer2gr_inst:0']
2024-12-23 11:00:34.675117 finished: writing template file freyberg6_template\nelayer2gr_inst0_grid.csv.tpl for ['nelayer2gr_inst:0'] took: 0:00:00.015626
2024-12-23 11:00:34.675117 starting: writing array-based template file 'freyberg6_template\nelayer2gr_inst0_grid.csv.tpl'
2024-12-23 11:00:34.675117 saving zone array freyberg6_template\nelayer2gr_inst0_grid.csv.zone for tpl file freyberg6_template\nelayer2gr_inst0_grid.csv.tpl
2024-12-23 11:00:34.675117 finished: adding grid type m style parameters for file(s) ['freyberg_mp.ne_layer2.txt'] took: 0:00:00.031252
2024-12-23 11:00:34.675117 transform was not passed, setting default tranform to 'log'
2024-12-23 11:00:34.675117 starting: adding pilotpoints type m style parameters for file(s) ['freyberg_mp.ne_layer2.txt']
2024-12-23 11:00:34.675117 finished: using geostruct:name:struct1,nugget:0.0,structures:
name:var1,contribution:1.0,a:15000.0,anisotropy:1.0,bearing:0.0
 took: 0:00:00.131520
2024-12-23 11:00:34.675117 starting: loading array freyberg6_template\freyberg_mp.ne_layer2.txt
2024-12-23 11:00:34.675117 finished: loading array freyberg6_template\freyberg_mp.ne_layer2.txt took: 0:00:00
2024-12-23 11:00:34.675117 loaded array 'freyberg_mf6\freyberg_mp.ne_layer2.txt' of shape (40, 20)
2024-12-23 11:00:34.675117 starting: writing array-style template file 'freyberg6_template\nelayer2pp_inst0_pilotpoints.csv.tpl'
2024-12-23 11:00:34.675117 starting: setting up pilot point parameters
2024-12-23 11:00:34.675117 WARNING: Directly passing 'pp_space' has been deprecated and will eventually be removed, please use pp_options['pp_space'] instead.
2024-12-23 11:00:34.675117 'use_pp_zones' not set in pp_options, Setting to default value: [False]
2024-12-23 11:00:34.675117 'spatial_reference' not set in pp_options, Setting to default value: [None]
2024-12-23 11:00:34.675117 'try_use_ppu' not set in pp_options, Setting to default value: [True]
2024-12-23 11:00:34.675117 'num_threads' not set in pp_options, Setting to default value: [10]
2024-12-23 11:00:34.675117 'minpts_interp' not set in pp_options, Setting to default value: [1]
2024-12-23 11:00:34.675117 'maxpts_interp' not set in pp_options, Setting to default value: [20]
2024-12-23 11:00:34.675117 'search_radius' not set in pp_options, Setting to default value: [10000000000.0]
2024-12-23 11:00:34.675117 'fill_value' not set in pp_options, Setting to default value: [1.0]
2024-12-23 11:00:34.675117 'lower_limit' not set in pp_options, Setting to default value: [1e-30]
2024-12-23 11:00:34.675117 'upper_limit' not set in pp_options, Setting to default value: [1e+30]
2024-12-23 11:00:34.675117 WARNING: `use_ppu` requested but failed to import
falling back to pyemu pp methods
2024-12-23 11:00:34.675117 No spatial reference (containing cell spacing) passed.
2024-12-23 11:00:34.675117 OK - using spatial reference in parent object.
2024-12-23 11:00:34.744129 29 pilot point parameters created
2024-12-23 11:00:34.744129 pilot point 'pargp':n,e,l,a,y,e,r,2,p,p
2024-12-23 11:00:34.744129 finished: setting up pilot point parameters took: 0:00:00.069012
2024-12-23 11:00:34.759755 reusing factors
2024-12-23 11:00:34.759755 starting: writing array-based template file 'freyberg6_template\nelayer2pp_inst0pp.dat.tpl'
2024-12-23 11:00:34.759755 saving zone array freyberg6_template\nelayer2pp_inst0pp.dat.zone for tpl file freyberg6_template\nelayer2pp_inst0pp.dat.tpl
2024-12-23 11:00:34.759755 finished: adding pilotpoints type m style parameters for file(s) ['freyberg_mp.ne_layer2.txt'] took: 0:00:00.084638
2024-12-23 11:00:34.759755 transform was not passed, setting default tranform to 'log'
2024-12-23 11:00:34.759755 starting: adding constant type m style parameters for file(s) ['freyberg_mp.ne_layer2.txt']
2024-12-23 11:00:34.759755 starting: using geostruct:name:struct1,nugget:0.0,structures:
name:var1,contribution:1.0,a:1000.0,anisotropy:1.0,bearing:0.0

2024-12-23 11:00:34.759755 starting: loading array freyberg6_template\freyberg_mp.ne_layer2.txt
2024-12-23 11:00:34.759755 finished: loading array freyberg6_template\freyberg_mp.ne_layer2.txt took: 0:00:00
2024-12-23 11:00:34.759755 loaded array 'freyberg_mf6\freyberg_mp.ne_layer2.txt' of shape (40, 20)
2024-12-23 11:00:34.759755 starting: writing array-style template file 'freyberg6_template\nelayer2cn_inst0_constant.csv.tpl'
2024-12-23 11:00:34.759755 starting: writing template file freyberg6_template\nelayer2cn_inst0_constant.csv.tpl for ['nelayer2cn_inst:0']
2024-12-23 11:00:34.775381 finished: writing template file freyberg6_template\nelayer2cn_inst0_constant.csv.tpl for ['nelayer2cn_inst:0'] took: 0:00:00.015626
2024-12-23 11:00:34.775381 starting: writing array-based template file 'freyberg6_template\nelayer2cn_inst0_constant.csv.tpl'
2024-12-23 11:00:34.775381 saving zone array freyberg6_template\nelayer2cn_inst0_constant.csv.zone for tpl file freyberg6_template\nelayer2cn_inst0_constant.csv.tpl
2024-12-23 11:00:34.775381 finished: adding constant type m style parameters for file(s) ['freyberg_mp.ne_layer2.txt'] took: 0:00:00.015626
2024-12-23 11:00:34.775381 transform was not passed, setting default tranform to 'log'
2024-12-23 11:00:34.775381 starting: adding grid type m style parameters for file(s) ['freyberg_mp.ne_layer3.txt']
2024-12-23 11:00:34.775381 finished: using geostruct:name:struct1,nugget:0.0,structures:
name:var1,contribution:1.0,a:1000.0,anisotropy:1.0,bearing:0.0
 took: 0:00:00.015626
2024-12-23 11:00:34.775381 starting: loading array freyberg6_template\freyberg_mp.ne_layer3.txt
2024-12-23 11:00:34.791008 finished: loading array freyberg6_template\freyberg_mp.ne_layer3.txt took: 0:00:00.015627
2024-12-23 11:00:34.791008 loaded array 'freyberg_mf6\freyberg_mp.ne_layer3.txt' of shape (40, 20)
2024-12-23 11:00:34.791008 starting: writing array-style template file 'freyberg6_template\nelayer3gr_inst0_grid.csv.tpl'
2024-12-23 11:00:34.791008 starting: writing template file freyberg6_template\nelayer3gr_inst0_grid.csv.tpl for ['nelayer3gr_inst:0']
2024-12-23 11:00:34.806633 finished: writing template file freyberg6_template\nelayer3gr_inst0_grid.csv.tpl for ['nelayer3gr_inst:0'] took: 0:00:00.015625
2024-12-23 11:00:34.806633 starting: writing array-based template file 'freyberg6_template\nelayer3gr_inst0_grid.csv.tpl'
2024-12-23 11:00:34.806633 saving zone array freyberg6_template\nelayer3gr_inst0_grid.csv.zone for tpl file freyberg6_template\nelayer3gr_inst0_grid.csv.tpl
2024-12-23 11:00:34.813139 finished: adding grid type m style parameters for file(s) ['freyberg_mp.ne_layer3.txt'] took: 0:00:00.037758
2024-12-23 11:00:34.813139 transform was not passed, setting default tranform to 'log'
2024-12-23 11:00:34.813139 starting: adding pilotpoints type m style parameters for file(s) ['freyberg_mp.ne_layer3.txt']
2024-12-23 11:00:34.813139 starting: using geostruct:name:struct1,nugget:0.0,structures:
name:var1,contribution:1.0,a:15000.0,anisotropy:1.0,bearing:0.0

2024-12-23 11:00:34.813139 starting: loading array freyberg6_template\freyberg_mp.ne_layer3.txt
2024-12-23 11:00:34.813139 finished: loading array freyberg6_template\freyberg_mp.ne_layer3.txt took: 0:00:00
2024-12-23 11:00:34.813139 loaded array 'freyberg_mf6\freyberg_mp.ne_layer3.txt' of shape (40, 20)
2024-12-23 11:00:34.813139 starting: writing array-style template file 'freyberg6_template\nelayer3pp_inst0_pilotpoints.csv.tpl'
2024-12-23 11:00:34.813139 starting: setting up pilot point parameters
2024-12-23 11:00:34.813139 WARNING: Directly passing 'pp_space' has been deprecated and will eventually be removed, please use pp_options['pp_space'] instead.
2024-12-23 11:00:34.813139 'use_pp_zones' not set in pp_options, Setting to default value: [False]
2024-12-23 11:00:34.813139 'spatial_reference' not set in pp_options, Setting to default value: [None]
2024-12-23 11:00:34.813139 'try_use_ppu' not set in pp_options, Setting to default value: [True]
2024-12-23 11:00:34.813139 'num_threads' not set in pp_options, Setting to default value: [10]
2024-12-23 11:00:34.813139 'minpts_interp' not set in pp_options, Setting to default value: [1]
2024-12-23 11:00:34.813139 'maxpts_interp' not set in pp_options, Setting to default value: [20]
2024-12-23 11:00:34.813139 'search_radius' not set in pp_options, Setting to default value: [10000000000.0]
2024-12-23 11:00:34.813139 'fill_value' not set in pp_options, Setting to default value: [1.0]
2024-12-23 11:00:34.813139 'lower_limit' not set in pp_options, Setting to default value: [1e-30]
2024-12-23 11:00:34.813139 'upper_limit' not set in pp_options, Setting to default value: [1e+30]
2024-12-23 11:00:34.813139 WARNING: `use_ppu` requested but failed to import
falling back to pyemu pp methods
2024-12-23 11:00:34.813139 No spatial reference (containing cell spacing) passed.
2024-12-23 11:00:34.813139 OK - using spatial reference in parent object.
2024-12-23 11:00:34.875647 29 pilot point parameters created
2024-12-23 11:00:34.875647 pilot point 'pargp':n,e,l,a,y,e,r,3,p,p
2024-12-23 11:00:34.875647 finished: setting up pilot point parameters took: 0:00:00.062508
2024-12-23 11:00:34.875647 reusing factors
2024-12-23 11:00:34.875647 starting: writing array-based template file 'freyberg6_template\nelayer3pp_inst0pp.dat.tpl'
2024-12-23 11:00:34.875647 saving zone array freyberg6_template\nelayer3pp_inst0pp.dat.zone for tpl file freyberg6_template\nelayer3pp_inst0pp.dat.tpl
2024-12-23 11:00:34.891273 finished: adding pilotpoints type m style parameters for file(s) ['freyberg_mp.ne_layer3.txt'] took: 0:00:00.078134
2024-12-23 11:00:34.891273 transform was not passed, setting default tranform to 'log'
2024-12-23 11:00:34.891273 starting: adding constant type m style parameters for file(s) ['freyberg_mp.ne_layer3.txt']
2024-12-23 11:00:34.891273 starting: using geostruct:name:struct1,nugget:0.0,structures:
name:var1,contribution:1.0,a:1000.0,anisotropy:1.0,bearing:0.0

2024-12-23 11:00:34.891273 starting: loading array freyberg6_template\freyberg_mp.ne_layer3.txt
2024-12-23 11:00:34.891273 finished: loading array freyberg6_template\freyberg_mp.ne_layer3.txt took: 0:00:00
2024-12-23 11:00:34.891273 loaded array 'freyberg_mf6\freyberg_mp.ne_layer3.txt' of shape (40, 20)
2024-12-23 11:00:34.891273 starting: writing array-style template file 'freyberg6_template\nelayer3cn_inst0_constant.csv.tpl'
2024-12-23 11:00:34.891273 starting: writing template file freyberg6_template\nelayer3cn_inst0_constant.csv.tpl for ['nelayer3cn_inst:0']
2024-12-23 11:00:34.891273 finished: writing template file freyberg6_template\nelayer3cn_inst0_constant.csv.tpl for ['nelayer3cn_inst:0'] took: 0:00:00
2024-12-23 11:00:34.891273 starting: writing array-based template file 'freyberg6_template\nelayer3cn_inst0_constant.csv.tpl'
2024-12-23 11:00:34.891273 saving zone array freyberg6_template\nelayer3cn_inst0_constant.csv.zone for tpl file freyberg6_template\nelayer3cn_inst0_constant.csv.tpl
2024-12-23 11:00:34.906899 finished: adding constant type m style parameters for file(s) ['freyberg_mp.ne_layer3.txt'] took: 0:00:00.015626
2024-12-23 11:13:32.119018 transform was not passed, setting default tranform to 'log'
2024-12-23 11:13:32.119018 starting: adding grid type m style parameters for file(s) ['freyberg6.rch_recharge_1.txt', 'freyberg6.rch_recharge_2.txt', 'freyberg6.rch_recharge_3.txt', 'freyberg6.rch_recharge_4.txt', 'freyberg6.rch_recharge_5.txt', 'freyberg6.rch_recharge_6.txt', 'freyberg6.rch_recharge_7.txt', 'freyberg6.rch_recharge_8.txt', 'freyberg6.rch_recharge_9.txt', 'freyberg6.rch_recharge_10.txt', 'freyberg6.rch_recharge_11.txt', 'freyberg6.rch_recharge_12.txt', 'freyberg6.rch_recharge_13.txt', 'freyberg6.rch_recharge_14.txt', 'freyberg6.rch_recharge_15.txt', 'freyberg6.rch_recharge_16.txt', 'freyberg6.rch_recharge_17.txt', 'freyberg6.rch_recharge_18.txt', 'freyberg6.rch_recharge_19.txt', 'freyberg6.rch_recharge_20.txt', 'freyberg6.rch_recharge_21.txt', 'freyberg6.rch_recharge_22.txt', 'freyberg6.rch_recharge_23.txt', 'freyberg6.rch_recharge_24.txt', 'freyberg6.rch_recharge_25.txt']
2024-12-23 11:13:32.119018 finished: using geostruct:name:struct1,nugget:0.0,structures:
name:var1,contribution:1.0,a:1000.0,anisotropy:1.0,bearing:0.0
 took: 0:12:57.227745
2024-12-23 11:13:32.119018 WARNING: Discrepancy between number of filenames (25) and number of formatter strings (1). Will repeat first (free)
2024-12-23 11:13:32.119018 starting: loading array freyberg6_template\freyberg6.rch_recharge_1.txt
2024-12-23 11:13:32.134644 finished: loading array freyberg6_template\freyberg6.rch_recharge_1.txt took: 0:00:00.015626
2024-12-23 11:13:32.134644 loaded array 'freyberg_mf6\freyberg6.rch_recharge_1.txt' of shape (40, 20)
2024-12-23 11:13:32.134644 starting: loading array freyberg6_template\freyberg6.rch_recharge_2.txt
2024-12-23 11:13:32.134644 finished: loading array freyberg6_template\freyberg6.rch_recharge_2.txt took: 0:00:00
2024-12-23 11:13:32.134644 loaded array 'freyberg_mf6\freyberg6.rch_recharge_2.txt' of shape (40, 20)
2024-12-23 11:13:32.134644 starting: loading array freyberg6_template\freyberg6.rch_recharge_3.txt
2024-12-23 11:13:32.150270 finished: loading array freyberg6_template\freyberg6.rch_recharge_3.txt took: 0:00:00.015626
2024-12-23 11:13:32.150270 loaded array 'freyberg_mf6\freyberg6.rch_recharge_3.txt' of shape (40, 20)
2024-12-23 11:13:32.150270 starting: loading array freyberg6_template\freyberg6.rch_recharge_4.txt
2024-12-23 11:13:32.165895 finished: loading array freyberg6_template\freyberg6.rch_recharge_4.txt took: 0:00:00.015625
2024-12-23 11:13:32.165895 loaded array 'freyberg_mf6\freyberg6.rch_recharge_4.txt' of shape (40, 20)
2024-12-23 11:13:32.165895 starting: loading array freyberg6_template\freyberg6.rch_recharge_5.txt
2024-12-23 11:13:32.165895 finished: loading array freyberg6_template\freyberg6.rch_recharge_5.txt took: 0:00:00
2024-12-23 11:13:32.165895 loaded array 'freyberg_mf6\freyberg6.rch_recharge_5.txt' of shape (40, 20)
2024-12-23 11:13:32.165895 starting: loading array freyberg6_template\freyberg6.rch_recharge_6.txt
2024-12-23 11:13:32.181521 finished: loading array freyberg6_template\freyberg6.rch_recharge_6.txt took: 0:00:00.015626
2024-12-23 11:13:32.181521 loaded array 'freyberg_mf6\freyberg6.rch_recharge_6.txt' of shape (40, 20)
2024-12-23 11:13:32.188027 starting: loading array freyberg6_template\freyberg6.rch_recharge_7.txt
2024-12-23 11:13:32.188027 finished: loading array freyberg6_template\freyberg6.rch_recharge_7.txt took: 0:00:00
2024-12-23 11:13:32.188027 loaded array 'freyberg_mf6\freyberg6.rch_recharge_7.txt' of shape (40, 20)
2024-12-23 11:13:32.188027 starting: loading array freyberg6_template\freyberg6.rch_recharge_8.txt
2024-12-23 11:13:32.203658 finished: loading array freyberg6_template\freyberg6.rch_recharge_8.txt took: 0:00:00.015631
2024-12-23 11:13:32.203658 loaded array 'freyberg_mf6\freyberg6.rch_recharge_8.txt' of shape (40, 20)
2024-12-23 11:13:32.203658 starting: loading array freyberg6_template\freyberg6.rch_recharge_9.txt
2024-12-23 11:13:32.203658 finished: loading array freyberg6_template\freyberg6.rch_recharge_9.txt took: 0:00:00
2024-12-23 11:13:32.203658 loaded array 'freyberg_mf6\freyberg6.rch_recharge_9.txt' of shape (40, 20)
2024-12-23 11:13:32.219285 starting: loading array freyberg6_template\freyberg6.rch_recharge_10.txt
2024-12-23 11:13:32.219285 finished: loading array freyberg6_template\freyberg6.rch_recharge_10.txt took: 0:00:00
2024-12-23 11:13:32.219285 loaded array 'freyberg_mf6\freyberg6.rch_recharge_10.txt' of shape (40, 20)
2024-12-23 11:13:32.219285 starting: loading array freyberg6_template\freyberg6.rch_recharge_11.txt
2024-12-23 11:13:32.234911 finished: loading array freyberg6_template\freyberg6.rch_recharge_11.txt took: 0:00:00.015626
2024-12-23 11:13:32.234911 loaded array 'freyberg_mf6\freyberg6.rch_recharge_11.txt' of shape (40, 20)
2024-12-23 11:13:32.234911 starting: loading array freyberg6_template\freyberg6.rch_recharge_12.txt
2024-12-23 11:13:32.234911 finished: loading array freyberg6_template\freyberg6.rch_recharge_12.txt took: 0:00:00
2024-12-23 11:13:32.234911 loaded array 'freyberg_mf6\freyberg6.rch_recharge_12.txt' of shape (40, 20)
2024-12-23 11:13:32.234911 starting: loading array freyberg6_template\freyberg6.rch_recharge_13.txt
2024-12-23 11:13:32.250537 finished: loading array freyberg6_template\freyberg6.rch_recharge_13.txt took: 0:00:00.015626
2024-12-23 11:13:32.250537 loaded array 'freyberg_mf6\freyberg6.rch_recharge_13.txt' of shape (40, 20)
2024-12-23 11:13:32.250537 starting: loading array freyberg6_template\freyberg6.rch_recharge_14.txt
2024-12-23 11:13:32.266163 finished: loading array freyberg6_template\freyberg6.rch_recharge_14.txt took: 0:00:00.015626
2024-12-23 11:13:32.266163 loaded array 'freyberg_mf6\freyberg6.rch_recharge_14.txt' of shape (40, 20)
2024-12-23 11:13:32.266163 starting: loading array freyberg6_template\freyberg6.rch_recharge_15.txt
2024-12-23 11:13:32.266163 finished: loading array freyberg6_template\freyberg6.rch_recharge_15.txt took: 0:00:00
2024-12-23 11:13:32.266163 loaded array 'freyberg_mf6\freyberg6.rch_recharge_15.txt' of shape (40, 20)
2024-12-23 11:13:32.266163 starting: loading array freyberg6_template\freyberg6.rch_recharge_16.txt
2024-12-23 11:13:32.288296 finished: loading array freyberg6_template\freyberg6.rch_recharge_16.txt took: 0:00:00.022133
2024-12-23 11:13:32.288296 loaded array 'freyberg_mf6\freyberg6.rch_recharge_16.txt' of shape (40, 20)
2024-12-23 11:13:32.288296 starting: loading array freyberg6_template\freyberg6.rch_recharge_17.txt
2024-12-23 11:13:32.288296 finished: loading array freyberg6_template\freyberg6.rch_recharge_17.txt took: 0:00:00
2024-12-23 11:13:32.288296 loaded array 'freyberg_mf6\freyberg6.rch_recharge_17.txt' of shape (40, 20)
2024-12-23 11:13:32.288296 starting: loading array freyberg6_template\freyberg6.rch_recharge_18.txt
2024-12-23 11:13:32.303925 finished: loading array freyberg6_template\freyberg6.rch_recharge_18.txt took: 0:00:00.015629
2024-12-23 11:13:32.303925 loaded array 'freyberg_mf6\freyberg6.rch_recharge_18.txt' of shape (40, 20)
2024-12-23 11:13:32.303925 starting: loading array freyberg6_template\freyberg6.rch_recharge_19.txt
2024-12-23 11:13:32.303925 finished: loading array freyberg6_template\freyberg6.rch_recharge_19.txt took: 0:00:00
2024-12-23 11:13:32.303925 loaded array 'freyberg_mf6\freyberg6.rch_recharge_19.txt' of shape (40, 20)
2024-12-23 11:13:32.319551 starting: loading array freyberg6_template\freyberg6.rch_recharge_20.txt
2024-12-23 11:13:32.319551 finished: loading array freyberg6_template\freyberg6.rch_recharge_20.txt took: 0:00:00
2024-12-23 11:13:32.319551 loaded array 'freyberg_mf6\freyberg6.rch_recharge_20.txt' of shape (40, 20)
2024-12-23 11:13:32.319551 starting: loading array freyberg6_template\freyberg6.rch_recharge_21.txt
2024-12-23 11:13:32.335177 finished: loading array freyberg6_template\freyberg6.rch_recharge_21.txt took: 0:00:00.015626
2024-12-23 11:13:32.335177 loaded array 'freyberg_mf6\freyberg6.rch_recharge_21.txt' of shape (40, 20)
2024-12-23 11:13:32.335177 starting: loading array freyberg6_template\freyberg6.rch_recharge_22.txt
2024-12-23 11:13:32.335177 finished: loading array freyberg6_template\freyberg6.rch_recharge_22.txt took: 0:00:00
2024-12-23 11:13:32.335177 loaded array 'freyberg_mf6\freyberg6.rch_recharge_22.txt' of shape (40, 20)
2024-12-23 11:13:32.350804 starting: loading array freyberg6_template\freyberg6.rch_recharge_23.txt
2024-12-23 11:13:32.350804 finished: loading array freyberg6_template\freyberg6.rch_recharge_23.txt took: 0:00:00
2024-12-23 11:13:32.350804 loaded array 'freyberg_mf6\freyberg6.rch_recharge_23.txt' of shape (40, 20)
2024-12-23 11:13:32.350804 starting: loading array freyberg6_template\freyberg6.rch_recharge_24.txt
2024-12-23 11:13:32.366431 finished: loading array freyberg6_template\freyberg6.rch_recharge_24.txt took: 0:00:00.015627
2024-12-23 11:13:32.366431 loaded array 'freyberg_mf6\freyberg6.rch_recharge_24.txt' of shape (40, 20)
2024-12-23 11:13:32.366431 starting: loading array freyberg6_template\freyberg6.rch_recharge_25.txt
2024-12-23 11:13:32.366431 finished: loading array freyberg6_template\freyberg6.rch_recharge_25.txt took: 0:00:00
2024-12-23 11:13:32.366431 loaded array 'freyberg_mf6\freyberg6.rch_recharge_25.txt' of shape (40, 20)
2024-12-23 11:13:32.382056 starting: writing array-style template file 'freyberg6_template\rch_recharge_1gr_inst0_grid.csv.tpl'
2024-12-23 11:13:32.382056 starting: writing template file freyberg6_template\rch_recharge_1gr_inst0_grid.csv.tpl for ['rch_recharge_1gr_inst:0']
2024-12-23 11:13:32.388563 finished: writing template file freyberg6_template\rch_recharge_1gr_inst0_grid.csv.tpl for ['rch_recharge_1gr_inst:0'] took: 0:00:00.006507
2024-12-23 11:13:32.388563 starting: writing array-based template file 'freyberg6_template\rch_recharge_1gr_inst0_grid.csv.tpl'
2024-12-23 11:13:32.388563 saving zone array freyberg6_template\rch_recharge_1gr_inst0_grid.csv.zone for tpl file freyberg6_template\rch_recharge_1gr_inst0_grid.csv.tpl
2024-12-23 11:13:32.388563 finished: adding grid type m style parameters for file(s) ['freyberg6.rch_recharge_1.txt', 'freyberg6.rch_recharge_2.txt', 'freyberg6.rch_recharge_3.txt', 'freyberg6.rch_recharge_4.txt', 'freyberg6.rch_recharge_5.txt', 'freyberg6.rch_recharge_6.txt', 'freyberg6.rch_recharge_7.txt', 'freyberg6.rch_recharge_8.txt', 'freyberg6.rch_recharge_9.txt', 'freyberg6.rch_recharge_10.txt', 'freyberg6.rch_recharge_11.txt', 'freyberg6.rch_recharge_12.txt', 'freyberg6.rch_recharge_13.txt', 'freyberg6.rch_recharge_14.txt', 'freyberg6.rch_recharge_15.txt', 'freyberg6.rch_recharge_16.txt', 'freyberg6.rch_recharge_17.txt', 'freyberg6.rch_recharge_18.txt', 'freyberg6.rch_recharge_19.txt', 'freyberg6.rch_recharge_20.txt', 'freyberg6.rch_recharge_21.txt', 'freyberg6.rch_recharge_22.txt', 'freyberg6.rch_recharge_23.txt', 'freyberg6.rch_recharge_24.txt', 'freyberg6.rch_recharge_25.txt'] took: 0:00:00.269545
2024-12-23 11:13:32.388563 transform was not passed, setting default tranform to 'log'
2024-12-23 11:13:32.404192 starting: adding pilotpoints type m style parameters for file(s) ['freyberg6.rch_recharge_1.txt', 'freyberg6.rch_recharge_2.txt', 'freyberg6.rch_recharge_3.txt', 'freyberg6.rch_recharge_4.txt', 'freyberg6.rch_recharge_5.txt', 'freyberg6.rch_recharge_6.txt', 'freyberg6.rch_recharge_7.txt', 'freyberg6.rch_recharge_8.txt', 'freyberg6.rch_recharge_9.txt', 'freyberg6.rch_recharge_10.txt', 'freyberg6.rch_recharge_11.txt', 'freyberg6.rch_recharge_12.txt', 'freyberg6.rch_recharge_13.txt', 'freyberg6.rch_recharge_14.txt', 'freyberg6.rch_recharge_15.txt', 'freyberg6.rch_recharge_16.txt', 'freyberg6.rch_recharge_17.txt', 'freyberg6.rch_recharge_18.txt', 'freyberg6.rch_recharge_19.txt', 'freyberg6.rch_recharge_20.txt', 'freyberg6.rch_recharge_21.txt', 'freyberg6.rch_recharge_22.txt', 'freyberg6.rch_recharge_23.txt', 'freyberg6.rch_recharge_24.txt', 'freyberg6.rch_recharge_25.txt']
2024-12-23 11:13:32.404192 finished: using geostruct:name:struct1,nugget:0.0,structures:
name:var1,contribution:1.0,a:15000.0,anisotropy:1.0,bearing:0.0
 took: 0:12:57.591053
2024-12-23 11:13:32.404192 WARNING: Discrepancy between number of filenames (25) and number of formatter strings (1). Will repeat first (free)
2024-12-23 11:13:32.404192 starting: loading array freyberg6_template\freyberg6.rch_recharge_1.txt
2024-12-23 11:13:32.404192 finished: loading array freyberg6_template\freyberg6.rch_recharge_1.txt took: 0:00:00
2024-12-23 11:13:32.404192 loaded array 'freyberg_mf6\freyberg6.rch_recharge_1.txt' of shape (40, 20)
2024-12-23 11:13:32.404192 starting: loading array freyberg6_template\freyberg6.rch_recharge_2.txt
2024-12-23 11:13:32.404192 finished: loading array freyberg6_template\freyberg6.rch_recharge_2.txt took: 0:00:00
2024-12-23 11:13:32.404192 loaded array 'freyberg_mf6\freyberg6.rch_recharge_2.txt' of shape (40, 20)
2024-12-23 11:13:32.404192 starting: loading array freyberg6_template\freyberg6.rch_recharge_3.txt
2024-12-23 11:13:32.404192 finished: loading array freyberg6_template\freyberg6.rch_recharge_3.txt took: 0:00:00
2024-12-23 11:13:32.404192 loaded array 'freyberg_mf6\freyberg6.rch_recharge_3.txt' of shape (40, 20)
2024-12-23 11:13:32.404192 starting: loading array freyberg6_template\freyberg6.rch_recharge_4.txt
2024-12-23 11:13:32.404192 finished: loading array freyberg6_template\freyberg6.rch_recharge_4.txt took: 0:00:00
2024-12-23 11:13:32.404192 loaded array 'freyberg_mf6\freyberg6.rch_recharge_4.txt' of shape (40, 20)
2024-12-23 11:13:32.404192 starting: loading array freyberg6_template\freyberg6.rch_recharge_5.txt
2024-12-23 11:13:32.404192 finished: loading array freyberg6_template\freyberg6.rch_recharge_5.txt took: 0:00:00
2024-12-23 11:13:32.404192 loaded array 'freyberg_mf6\freyberg6.rch_recharge_5.txt' of shape (40, 20)
2024-12-23 11:13:32.404192 starting: loading array freyberg6_template\freyberg6.rch_recharge_6.txt
2024-12-23 11:13:32.404192 finished: loading array freyberg6_template\freyberg6.rch_recharge_6.txt took: 0:00:00
2024-12-23 11:13:32.404192 loaded array 'freyberg_mf6\freyberg6.rch_recharge_6.txt' of shape (40, 20)
2024-12-23 11:13:32.404192 starting: loading array freyberg6_template\freyberg6.rch_recharge_7.txt
2024-12-23 11:13:32.419817 finished: loading array freyberg6_template\freyberg6.rch_recharge_7.txt took: 0:00:00.015625
2024-12-23 11:13:32.419817 loaded array 'freyberg_mf6\freyberg6.rch_recharge_7.txt' of shape (40, 20)
2024-12-23 11:13:32.419817 starting: loading array freyberg6_template\freyberg6.rch_recharge_8.txt
2024-12-23 11:13:32.419817 finished: loading array freyberg6_template\freyberg6.rch_recharge_8.txt took: 0:00:00
2024-12-23 11:13:32.419817 loaded array 'freyberg_mf6\freyberg6.rch_recharge_8.txt' of shape (40, 20)
2024-12-23 11:13:32.419817 starting: loading array freyberg6_template\freyberg6.rch_recharge_9.txt
2024-12-23 11:13:32.419817 finished: loading array freyberg6_template\freyberg6.rch_recharge_9.txt took: 0:00:00
2024-12-23 11:13:32.419817 loaded array 'freyberg_mf6\freyberg6.rch_recharge_9.txt' of shape (40, 20)
2024-12-23 11:13:32.419817 starting: loading array freyberg6_template\freyberg6.rch_recharge_10.txt
2024-12-23 11:13:32.419817 finished: loading array freyberg6_template\freyberg6.rch_recharge_10.txt took: 0:00:00
2024-12-23 11:13:32.419817 loaded array 'freyberg_mf6\freyberg6.rch_recharge_10.txt' of shape (40, 20)
2024-12-23 11:13:32.419817 starting: loading array freyberg6_template\freyberg6.rch_recharge_11.txt
2024-12-23 11:13:32.419817 finished: loading array freyberg6_template\freyberg6.rch_recharge_11.txt took: 0:00:00
2024-12-23 11:13:32.419817 loaded array 'freyberg_mf6\freyberg6.rch_recharge_11.txt' of shape (40, 20)
2024-12-23 11:13:32.419817 starting: loading array freyberg6_template\freyberg6.rch_recharge_12.txt
2024-12-23 11:13:32.419817 finished: loading array freyberg6_template\freyberg6.rch_recharge_12.txt took: 0:00:00
2024-12-23 11:13:32.419817 loaded array 'freyberg_mf6\freyberg6.rch_recharge_12.txt' of shape (40, 20)
2024-12-23 11:13:32.419817 starting: loading array freyberg6_template\freyberg6.rch_recharge_13.txt
2024-12-23 11:13:32.419817 finished: loading array freyberg6_template\freyberg6.rch_recharge_13.txt took: 0:00:00
2024-12-23 11:13:32.419817 loaded array 'freyberg_mf6\freyberg6.rch_recharge_13.txt' of shape (40, 20)
2024-12-23 11:13:32.435444 starting: loading array freyberg6_template\freyberg6.rch_recharge_14.txt
2024-12-23 11:13:32.435444 finished: loading array freyberg6_template\freyberg6.rch_recharge_14.txt took: 0:00:00
2024-12-23 11:13:32.435444 loaded array 'freyberg_mf6\freyberg6.rch_recharge_14.txt' of shape (40, 20)
2024-12-23 11:13:32.435444 starting: loading array freyberg6_template\freyberg6.rch_recharge_15.txt
2024-12-23 11:13:32.435444 finished: loading array freyberg6_template\freyberg6.rch_recharge_15.txt took: 0:00:00
2024-12-23 11:13:32.435444 loaded array 'freyberg_mf6\freyberg6.rch_recharge_15.txt' of shape (40, 20)
2024-12-23 11:13:32.435444 starting: loading array freyberg6_template\freyberg6.rch_recharge_16.txt
2024-12-23 11:13:32.435444 finished: loading array freyberg6_template\freyberg6.rch_recharge_16.txt took: 0:00:00
2024-12-23 11:13:32.435444 loaded array 'freyberg_mf6\freyberg6.rch_recharge_16.txt' of shape (40, 20)
2024-12-23 11:13:32.435444 starting: loading array freyberg6_template\freyberg6.rch_recharge_17.txt
2024-12-23 11:13:32.435444 finished: loading array freyberg6_template\freyberg6.rch_recharge_17.txt took: 0:00:00
2024-12-23 11:13:32.435444 loaded array 'freyberg_mf6\freyberg6.rch_recharge_17.txt' of shape (40, 20)
2024-12-23 11:13:32.435444 starting: loading array freyberg6_template\freyberg6.rch_recharge_18.txt
2024-12-23 11:13:32.435444 finished: loading array freyberg6_template\freyberg6.rch_recharge_18.txt took: 0:00:00
2024-12-23 11:13:32.435444 loaded array 'freyberg_mf6\freyberg6.rch_recharge_18.txt' of shape (40, 20)
2024-12-23 11:13:32.435444 starting: loading array freyberg6_template\freyberg6.rch_recharge_19.txt
2024-12-23 11:13:32.435444 finished: loading array freyberg6_template\freyberg6.rch_recharge_19.txt took: 0:00:00
2024-12-23 11:13:32.435444 loaded array 'freyberg_mf6\freyberg6.rch_recharge_19.txt' of shape (40, 20)
2024-12-23 11:13:32.435444 starting: loading array freyberg6_template\freyberg6.rch_recharge_20.txt
2024-12-23 11:13:32.435444 finished: loading array freyberg6_template\freyberg6.rch_recharge_20.txt took: 0:00:00
2024-12-23 11:13:32.435444 loaded array 'freyberg_mf6\freyberg6.rch_recharge_20.txt' of shape (40, 20)
2024-12-23 11:13:32.451070 starting: loading array freyberg6_template\freyberg6.rch_recharge_21.txt
2024-12-23 11:13:32.451070 finished: loading array freyberg6_template\freyberg6.rch_recharge_21.txt took: 0:00:00
2024-12-23 11:13:32.451070 loaded array 'freyberg_mf6\freyberg6.rch_recharge_21.txt' of shape (40, 20)
2024-12-23 11:13:32.451070 starting: loading array freyberg6_template\freyberg6.rch_recharge_22.txt
2024-12-23 11:13:32.451070 finished: loading array freyberg6_template\freyberg6.rch_recharge_22.txt took: 0:00:00
2024-12-23 11:13:32.451070 loaded array 'freyberg_mf6\freyberg6.rch_recharge_22.txt' of shape (40, 20)
2024-12-23 11:13:32.451070 starting: loading array freyberg6_template\freyberg6.rch_recharge_23.txt
2024-12-23 11:13:32.451070 finished: loading array freyberg6_template\freyberg6.rch_recharge_23.txt took: 0:00:00
2024-12-23 11:13:32.451070 loaded array 'freyberg_mf6\freyberg6.rch_recharge_23.txt' of shape (40, 20)
2024-12-23 11:13:32.451070 starting: loading array freyberg6_template\freyberg6.rch_recharge_24.txt
2024-12-23 11:13:32.451070 finished: loading array freyberg6_template\freyberg6.rch_recharge_24.txt took: 0:00:00
2024-12-23 11:13:32.451070 loaded array 'freyberg_mf6\freyberg6.rch_recharge_24.txt' of shape (40, 20)
2024-12-23 11:13:32.451070 starting: loading array freyberg6_template\freyberg6.rch_recharge_25.txt
2024-12-23 11:13:32.451070 finished: loading array freyberg6_template\freyberg6.rch_recharge_25.txt took: 0:00:00
2024-12-23 11:13:32.451070 loaded array 'freyberg_mf6\freyberg6.rch_recharge_25.txt' of shape (40, 20)
2024-12-23 11:13:32.451070 starting: writing array-style template file 'freyberg6_template\rch_recharge_1pp_inst0_pilotpoints.csv.tpl'
2024-12-23 11:13:32.451070 starting: setting up pilot point parameters
2024-12-23 11:13:32.451070 WARNING: Directly passing 'pp_space' has been deprecated and will eventually be removed, please use pp_options['pp_space'] instead.
2024-12-23 11:13:32.451070 'use_pp_zones' not set in pp_options, Setting to default value: [False]
2024-12-23 11:13:32.451070 'spatial_reference' not set in pp_options, Setting to default value: [None]
2024-12-23 11:13:32.451070 'try_use_ppu' not set in pp_options, Setting to default value: [True]
2024-12-23 11:13:32.451070 'num_threads' not set in pp_options, Setting to default value: [10]
2024-12-23 11:13:32.451070 'minpts_interp' not set in pp_options, Setting to default value: [1]
2024-12-23 11:13:32.451070 'maxpts_interp' not set in pp_options, Setting to default value: [20]
2024-12-23 11:13:32.451070 'search_radius' not set in pp_options, Setting to default value: [10000000000.0]
2024-12-23 11:13:32.451070 'fill_value' not set in pp_options, Setting to default value: [1.0]
2024-12-23 11:13:32.451070 'lower_limit' not set in pp_options, Setting to default value: [1e-30]
2024-12-23 11:13:32.451070 'upper_limit' not set in pp_options, Setting to default value: [1e+30]
2024-12-23 11:13:32.451070 WARNING: `use_ppu` requested but failed to import
falling back to pyemu pp methods
2024-12-23 11:13:32.451070 No spatial reference (containing cell spacing) passed.
2024-12-23 11:13:32.451070 OK - using spatial reference in parent object.
2024-12-23 11:13:32.528935 29 pilot point parameters created
2024-12-23 11:13:32.528935 pilot point 'pargp':r,c,h,_,r,e,c,h,a,r,g,e,_,1,p,p
2024-12-23 11:13:32.528935 finished: setting up pilot point parameters took: 0:00:00.077865
2024-12-23 11:13:32.528935 reusing factors
2024-12-23 11:13:32.528935 starting: writing array-based template file 'freyberg6_template\rch_recharge_1pp_inst0pp.dat.tpl'
2024-12-23 11:13:32.528935 saving zone array freyberg6_template\rch_recharge_1pp_inst0pp.dat.zone for tpl file freyberg6_template\rch_recharge_1pp_inst0pp.dat.tpl
2024-12-23 11:13:32.528935 finished: adding pilotpoints type m style parameters for file(s) ['freyberg6.rch_recharge_1.txt', 'freyberg6.rch_recharge_2.txt', 'freyberg6.rch_recharge_3.txt', 'freyberg6.rch_recharge_4.txt', 'freyberg6.rch_recharge_5.txt', 'freyberg6.rch_recharge_6.txt', 'freyberg6.rch_recharge_7.txt', 'freyberg6.rch_recharge_8.txt', 'freyberg6.rch_recharge_9.txt', 'freyberg6.rch_recharge_10.txt', 'freyberg6.rch_recharge_11.txt', 'freyberg6.rch_recharge_12.txt', 'freyberg6.rch_recharge_13.txt', 'freyberg6.rch_recharge_14.txt', 'freyberg6.rch_recharge_15.txt', 'freyberg6.rch_recharge_16.txt', 'freyberg6.rch_recharge_17.txt', 'freyberg6.rch_recharge_18.txt', 'freyberg6.rch_recharge_19.txt', 'freyberg6.rch_recharge_20.txt', 'freyberg6.rch_recharge_21.txt', 'freyberg6.rch_recharge_22.txt', 'freyberg6.rch_recharge_23.txt', 'freyberg6.rch_recharge_24.txt', 'freyberg6.rch_recharge_25.txt'] took: 0:00:00.124743
2024-12-23 11:16:54.767244 transform was not passed, setting default tranform to 'log'
2024-12-23 11:16:54.767244 starting: adding constant type m style parameters for file(s) ['freyberg6.rch_recharge_1.txt']
2024-12-23 11:16:54.767244 starting: using geostruct:name:struct1,nugget:0.0,structures:
name:var1,contribution:1.0,a:60.0,anisotropy:1.0,bearing:0.0

2024-12-23 11:16:54.767244 WARNING: 0) Inconsistency between geostruct transform and partrans.
2024-12-23 11:16:54.767244 WARNING: 1) Setting geostruct transform to log
2024-12-23 11:16:54.767244 WARNING: -) Better to pass an appropriately transformed geostruct
2024-12-23 11:16:54.767244 starting: loading array freyberg6_template\freyberg6.rch_recharge_1.txt
2024-12-23 11:16:54.767244 finished: loading array freyberg6_template\freyberg6.rch_recharge_1.txt took: 0:00:00
2024-12-23 11:16:54.767244 loaded array 'freyberg_mf6\freyberg6.rch_recharge_1.txt' of shape (40, 20)
2024-12-23 11:16:54.767244 starting: writing array-style template file 'freyberg6_template\rch_recharge_1tcn_inst0_constant.csv.tpl'
2024-12-23 11:16:54.767244 starting: writing template file freyberg6_template\rch_recharge_1tcn_inst0_constant.csv.tpl for ['rch_recharge_1tcn_inst:0']
2024-12-23 11:16:54.782871 finished: writing template file freyberg6_template\rch_recharge_1tcn_inst0_constant.csv.tpl for ['rch_recharge_1tcn_inst:0'] took: 0:00:00.015627
2024-12-23 11:16:54.782871 starting: writing array-based template file 'freyberg6_template\rch_recharge_1tcn_inst0_constant.csv.tpl'
2024-12-23 11:16:54.782871 saving zone array freyberg6_template\rch_recharge_1tcn_inst0_constant.csv.zone for tpl file freyberg6_template\rch_recharge_1tcn_inst0_constant.csv.tpl
2024-12-23 11:16:54.782871 finished: adding constant type m style parameters for file(s) ['freyberg6.rch_recharge_1.txt'] took: 0:00:00.015627
2024-12-23 11:16:54.782871 transform was not passed, setting default tranform to 'log'
2024-12-23 11:16:54.782871 starting: adding constant type m style parameters for file(s) ['freyberg6.rch_recharge_2.txt']
2024-12-23 11:16:54.782871 finished: using geostruct:name:struct1,nugget:0.0,structures:
name:var1,contribution:1.0,a:60.0,anisotropy:1.0,bearing:0.0
 took: 0:00:00.015627
2024-12-23 11:16:54.782871 starting: loading array freyberg6_template\freyberg6.rch_recharge_2.txt
2024-12-23 11:16:54.782871 finished: loading array freyberg6_template\freyberg6.rch_recharge_2.txt took: 0:00:00
2024-12-23 11:16:54.782871 loaded array 'freyberg_mf6\freyberg6.rch_recharge_2.txt' of shape (40, 20)
2024-12-23 11:16:54.798497 starting: writing array-style template file 'freyberg6_template\rch_recharge_2tcn_inst0_constant.csv.tpl'
2024-12-23 11:16:54.798497 starting: writing template file freyberg6_template\rch_recharge_2tcn_inst0_constant.csv.tpl for ['rch_recharge_2tcn_inst:0']
2024-12-23 11:16:54.805007 finished: writing template file freyberg6_template\rch_recharge_2tcn_inst0_constant.csv.tpl for ['rch_recharge_2tcn_inst:0'] took: 0:00:00.006510
2024-12-23 11:16:54.805007 starting: writing array-based template file 'freyberg6_template\rch_recharge_2tcn_inst0_constant.csv.tpl'
2024-12-23 11:16:54.805007 saving zone array freyberg6_template\rch_recharge_2tcn_inst0_constant.csv.zone for tpl file freyberg6_template\rch_recharge_2tcn_inst0_constant.csv.tpl
2024-12-23 11:16:54.805007 finished: adding constant type m style parameters for file(s) ['freyberg6.rch_recharge_2.txt'] took: 0:00:00.022136
2024-12-23 11:16:54.805007 transform was not passed, setting default tranform to 'log'
2024-12-23 11:16:54.805007 starting: adding constant type m style parameters for file(s) ['freyberg6.rch_recharge_3.txt']
2024-12-23 11:16:54.805007 starting: using geostruct:name:struct1,nugget:0.0,structures:
name:var1,contribution:1.0,a:60.0,anisotropy:1.0,bearing:0.0

2024-12-23 11:16:54.805007 starting: loading array freyberg6_template\freyberg6.rch_recharge_3.txt
2024-12-23 11:16:54.805007 finished: loading array freyberg6_template\freyberg6.rch_recharge_3.txt took: 0:00:00
2024-12-23 11:16:54.805007 loaded array 'freyberg_mf6\freyberg6.rch_recharge_3.txt' of shape (40, 20)
2024-12-23 11:16:54.805007 starting: writing array-style template file 'freyberg6_template\rch_recharge_3tcn_inst0_constant.csv.tpl'
2024-12-23 11:16:54.805007 starting: writing template file freyberg6_template\rch_recharge_3tcn_inst0_constant.csv.tpl for ['rch_recharge_3tcn_inst:0']
2024-12-23 11:16:54.820640 finished: writing template file freyberg6_template\rch_recharge_3tcn_inst0_constant.csv.tpl for ['rch_recharge_3tcn_inst:0'] took: 0:00:00.015633
2024-12-23 11:16:54.820640 starting: writing array-based template file 'freyberg6_template\rch_recharge_3tcn_inst0_constant.csv.tpl'
2024-12-23 11:16:54.820640 saving zone array freyberg6_template\rch_recharge_3tcn_inst0_constant.csv.zone for tpl file freyberg6_template\rch_recharge_3tcn_inst0_constant.csv.tpl
2024-12-23 11:16:54.836267 finished: adding constant type m style parameters for file(s) ['freyberg6.rch_recharge_3.txt'] took: 0:00:00.031260
2024-12-23 11:16:54.836267 transform was not passed, setting default tranform to 'log'
2024-12-23 11:16:54.836267 starting: adding constant type m style parameters for file(s) ['freyberg6.rch_recharge_4.txt']
2024-12-23 11:16:54.836267 finished: using geostruct:name:struct1,nugget:0.0,structures:
name:var1,contribution:1.0,a:60.0,anisotropy:1.0,bearing:0.0
 took: 0:00:00.031260
2024-12-23 11:16:54.836267 starting: loading array freyberg6_template\freyberg6.rch_recharge_4.txt
2024-12-23 11:16:54.836267 finished: loading array freyberg6_template\freyberg6.rch_recharge_4.txt took: 0:00:00
2024-12-23 11:16:54.836267 loaded array 'freyberg_mf6\freyberg6.rch_recharge_4.txt' of shape (40, 20)
2024-12-23 11:16:54.836267 starting: writing array-style template file 'freyberg6_template\rch_recharge_4tcn_inst0_constant.csv.tpl'
2024-12-23 11:16:54.836267 starting: writing template file freyberg6_template\rch_recharge_4tcn_inst0_constant.csv.tpl for ['rch_recharge_4tcn_inst:0']
2024-12-23 11:16:54.836267 finished: writing template file freyberg6_template\rch_recharge_4tcn_inst0_constant.csv.tpl for ['rch_recharge_4tcn_inst:0'] took: 0:00:00
2024-12-23 11:16:54.836267 starting: writing array-based template file 'freyberg6_template\rch_recharge_4tcn_inst0_constant.csv.tpl'
2024-12-23 11:16:54.836267 saving zone array freyberg6_template\rch_recharge_4tcn_inst0_constant.csv.zone for tpl file freyberg6_template\rch_recharge_4tcn_inst0_constant.csv.tpl
2024-12-23 11:16:54.851891 finished: adding constant type m style parameters for file(s) ['freyberg6.rch_recharge_4.txt'] took: 0:00:00.015624
2024-12-23 11:16:54.851891 transform was not passed, setting default tranform to 'log'
2024-12-23 11:16:54.851891 starting: adding constant type m style parameters for file(s) ['freyberg6.rch_recharge_5.txt']
2024-12-23 11:16:54.851891 starting: using geostruct:name:struct1,nugget:0.0,structures:
name:var1,contribution:1.0,a:60.0,anisotropy:1.0,bearing:0.0

2024-12-23 11:16:54.851891 starting: loading array freyberg6_template\freyberg6.rch_recharge_5.txt
2024-12-23 11:16:54.851891 finished: loading array freyberg6_template\freyberg6.rch_recharge_5.txt took: 0:00:00
2024-12-23 11:16:54.851891 loaded array 'freyberg_mf6\freyberg6.rch_recharge_5.txt' of shape (40, 20)
2024-12-23 11:16:54.851891 starting: writing array-style template file 'freyberg6_template\rch_recharge_5tcn_inst0_constant.csv.tpl'
2024-12-23 11:16:54.851891 starting: writing template file freyberg6_template\rch_recharge_5tcn_inst0_constant.csv.tpl for ['rch_recharge_5tcn_inst:0']
2024-12-23 11:16:54.851891 finished: writing template file freyberg6_template\rch_recharge_5tcn_inst0_constant.csv.tpl for ['rch_recharge_5tcn_inst:0'] took: 0:00:00
2024-12-23 11:16:54.851891 starting: writing array-based template file 'freyberg6_template\rch_recharge_5tcn_inst0_constant.csv.tpl'
2024-12-23 11:16:54.851891 saving zone array freyberg6_template\rch_recharge_5tcn_inst0_constant.csv.zone for tpl file freyberg6_template\rch_recharge_5tcn_inst0_constant.csv.tpl
2024-12-23 11:16:54.867517 finished: adding constant type m style parameters for file(s) ['freyberg6.rch_recharge_5.txt'] took: 0:00:00.015626
2024-12-23 11:16:54.867517 transform was not passed, setting default tranform to 'log'
2024-12-23 11:16:54.867517 starting: adding constant type m style parameters for file(s) ['freyberg6.rch_recharge_6.txt']
2024-12-23 11:16:54.867517 finished: using geostruct:name:struct1,nugget:0.0,structures:
name:var1,contribution:1.0,a:60.0,anisotropy:1.0,bearing:0.0
 took: 0:00:00.015626
2024-12-23 11:16:54.867517 starting: loading array freyberg6_template\freyberg6.rch_recharge_6.txt
2024-12-23 11:16:54.867517 finished: loading array freyberg6_template\freyberg6.rch_recharge_6.txt took: 0:00:00
2024-12-23 11:16:54.867517 loaded array 'freyberg_mf6\freyberg6.rch_recharge_6.txt' of shape (40, 20)
2024-12-23 11:16:54.867517 starting: writing array-style template file 'freyberg6_template\rch_recharge_6tcn_inst0_constant.csv.tpl'
2024-12-23 11:16:54.867517 starting: writing template file freyberg6_template\rch_recharge_6tcn_inst0_constant.csv.tpl for ['rch_recharge_6tcn_inst:0']
2024-12-23 11:16:54.883143 finished: writing template file freyberg6_template\rch_recharge_6tcn_inst0_constant.csv.tpl for ['rch_recharge_6tcn_inst:0'] took: 0:00:00.015626
2024-12-23 11:16:54.883143 starting: writing array-based template file 'freyberg6_template\rch_recharge_6tcn_inst0_constant.csv.tpl'
2024-12-23 11:16:54.883143 saving zone array freyberg6_template\rch_recharge_6tcn_inst0_constant.csv.zone for tpl file freyberg6_template\rch_recharge_6tcn_inst0_constant.csv.tpl
2024-12-23 11:16:54.883143 finished: adding constant type m style parameters for file(s) ['freyberg6.rch_recharge_6.txt'] took: 0:00:00.015626
2024-12-23 11:16:54.883143 transform was not passed, setting default tranform to 'log'
2024-12-23 11:16:54.883143 starting: adding constant type m style parameters for file(s) ['freyberg6.rch_recharge_7.txt']
2024-12-23 11:16:54.883143 starting: using geostruct:name:struct1,nugget:0.0,structures:
name:var1,contribution:1.0,a:60.0,anisotropy:1.0,bearing:0.0

2024-12-23 11:16:54.883143 starting: loading array freyberg6_template\freyberg6.rch_recharge_7.txt
2024-12-23 11:16:54.883143 finished: loading array freyberg6_template\freyberg6.rch_recharge_7.txt took: 0:00:00
2024-12-23 11:16:54.883143 loaded array 'freyberg_mf6\freyberg6.rch_recharge_7.txt' of shape (40, 20)
2024-12-23 11:16:54.883143 starting: writing array-style template file 'freyberg6_template\rch_recharge_7tcn_inst0_constant.csv.tpl'
2024-12-23 11:16:54.883143 starting: writing template file freyberg6_template\rch_recharge_7tcn_inst0_constant.csv.tpl for ['rch_recharge_7tcn_inst:0']
2024-12-23 11:16:54.898769 finished: writing template file freyberg6_template\rch_recharge_7tcn_inst0_constant.csv.tpl for ['rch_recharge_7tcn_inst:0'] took: 0:00:00.015626
2024-12-23 11:16:54.898769 starting: writing array-based template file 'freyberg6_template\rch_recharge_7tcn_inst0_constant.csv.tpl'
2024-12-23 11:16:54.898769 saving zone array freyberg6_template\rch_recharge_7tcn_inst0_constant.csv.zone for tpl file freyberg6_template\rch_recharge_7tcn_inst0_constant.csv.tpl
2024-12-23 11:16:54.905276 finished: adding constant type m style parameters for file(s) ['freyberg6.rch_recharge_7.txt'] took: 0:00:00.022133
2024-12-23 11:16:54.905276 transform was not passed, setting default tranform to 'log'
2024-12-23 11:16:54.905276 starting: adding constant type m style parameters for file(s) ['freyberg6.rch_recharge_8.txt']
2024-12-23 11:16:54.905276 finished: using geostruct:name:struct1,nugget:0.0,structures:
name:var1,contribution:1.0,a:60.0,anisotropy:1.0,bearing:0.0
 took: 0:00:00.022133
2024-12-23 11:16:54.905276 starting: loading array freyberg6_template\freyberg6.rch_recharge_8.txt
2024-12-23 11:16:54.905276 finished: loading array freyberg6_template\freyberg6.rch_recharge_8.txt took: 0:00:00
2024-12-23 11:16:54.905276 loaded array 'freyberg_mf6\freyberg6.rch_recharge_8.txt' of shape (40, 20)
2024-12-23 11:16:54.905276 starting: writing array-style template file 'freyberg6_template\rch_recharge_8tcn_inst0_constant.csv.tpl'
2024-12-23 11:16:54.905276 starting: writing template file freyberg6_template\rch_recharge_8tcn_inst0_constant.csv.tpl for ['rch_recharge_8tcn_inst:0']
2024-12-23 11:16:54.905276 finished: writing template file freyberg6_template\rch_recharge_8tcn_inst0_constant.csv.tpl for ['rch_recharge_8tcn_inst:0'] took: 0:00:00
2024-12-23 11:16:54.905276 starting: writing array-based template file 'freyberg6_template\rch_recharge_8tcn_inst0_constant.csv.tpl'
2024-12-23 11:16:54.905276 saving zone array freyberg6_template\rch_recharge_8tcn_inst0_constant.csv.zone for tpl file freyberg6_template\rch_recharge_8tcn_inst0_constant.csv.tpl
2024-12-23 11:16:54.920906 finished: adding constant type m style parameters for file(s) ['freyberg6.rch_recharge_8.txt'] took: 0:00:00.015630
2024-12-23 11:16:54.920906 transform was not passed, setting default tranform to 'log'
2024-12-23 11:16:54.920906 starting: adding constant type m style parameters for file(s) ['freyberg6.rch_recharge_9.txt']
2024-12-23 11:16:54.920906 starting: using geostruct:name:struct1,nugget:0.0,structures:
name:var1,contribution:1.0,a:60.0,anisotropy:1.0,bearing:0.0

2024-12-23 11:16:54.920906 starting: loading array freyberg6_template\freyberg6.rch_recharge_9.txt
2024-12-23 11:16:54.920906 finished: loading array freyberg6_template\freyberg6.rch_recharge_9.txt took: 0:00:00
2024-12-23 11:16:54.920906 loaded array 'freyberg_mf6\freyberg6.rch_recharge_9.txt' of shape (40, 20)
2024-12-23 11:16:54.920906 starting: writing array-style template file 'freyberg6_template\rch_recharge_9tcn_inst0_constant.csv.tpl'
2024-12-23 11:16:54.920906 starting: writing template file freyberg6_template\rch_recharge_9tcn_inst0_constant.csv.tpl for ['rch_recharge_9tcn_inst:0']
2024-12-23 11:16:54.936532 finished: writing template file freyberg6_template\rch_recharge_9tcn_inst0_constant.csv.tpl for ['rch_recharge_9tcn_inst:0'] took: 0:00:00.015626
2024-12-23 11:16:54.936532 starting: writing array-based template file 'freyberg6_template\rch_recharge_9tcn_inst0_constant.csv.tpl'
2024-12-23 11:16:54.936532 saving zone array freyberg6_template\rch_recharge_9tcn_inst0_constant.csv.zone for tpl file freyberg6_template\rch_recharge_9tcn_inst0_constant.csv.tpl
2024-12-23 11:16:54.936532 finished: adding constant type m style parameters for file(s) ['freyberg6.rch_recharge_9.txt'] took: 0:00:00.015626
2024-12-23 11:16:54.936532 transform was not passed, setting default tranform to 'log'
2024-12-23 11:16:54.936532 starting: adding constant type m style parameters for file(s) ['freyberg6.rch_recharge_10.txt']
2024-12-23 11:16:54.936532 finished: using geostruct:name:struct1,nugget:0.0,structures:
name:var1,contribution:1.0,a:60.0,anisotropy:1.0,bearing:0.0
 took: 0:00:00.015626
2024-12-23 11:16:54.936532 starting: loading array freyberg6_template\freyberg6.rch_recharge_10.txt
2024-12-23 11:16:54.936532 finished: loading array freyberg6_template\freyberg6.rch_recharge_10.txt took: 0:00:00
2024-12-23 11:16:54.936532 loaded array 'freyberg_mf6\freyberg6.rch_recharge_10.txt' of shape (40, 20)
2024-12-23 11:16:54.936532 starting: writing array-style template file 'freyberg6_template\rch_recharge_10tcn_inst0_constant.csv.tpl'
2024-12-23 11:16:54.936532 starting: writing template file freyberg6_template\rch_recharge_10tcn_inst0_constant.csv.tpl for ['rch_recharge_10tcn_inst:0']
2024-12-23 11:16:54.952158 finished: writing template file freyberg6_template\rch_recharge_10tcn_inst0_constant.csv.tpl for ['rch_recharge_10tcn_inst:0'] took: 0:00:00.015626
2024-12-23 11:16:54.952158 starting: writing array-based template file 'freyberg6_template\rch_recharge_10tcn_inst0_constant.csv.tpl'
2024-12-23 11:16:54.952158 saving zone array freyberg6_template\rch_recharge_10tcn_inst0_constant.csv.zone for tpl file freyberg6_template\rch_recharge_10tcn_inst0_constant.csv.tpl
2024-12-23 11:16:54.952158 finished: adding constant type m style parameters for file(s) ['freyberg6.rch_recharge_10.txt'] took: 0:00:00.015626
2024-12-23 11:16:54.952158 transform was not passed, setting default tranform to 'log'
2024-12-23 11:16:54.952158 starting: adding constant type m style parameters for file(s) ['freyberg6.rch_recharge_11.txt']
2024-12-23 11:16:54.952158 starting: using geostruct:name:struct1,nugget:0.0,structures:
name:var1,contribution:1.0,a:60.0,anisotropy:1.0,bearing:0.0

2024-12-23 11:16:54.952158 starting: loading array freyberg6_template\freyberg6.rch_recharge_11.txt
2024-12-23 11:16:54.952158 finished: loading array freyberg6_template\freyberg6.rch_recharge_11.txt took: 0:00:00
2024-12-23 11:16:54.952158 loaded array 'freyberg_mf6\freyberg6.rch_recharge_11.txt' of shape (40, 20)
2024-12-23 11:16:54.952158 starting: writing array-style template file 'freyberg6_template\rch_recharge_11tcn_inst0_constant.csv.tpl'
2024-12-23 11:16:54.952158 starting: writing template file freyberg6_template\rch_recharge_11tcn_inst0_constant.csv.tpl for ['rch_recharge_11tcn_inst:0']
2024-12-23 11:16:54.967784 finished: writing template file freyberg6_template\rch_recharge_11tcn_inst0_constant.csv.tpl for ['rch_recharge_11tcn_inst:0'] took: 0:00:00.015626
2024-12-23 11:16:54.967784 starting: writing array-based template file 'freyberg6_template\rch_recharge_11tcn_inst0_constant.csv.tpl'
2024-12-23 11:16:54.967784 saving zone array freyberg6_template\rch_recharge_11tcn_inst0_constant.csv.zone for tpl file freyberg6_template\rch_recharge_11tcn_inst0_constant.csv.tpl
2024-12-23 11:16:54.967784 finished: adding constant type m style parameters for file(s) ['freyberg6.rch_recharge_11.txt'] took: 0:00:00.015626
2024-12-23 11:16:54.967784 transform was not passed, setting default tranform to 'log'
2024-12-23 11:16:54.967784 starting: adding constant type m style parameters for file(s) ['freyberg6.rch_recharge_12.txt']
2024-12-23 11:16:54.967784 finished: using geostruct:name:struct1,nugget:0.0,structures:
name:var1,contribution:1.0,a:60.0,anisotropy:1.0,bearing:0.0
 took: 0:00:00.015626
2024-12-23 11:16:54.967784 starting: loading array freyberg6_template\freyberg6.rch_recharge_12.txt
2024-12-23 11:16:54.967784 finished: loading array freyberg6_template\freyberg6.rch_recharge_12.txt took: 0:00:00
2024-12-23 11:16:54.967784 loaded array 'freyberg_mf6\freyberg6.rch_recharge_12.txt' of shape (40, 20)
2024-12-23 11:16:54.967784 starting: writing array-style template file 'freyberg6_template\rch_recharge_12tcn_inst0_constant.csv.tpl'
2024-12-23 11:16:54.967784 starting: writing template file freyberg6_template\rch_recharge_12tcn_inst0_constant.csv.tpl for ['rch_recharge_12tcn_inst:0']
2024-12-23 11:16:54.983410 finished: writing template file freyberg6_template\rch_recharge_12tcn_inst0_constant.csv.tpl for ['rch_recharge_12tcn_inst:0'] took: 0:00:00.015626
2024-12-23 11:16:54.983410 starting: writing array-based template file 'freyberg6_template\rch_recharge_12tcn_inst0_constant.csv.tpl'
2024-12-23 11:16:54.983410 saving zone array freyberg6_template\rch_recharge_12tcn_inst0_constant.csv.zone for tpl file freyberg6_template\rch_recharge_12tcn_inst0_constant.csv.tpl
2024-12-23 11:16:54.983410 finished: adding constant type m style parameters for file(s) ['freyberg6.rch_recharge_12.txt'] took: 0:00:00.015626
2024-12-23 11:16:54.983410 transform was not passed, setting default tranform to 'log'
2024-12-23 11:16:54.983410 starting: adding constant type m style parameters for file(s) ['freyberg6.rch_recharge_13.txt']
2024-12-23 11:16:54.983410 starting: using geostruct:name:struct1,nugget:0.0,structures:
name:var1,contribution:1.0,a:60.0,anisotropy:1.0,bearing:0.0

2024-12-23 11:16:54.983410 starting: loading array freyberg6_template\freyberg6.rch_recharge_13.txt
2024-12-23 11:16:54.983410 finished: loading array freyberg6_template\freyberg6.rch_recharge_13.txt took: 0:00:00
2024-12-23 11:16:54.983410 loaded array 'freyberg_mf6\freyberg6.rch_recharge_13.txt' of shape (40, 20)
2024-12-23 11:16:54.999036 starting: writing array-style template file 'freyberg6_template\rch_recharge_13tcn_inst0_constant.csv.tpl'
2024-12-23 11:16:54.999036 starting: writing template file freyberg6_template\rch_recharge_13tcn_inst0_constant.csv.tpl for ['rch_recharge_13tcn_inst:0']
2024-12-23 11:16:55.005542 finished: writing template file freyberg6_template\rch_recharge_13tcn_inst0_constant.csv.tpl for ['rch_recharge_13tcn_inst:0'] took: 0:00:00.006506
2024-12-23 11:16:55.005542 starting: writing array-based template file 'freyberg6_template\rch_recharge_13tcn_inst0_constant.csv.tpl'
2024-12-23 11:16:55.005542 saving zone array freyberg6_template\rch_recharge_13tcn_inst0_constant.csv.zone for tpl file freyberg6_template\rch_recharge_13tcn_inst0_constant.csv.tpl
2024-12-23 11:16:55.005542 finished: adding constant type m style parameters for file(s) ['freyberg6.rch_recharge_13.txt'] took: 0:00:00.022132
2024-12-23 11:16:55.005542 transform was not passed, setting default tranform to 'log'
2024-12-23 11:16:55.005542 starting: adding constant type m style parameters for file(s) ['freyberg6.rch_recharge_14.txt']
2024-12-23 11:16:55.005542 finished: using geostruct:name:struct1,nugget:0.0,structures:
name:var1,contribution:1.0,a:60.0,anisotropy:1.0,bearing:0.0
 took: 0:00:00.022132
2024-12-23 11:16:55.005542 starting: loading array freyberg6_template\freyberg6.rch_recharge_14.txt
2024-12-23 11:16:55.005542 finished: loading array freyberg6_template\freyberg6.rch_recharge_14.txt took: 0:00:00
2024-12-23 11:16:55.005542 loaded array 'freyberg_mf6\freyberg6.rch_recharge_14.txt' of shape (40, 20)
2024-12-23 11:16:55.005542 starting: writing array-style template file 'freyberg6_template\rch_recharge_14tcn_inst0_constant.csv.tpl'
2024-12-23 11:16:55.005542 starting: writing template file freyberg6_template\rch_recharge_14tcn_inst0_constant.csv.tpl for ['rch_recharge_14tcn_inst:0']
2024-12-23 11:16:55.021172 finished: writing template file freyberg6_template\rch_recharge_14tcn_inst0_constant.csv.tpl for ['rch_recharge_14tcn_inst:0'] took: 0:00:00.015630
2024-12-23 11:16:55.021172 starting: writing array-based template file 'freyberg6_template\rch_recharge_14tcn_inst0_constant.csv.tpl'
2024-12-23 11:16:55.021172 saving zone array freyberg6_template\rch_recharge_14tcn_inst0_constant.csv.zone for tpl file freyberg6_template\rch_recharge_14tcn_inst0_constant.csv.tpl
2024-12-23 11:16:55.021172 finished: adding constant type m style parameters for file(s) ['freyberg6.rch_recharge_14.txt'] took: 0:00:00.015630
2024-12-23 11:16:55.021172 transform was not passed, setting default tranform to 'log'
2024-12-23 11:16:55.021172 starting: adding constant type m style parameters for file(s) ['freyberg6.rch_recharge_15.txt']
2024-12-23 11:16:55.021172 starting: using geostruct:name:struct1,nugget:0.0,structures:
name:var1,contribution:1.0,a:60.0,anisotropy:1.0,bearing:0.0

2024-12-23 11:16:55.021172 starting: loading array freyberg6_template\freyberg6.rch_recharge_15.txt
2024-12-23 11:16:55.021172 finished: loading array freyberg6_template\freyberg6.rch_recharge_15.txt took: 0:00:00
2024-12-23 11:16:55.021172 loaded array 'freyberg_mf6\freyberg6.rch_recharge_15.txt' of shape (40, 20)
2024-12-23 11:16:55.021172 starting: writing array-style template file 'freyberg6_template\rch_recharge_15tcn_inst0_constant.csv.tpl'
2024-12-23 11:16:55.021172 starting: writing template file freyberg6_template\rch_recharge_15tcn_inst0_constant.csv.tpl for ['rch_recharge_15tcn_inst:0']
2024-12-23 11:16:55.036797 finished: writing template file freyberg6_template\rch_recharge_15tcn_inst0_constant.csv.tpl for ['rch_recharge_15tcn_inst:0'] took: 0:00:00.015625
2024-12-23 11:16:55.036797 starting: writing array-based template file 'freyberg6_template\rch_recharge_15tcn_inst0_constant.csv.tpl'
2024-12-23 11:16:55.036797 saving zone array freyberg6_template\rch_recharge_15tcn_inst0_constant.csv.zone for tpl file freyberg6_template\rch_recharge_15tcn_inst0_constant.csv.tpl
2024-12-23 11:16:55.036797 finished: adding constant type m style parameters for file(s) ['freyberg6.rch_recharge_15.txt'] took: 0:00:00.015625
2024-12-23 11:16:55.036797 transform was not passed, setting default tranform to 'log'
2024-12-23 11:16:55.036797 starting: adding constant type m style parameters for file(s) ['freyberg6.rch_recharge_16.txt']
2024-12-23 11:16:55.036797 finished: using geostruct:name:struct1,nugget:0.0,structures:
name:var1,contribution:1.0,a:60.0,anisotropy:1.0,bearing:0.0
 took: 0:00:00.015625
2024-12-23 11:16:55.036797 starting: loading array freyberg6_template\freyberg6.rch_recharge_16.txt
2024-12-23 11:16:55.036797 finished: loading array freyberg6_template\freyberg6.rch_recharge_16.txt took: 0:00:00
2024-12-23 11:16:55.036797 loaded array 'freyberg_mf6\freyberg6.rch_recharge_16.txt' of shape (40, 20)
2024-12-23 11:16:55.036797 starting: writing array-style template file 'freyberg6_template\rch_recharge_16tcn_inst0_constant.csv.tpl'
2024-12-23 11:16:55.036797 starting: writing template file freyberg6_template\rch_recharge_16tcn_inst0_constant.csv.tpl for ['rch_recharge_16tcn_inst:0']
2024-12-23 11:16:55.052423 finished: writing template file freyberg6_template\rch_recharge_16tcn_inst0_constant.csv.tpl for ['rch_recharge_16tcn_inst:0'] took: 0:00:00.015626
2024-12-23 11:16:55.052423 starting: writing array-based template file 'freyberg6_template\rch_recharge_16tcn_inst0_constant.csv.tpl'
2024-12-23 11:16:55.052423 saving zone array freyberg6_template\rch_recharge_16tcn_inst0_constant.csv.zone for tpl file freyberg6_template\rch_recharge_16tcn_inst0_constant.csv.tpl
2024-12-23 11:16:55.052423 finished: adding constant type m style parameters for file(s) ['freyberg6.rch_recharge_16.txt'] took: 0:00:00.015626
2024-12-23 11:16:55.052423 transform was not passed, setting default tranform to 'log'
2024-12-23 11:16:55.052423 starting: adding constant type m style parameters for file(s) ['freyberg6.rch_recharge_17.txt']
2024-12-23 11:16:55.052423 starting: using geostruct:name:struct1,nugget:0.0,structures:
name:var1,contribution:1.0,a:60.0,anisotropy:1.0,bearing:0.0

2024-12-23 11:16:55.052423 starting: loading array freyberg6_template\freyberg6.rch_recharge_17.txt
2024-12-23 11:16:55.052423 finished: loading array freyberg6_template\freyberg6.rch_recharge_17.txt took: 0:00:00
2024-12-23 11:16:55.052423 loaded array 'freyberg_mf6\freyberg6.rch_recharge_17.txt' of shape (40, 20)
2024-12-23 11:16:55.068049 starting: writing array-style template file 'freyberg6_template\rch_recharge_17tcn_inst0_constant.csv.tpl'
2024-12-23 11:16:55.068049 starting: writing template file freyberg6_template\rch_recharge_17tcn_inst0_constant.csv.tpl for ['rch_recharge_17tcn_inst:0']
2024-12-23 11:16:55.068049 finished: writing template file freyberg6_template\rch_recharge_17tcn_inst0_constant.csv.tpl for ['rch_recharge_17tcn_inst:0'] took: 0:00:00
2024-12-23 11:16:55.068049 starting: writing array-based template file 'freyberg6_template\rch_recharge_17tcn_inst0_constant.csv.tpl'
2024-12-23 11:16:55.068049 saving zone array freyberg6_template\rch_recharge_17tcn_inst0_constant.csv.zone for tpl file freyberg6_template\rch_recharge_17tcn_inst0_constant.csv.tpl
2024-12-23 11:16:55.083676 finished: adding constant type m style parameters for file(s) ['freyberg6.rch_recharge_17.txt'] took: 0:00:00.031253
2024-12-23 11:16:55.083676 transform was not passed, setting default tranform to 'log'
2024-12-23 11:16:55.083676 starting: adding constant type m style parameters for file(s) ['freyberg6.rch_recharge_18.txt']
2024-12-23 11:16:55.083676 finished: using geostruct:name:struct1,nugget:0.0,structures:
name:var1,contribution:1.0,a:60.0,anisotropy:1.0,bearing:0.0
 took: 0:00:00.031253
2024-12-23 11:16:55.083676 starting: loading array freyberg6_template\freyberg6.rch_recharge_18.txt
2024-12-23 11:16:55.083676 finished: loading array freyberg6_template\freyberg6.rch_recharge_18.txt took: 0:00:00
2024-12-23 11:16:55.083676 loaded array 'freyberg_mf6\freyberg6.rch_recharge_18.txt' of shape (40, 20)
2024-12-23 11:16:55.083676 starting: writing array-style template file 'freyberg6_template\rch_recharge_18tcn_inst0_constant.csv.tpl'
2024-12-23 11:16:55.083676 starting: writing template file freyberg6_template\rch_recharge_18tcn_inst0_constant.csv.tpl for ['rch_recharge_18tcn_inst:0']
2024-12-23 11:16:55.083676 finished: writing template file freyberg6_template\rch_recharge_18tcn_inst0_constant.csv.tpl for ['rch_recharge_18tcn_inst:0'] took: 0:00:00
2024-12-23 11:16:55.083676 starting: writing array-based template file 'freyberg6_template\rch_recharge_18tcn_inst0_constant.csv.tpl'
2024-12-23 11:16:55.083676 saving zone array freyberg6_template\rch_recharge_18tcn_inst0_constant.csv.zone for tpl file freyberg6_template\rch_recharge_18tcn_inst0_constant.csv.tpl
2024-12-23 11:16:55.099301 finished: adding constant type m style parameters for file(s) ['freyberg6.rch_recharge_18.txt'] took: 0:00:00.015625
2024-12-23 11:16:55.099301 transform was not passed, setting default tranform to 'log'
2024-12-23 11:16:55.099301 starting: adding constant type m style parameters for file(s) ['freyberg6.rch_recharge_19.txt']
2024-12-23 11:16:55.099301 starting: using geostruct:name:struct1,nugget:0.0,structures:
name:var1,contribution:1.0,a:60.0,anisotropy:1.0,bearing:0.0

2024-12-23 11:16:55.099301 starting: loading array freyberg6_template\freyberg6.rch_recharge_19.txt
2024-12-23 11:16:55.099301 finished: loading array freyberg6_template\freyberg6.rch_recharge_19.txt took: 0:00:00
2024-12-23 11:16:55.099301 loaded array 'freyberg_mf6\freyberg6.rch_recharge_19.txt' of shape (40, 20)
2024-12-23 11:16:55.099301 starting: writing array-style template file 'freyberg6_template\rch_recharge_19tcn_inst0_constant.csv.tpl'
2024-12-23 11:16:55.099301 starting: writing template file freyberg6_template\rch_recharge_19tcn_inst0_constant.csv.tpl for ['rch_recharge_19tcn_inst:0']
2024-12-23 11:16:55.105807 finished: writing template file freyberg6_template\rch_recharge_19tcn_inst0_constant.csv.tpl for ['rch_recharge_19tcn_inst:0'] took: 0:00:00.006506
2024-12-23 11:16:55.105807 starting: writing array-based template file 'freyberg6_template\rch_recharge_19tcn_inst0_constant.csv.tpl'
2024-12-23 11:16:55.105807 saving zone array freyberg6_template\rch_recharge_19tcn_inst0_constant.csv.zone for tpl file freyberg6_template\rch_recharge_19tcn_inst0_constant.csv.tpl
2024-12-23 11:16:55.105807 finished: adding constant type m style parameters for file(s) ['freyberg6.rch_recharge_19.txt'] took: 0:00:00.006506
2024-12-23 11:16:55.105807 transform was not passed, setting default tranform to 'log'
2024-12-23 11:16:55.105807 starting: adding constant type m style parameters for file(s) ['freyberg6.rch_recharge_20.txt']
2024-12-23 11:16:55.105807 finished: using geostruct:name:struct1,nugget:0.0,structures:
name:var1,contribution:1.0,a:60.0,anisotropy:1.0,bearing:0.0
 took: 0:00:00.006506
2024-12-23 11:16:55.105807 starting: loading array freyberg6_template\freyberg6.rch_recharge_20.txt
2024-12-23 11:16:55.105807 finished: loading array freyberg6_template\freyberg6.rch_recharge_20.txt took: 0:00:00
2024-12-23 11:16:55.105807 loaded array 'freyberg_mf6\freyberg6.rch_recharge_20.txt' of shape (40, 20)
2024-12-23 11:16:55.121436 starting: writing array-style template file 'freyberg6_template\rch_recharge_20tcn_inst0_constant.csv.tpl'
2024-12-23 11:16:55.121436 starting: writing template file freyberg6_template\rch_recharge_20tcn_inst0_constant.csv.tpl for ['rch_recharge_20tcn_inst:0']
2024-12-23 11:16:55.121436 finished: writing template file freyberg6_template\rch_recharge_20tcn_inst0_constant.csv.tpl for ['rch_recharge_20tcn_inst:0'] took: 0:00:00
2024-12-23 11:16:55.121436 starting: writing array-based template file 'freyberg6_template\rch_recharge_20tcn_inst0_constant.csv.tpl'
2024-12-23 11:16:55.121436 saving zone array freyberg6_template\rch_recharge_20tcn_inst0_constant.csv.zone for tpl file freyberg6_template\rch_recharge_20tcn_inst0_constant.csv.tpl
2024-12-23 11:16:55.137062 finished: adding constant type m style parameters for file(s) ['freyberg6.rch_recharge_20.txt'] took: 0:00:00.031255
2024-12-23 11:16:55.137062 transform was not passed, setting default tranform to 'log'
2024-12-23 11:16:55.137062 starting: adding constant type m style parameters for file(s) ['freyberg6.rch_recharge_21.txt']
2024-12-23 11:16:55.137062 starting: using geostruct:name:struct1,nugget:0.0,structures:
name:var1,contribution:1.0,a:60.0,anisotropy:1.0,bearing:0.0

2024-12-23 11:16:55.137062 starting: loading array freyberg6_template\freyberg6.rch_recharge_21.txt
2024-12-23 11:16:55.137062 finished: loading array freyberg6_template\freyberg6.rch_recharge_21.txt took: 0:00:00
2024-12-23 11:16:55.137062 loaded array 'freyberg_mf6\freyberg6.rch_recharge_21.txt' of shape (40, 20)
2024-12-23 11:16:55.137062 starting: writing array-style template file 'freyberg6_template\rch_recharge_21tcn_inst0_constant.csv.tpl'
2024-12-23 11:16:55.137062 starting: writing template file freyberg6_template\rch_recharge_21tcn_inst0_constant.csv.tpl for ['rch_recharge_21tcn_inst:0']
2024-12-23 11:16:55.137062 finished: writing template file freyberg6_template\rch_recharge_21tcn_inst0_constant.csv.tpl for ['rch_recharge_21tcn_inst:0'] took: 0:00:00
2024-12-23 11:16:55.137062 starting: writing array-based template file 'freyberg6_template\rch_recharge_21tcn_inst0_constant.csv.tpl'
2024-12-23 11:16:55.137062 saving zone array freyberg6_template\rch_recharge_21tcn_inst0_constant.csv.zone for tpl file freyberg6_template\rch_recharge_21tcn_inst0_constant.csv.tpl
2024-12-23 11:16:55.152688 finished: adding constant type m style parameters for file(s) ['freyberg6.rch_recharge_21.txt'] took: 0:00:00.015626
2024-12-23 11:16:55.152688 transform was not passed, setting default tranform to 'log'
2024-12-23 11:16:55.152688 starting: adding constant type m style parameters for file(s) ['freyberg6.rch_recharge_22.txt']
2024-12-23 11:16:55.152688 finished: using geostruct:name:struct1,nugget:0.0,structures:
name:var1,contribution:1.0,a:60.0,anisotropy:1.0,bearing:0.0
 took: 0:00:00.015626
2024-12-23 11:16:55.152688 starting: loading array freyberg6_template\freyberg6.rch_recharge_22.txt
2024-12-23 11:16:55.152688 finished: loading array freyberg6_template\freyberg6.rch_recharge_22.txt took: 0:00:00
2024-12-23 11:16:55.152688 loaded array 'freyberg_mf6\freyberg6.rch_recharge_22.txt' of shape (40, 20)
2024-12-23 11:16:55.152688 starting: writing array-style template file 'freyberg6_template\rch_recharge_22tcn_inst0_constant.csv.tpl'
2024-12-23 11:16:55.152688 starting: writing template file freyberg6_template\rch_recharge_22tcn_inst0_constant.csv.tpl for ['rch_recharge_22tcn_inst:0']
2024-12-23 11:16:55.152688 finished: writing template file freyberg6_template\rch_recharge_22tcn_inst0_constant.csv.tpl for ['rch_recharge_22tcn_inst:0'] took: 0:00:00
2024-12-23 11:16:55.152688 starting: writing array-based template file 'freyberg6_template\rch_recharge_22tcn_inst0_constant.csv.tpl'
2024-12-23 11:16:55.152688 saving zone array freyberg6_template\rch_recharge_22tcn_inst0_constant.csv.zone for tpl file freyberg6_template\rch_recharge_22tcn_inst0_constant.csv.tpl
2024-12-23 11:16:55.168314 finished: adding constant type m style parameters for file(s) ['freyberg6.rch_recharge_22.txt'] took: 0:00:00.015626
2024-12-23 11:16:55.168314 transform was not passed, setting default tranform to 'log'
2024-12-23 11:16:55.168314 starting: adding constant type m style parameters for file(s) ['freyberg6.rch_recharge_23.txt']
2024-12-23 11:16:55.168314 starting: using geostruct:name:struct1,nugget:0.0,structures:
name:var1,contribution:1.0,a:60.0,anisotropy:1.0,bearing:0.0

2024-12-23 11:16:55.168314 starting: loading array freyberg6_template\freyberg6.rch_recharge_23.txt
2024-12-23 11:16:55.168314 finished: loading array freyberg6_template\freyberg6.rch_recharge_23.txt took: 0:00:00
2024-12-23 11:16:55.168314 loaded array 'freyberg_mf6\freyberg6.rch_recharge_23.txt' of shape (40, 20)
2024-12-23 11:16:55.168314 starting: writing array-style template file 'freyberg6_template\rch_recharge_23tcn_inst0_constant.csv.tpl'
2024-12-23 11:16:55.168314 starting: writing template file freyberg6_template\rch_recharge_23tcn_inst0_constant.csv.tpl for ['rch_recharge_23tcn_inst:0']
2024-12-23 11:16:55.183941 finished: writing template file freyberg6_template\rch_recharge_23tcn_inst0_constant.csv.tpl for ['rch_recharge_23tcn_inst:0'] took: 0:00:00.015627
2024-12-23 11:16:55.183941 starting: writing array-based template file 'freyberg6_template\rch_recharge_23tcn_inst0_constant.csv.tpl'
2024-12-23 11:16:55.183941 saving zone array freyberg6_template\rch_recharge_23tcn_inst0_constant.csv.zone for tpl file freyberg6_template\rch_recharge_23tcn_inst0_constant.csv.tpl
2024-12-23 11:16:55.183941 finished: adding constant type m style parameters for file(s) ['freyberg6.rch_recharge_23.txt'] took: 0:00:00.015627
2024-12-23 11:16:55.183941 transform was not passed, setting default tranform to 'log'
2024-12-23 11:16:55.183941 starting: adding constant type m style parameters for file(s) ['freyberg6.rch_recharge_24.txt']
2024-12-23 11:16:55.183941 finished: using geostruct:name:struct1,nugget:0.0,structures:
name:var1,contribution:1.0,a:60.0,anisotropy:1.0,bearing:0.0
 took: 0:00:00.015627
2024-12-23 11:16:55.183941 starting: loading array freyberg6_template\freyberg6.rch_recharge_24.txt
2024-12-23 11:16:55.183941 finished: loading array freyberg6_template\freyberg6.rch_recharge_24.txt took: 0:00:00
2024-12-23 11:16:55.183941 loaded array 'freyberg_mf6\freyberg6.rch_recharge_24.txt' of shape (40, 20)
2024-12-23 11:16:55.183941 starting: writing array-style template file 'freyberg6_template\rch_recharge_24tcn_inst0_constant.csv.tpl'
2024-12-23 11:16:55.183941 starting: writing template file freyberg6_template\rch_recharge_24tcn_inst0_constant.csv.tpl for ['rch_recharge_24tcn_inst:0']
2024-12-23 11:16:55.199566 finished: writing template file freyberg6_template\rch_recharge_24tcn_inst0_constant.csv.tpl for ['rch_recharge_24tcn_inst:0'] took: 0:00:00.015625
2024-12-23 11:16:55.199566 starting: writing array-based template file 'freyberg6_template\rch_recharge_24tcn_inst0_constant.csv.tpl'
2024-12-23 11:16:55.199566 saving zone array freyberg6_template\rch_recharge_24tcn_inst0_constant.csv.zone for tpl file freyberg6_template\rch_recharge_24tcn_inst0_constant.csv.tpl
2024-12-23 11:16:55.206072 finished: adding constant type m style parameters for file(s) ['freyberg6.rch_recharge_24.txt'] took: 0:00:00.022131
2024-12-23 11:16:55.206072 transform was not passed, setting default tranform to 'log'
2024-12-23 11:16:55.206072 starting: adding constant type m style parameters for file(s) ['freyberg6.rch_recharge_25.txt']
2024-12-23 11:16:55.206072 starting: using geostruct:name:struct1,nugget:0.0,structures:
name:var1,contribution:1.0,a:60.0,anisotropy:1.0,bearing:0.0

2024-12-23 11:16:55.206072 starting: loading array freyberg6_template\freyberg6.rch_recharge_25.txt
2024-12-23 11:16:55.206072 finished: loading array freyberg6_template\freyberg6.rch_recharge_25.txt took: 0:00:00
2024-12-23 11:16:55.206072 loaded array 'freyberg_mf6\freyberg6.rch_recharge_25.txt' of shape (40, 20)
2024-12-23 11:16:55.206072 starting: writing array-style template file 'freyberg6_template\rch_recharge_25tcn_inst0_constant.csv.tpl'
2024-12-23 11:16:55.206072 starting: writing template file freyberg6_template\rch_recharge_25tcn_inst0_constant.csv.tpl for ['rch_recharge_25tcn_inst:0']
2024-12-23 11:16:55.206072 finished: writing template file freyberg6_template\rch_recharge_25tcn_inst0_constant.csv.tpl for ['rch_recharge_25tcn_inst:0'] took: 0:00:00
2024-12-23 11:16:55.206072 starting: writing array-based template file 'freyberg6_template\rch_recharge_25tcn_inst0_constant.csv.tpl'
2024-12-23 11:16:55.206072 saving zone array freyberg6_template\rch_recharge_25tcn_inst0_constant.csv.zone for tpl file freyberg6_template\rch_recharge_25tcn_inst0_constant.csv.tpl
2024-12-23 11:16:55.221701 finished: adding constant type m style parameters for file(s) ['freyberg6.rch_recharge_25.txt'] took: 0:00:00.015629
