time,elapsed_seconds,message
08:22:22,5.98e-05,PEST++ performance logger started
08:22:22,0.0045368,starting to process control file
08:22:22,0.0099075,finished processing control file
08:22:22,0.0055353,starting basic model IO error checking
08:22:22,0.003517,finished basic model IO error checking
08:22:22,0.0008802,loading parcov
08:22:22,0.0049153,beginning iteration 1
08:22:22,9.49e-05,commencing to build jacobian parameter sets
08:22:22,0.0014608,jacobian parameter sets built, commencing model runs
08:22:23,0.768463,jacobian runs complete, processing runs
08:22:23,0.0002167,processing jacobian runs complete
08:22:23,3e-05,saving jacobian and sen files
08:22:23,0.0022273,commencing calculation of upgrade vector
08:22:23,0.0006433,forming JtQJ matrix
08:22:23,4.22e-05,commencing to scale JtQJ matrix- first SVD...
08:22:23,1.68e-05,starting REDSVD
08:22:23,8.42e-05,retrieving REDSVD components
08:22:23,1.86e-05,triming REDSVD components to 1elements
08:22:23,2.45e-05,done REDSVD
08:22:23,4.19e-05,S info: rows = 1: cols = 1: size = 1: nonzeros = 1
08:22:23,9.7e-06,JS
08:22:23,1.48e-05,JS.transpose() * q_mat * JS + lambda * S.transpose() * S
08:22:23,2.83e-05,S info: rows = 1: cols = 1: size = 1: nonzeros = 1
08:22:23,9.4e-06,commencing SVD factorization of lambda-scaled JtQJ
08:22:23,8.2e-06,starting REDSVD
08:22:23,1.23e-05,retrieving REDSVD components
08:22:23,1.02e-05,triming REDSVD components to 1elements
08:22:23,8.2e-06,done REDSVD
08:22:23,7.8e-06,SVD factorization complete
08:22:23,0.0002792,commencing linear algebra multiplication to compute ugrade
08:22:23,2e-05,S info: rows = 1: cols = 1: size = 1: nonzeros = 1Vt info: rows = 1: cols = 1: size = 1: nonzeros = 1
08:22:23,1.16e-05,U info: rows = 1: cols = 1: size = 1: nonzeros = 1
08:22:23,1.61e-05,jac info: rows = 24: cols = 1: size = 24: nonzeros = 24
08:22:23,4.25e-05,linear algebra multiplication to compute ugrade complete
08:22:23,2.14e-05,commencing check of parameter bounds and gradients
08:22:23,0.0015759,beginning upgrade vector calculations, lambda = 0.1
08:22:23,7.52e-05,commencing calculation of upgrade vector
08:22:23,0.0004923,forming JtQJ matrix
08:22:23,1.81e-05,commencing to scale JtQJ matrix- first SVD...
08:22:23,8.7e-06,starting REDSVD
08:22:23,1.51e-05,retrieving REDSVD components
08:22:23,1.08e-05,triming REDSVD components to 1elements
08:22:23,9.1e-06,done REDSVD
08:22:23,1.3e-05,S info: rows = 1: cols = 1: size = 1: nonzeros = 1
08:22:23,8.1e-06,JS
08:22:23,9e-06,JS.transpose() * q_mat * JS + lambda * S.transpose() * S
08:22:23,1.69e-05,S info: rows = 1: cols = 1: size = 1: nonzeros = 1
08:22:23,8.2e-06,commencing SVD factorization of lambda-scaled JtQJ
08:22:23,7.6e-06,starting REDSVD
08:22:23,1.21e-05,retrieving REDSVD components
08:22:23,9.9e-06,triming REDSVD components to 1elements
08:22:23,8.3e-06,done REDSVD
08:22:23,7.6e-06,SVD factorization complete
08:22:23,0.0002605,commencing linear algebra multiplication to compute ugrade
08:22:23,1.26e-05,S info: rows = 1: cols = 1: size = 1: nonzeros = 1Vt info: rows = 1: cols = 1: size = 1: nonzeros = 1
08:22:23,1.05e-05,U info: rows = 1: cols = 1: size = 1: nonzeros = 1
08:22:23,1.02e-05,jac info: rows = 24: cols = 1: size = 24: nonzeros = 24
08:22:23,2.36e-05,linear algebra multiplication to compute ugrade complete
08:22:23,1.36e-05,commencing check of parameter bounds and gradients
08:22:23,2.45e-05,commencing calculation of upgrade vector
08:22:23,0.0004412,forming JtQJ matrix
08:22:23,1.62e-05,commencing to scale JtQJ matrix- first SVD...
08:22:23,8.3e-06,starting REDSVD
08:22:23,1.25e-05,retrieving REDSVD components
08:22:23,1.04e-05,triming REDSVD components to 1elements
08:22:23,8.4e-06,done REDSVD
08:22:23,1.24e-05,S info: rows = 1: cols = 1: size = 1: nonzeros = 1
08:22:23,7.9e-06,JS
08:22:23,8.8e-06,JS.transpose() * q_mat * JS + lambda * S.transpose() * S
08:22:23,1.54e-05,S info: rows = 1: cols = 1: size = 1: nonzeros = 1
08:22:23,8.5e-06,commencing SVD factorization of lambda-scaled JtQJ
08:22:23,7.6e-06,starting REDSVD
08:22:23,5.12e-05,retrieving REDSVD components
08:22:23,1.5e-05,triming REDSVD components to 1elements
08:22:23,8.6e-06,done REDSVD
08:22:23,7.7e-06,SVD factorization complete
08:22:23,0.000207,commencing linear algebra multiplication to compute ugrade
08:22:23,1.29e-05,S info: rows = 1: cols = 1: size = 1: nonzeros = 1Vt info: rows = 1: cols = 1: size = 1: nonzeros = 1
08:22:23,1.02e-05,U info: rows = 1: cols = 1: size = 1: nonzeros = 1
08:22:23,1e-05,jac info: rows = 24: cols = 1: size = 24: nonzeros = 24
08:22:23,2.29e-05,linear algebra multiplication to compute ugrade complete
08:22:23,1.25e-05,commencing check of parameter bounds
08:22:23,8.4e-06,limiting out of bounds pars
08:22:23,3.55e-05,change limit/bound enforement for lambda 0.1: ,, scaling factor: 1
08:22:23,9.6e-06,checking for denormal floating point values
08:22:23,9.6e-06,transforming upgrade pars to model pars
08:22:23,1.01e-05,writing upgrade vector to csv file
08:22:23,0.0003801,beginning upgrade vector calculations, lambda = 1
08:22:23,5.93e-05,commencing calculation of upgrade vector
08:22:23,0.0004507,forming JtQJ matrix
08:22:23,1.71e-05,commencing to scale JtQJ matrix- first SVD...
08:22:23,8.4e-06,starting REDSVD
08:22:23,1.34e-05,retrieving REDSVD components
08:22:23,1.05e-05,triming REDSVD components to 1elements
08:22:23,9e-06,done REDSVD
08:22:23,1.28e-05,S info: rows = 1: cols = 1: size = 1: nonzeros = 1
08:22:23,7.8e-06,JS
08:22:23,8.8e-06,JS.transpose() * q_mat * JS + lambda * S.transpose() * S
08:22:23,1.57e-05,S info: rows = 1: cols = 1: size = 1: nonzeros = 1
08:22:23,8.1e-06,commencing SVD factorization of lambda-scaled JtQJ
08:22:23,7.7e-06,starting REDSVD
08:22:23,1.21e-05,retrieving REDSVD components
08:22:23,9.8e-06,triming REDSVD components to 1elements
08:22:23,8.2e-06,done REDSVD
08:22:23,7.6e-06,SVD factorization complete
08:22:23,7.3e-05,commencing linear algebra multiplication to compute ugrade
08:22:23,1.04e-05,S info: rows = 1: cols = 1: size = 1: nonzeros = 1Vt info: rows = 1: cols = 1: size = 1: nonzeros = 1
08:22:23,1.04e-05,U info: rows = 1: cols = 1: size = 1: nonzeros = 1
08:22:23,1e-05,jac info: rows = 24: cols = 1: size = 24: nonzeros = 24
08:22:23,2.29e-05,linear algebra multiplication to compute ugrade complete
08:22:23,1.28e-05,commencing check of parameter bounds and gradients
08:22:23,1.16e-05,commencing calculation of upgrade vector
08:22:23,0.0004343,forming JtQJ matrix
08:22:23,1.6e-05,commencing to scale JtQJ matrix- first SVD...
08:22:23,8.2e-06,starting REDSVD
08:22:23,1.23e-05,retrieving REDSVD components
08:22:23,1.03e-05,triming REDSVD components to 1elements
08:22:23,8.3e-06,done REDSVD
08:22:23,1.25e-05,S info: rows = 1: cols = 1: size = 1: nonzeros = 1
08:22:23,7.7e-06,JS
08:22:23,8.8e-06,JS.transpose() * q_mat * JS + lambda * S.transpose() * S
08:22:23,1.55e-05,S info: rows = 1: cols = 1: size = 1: nonzeros = 1
08:22:23,8.2e-06,commencing SVD factorization of lambda-scaled JtQJ
08:22:23,7.5e-06,starting REDSVD
08:22:23,1.18e-05,retrieving REDSVD components
08:22:23,9.7e-06,triming REDSVD components to 1elements
08:22:23,8e-06,done REDSVD
08:22:23,7.7e-06,SVD factorization complete
08:22:23,7.18e-05,commencing linear algebra multiplication to compute ugrade
08:22:23,1.05e-05,S info: rows = 1: cols = 1: size = 1: nonzeros = 1Vt info: rows = 1: cols = 1: size = 1: nonzeros = 1
08:22:23,1e-05,U info: rows = 1: cols = 1: size = 1: nonzeros = 1
08:22:23,9.9e-06,jac info: rows = 24: cols = 1: size = 24: nonzeros = 24
08:22:23,2.12e-05,linear algebra multiplication to compute ugrade complete
08:22:23,1.18e-05,commencing check of parameter bounds
08:22:23,8.4e-06,limiting out of bounds pars
08:22:23,1.43e-05,change limit/bound enforement for lambda 1: ,, scaling factor: 1
08:22:23,8.2e-06,checking for denormal floating point values
08:22:23,9.1e-06,transforming upgrade pars to model pars
08:22:23,1.03e-05,writing upgrade vector to csv file
08:22:23,0.0003177,beginning upgrade vector calculations, lambda = 10
08:22:23,0.001167,commencing calculation of upgrade vector
08:22:23,0.0004805,forming JtQJ matrix
08:22:23,2.04e-05,commencing to scale JtQJ matrix- first SVD...
08:22:23,8.8e-06,starting REDSVD
08:22:23,1.28e-05,retrieving REDSVD components
08:22:23,1.06e-05,triming REDSVD components to 1elements
08:22:23,8.6e-06,done REDSVD
08:22:23,1.24e-05,S info: rows = 1: cols = 1: size = 1: nonzeros = 1
08:22:23,7.7e-06,JS
08:22:23,8.6e-06,JS.transpose() * q_mat * JS + lambda * S.transpose() * S
08:22:23,1.55e-05,S info: rows = 1: cols = 1: size = 1: nonzeros = 1
08:22:23,8.1e-06,commencing SVD factorization of lambda-scaled JtQJ
08:22:23,7.4e-06,starting REDSVD
08:22:23,1.23e-05,retrieving REDSVD components
08:22:23,9.7e-06,triming REDSVD components to 1elements
08:22:23,8.1e-06,done REDSVD
08:22:23,7.6e-06,SVD factorization complete
08:22:23,7.24e-05,commencing linear algebra multiplication to compute ugrade
08:22:23,1.04e-05,S info: rows = 1: cols = 1: size = 1: nonzeros = 1Vt info: rows = 1: cols = 1: size = 1: nonzeros = 1
08:22:23,1e-05,U info: rows = 1: cols = 1: size = 1: nonzeros = 1
08:22:23,1.01e-05,jac info: rows = 24: cols = 1: size = 24: nonzeros = 24
08:22:23,2.21e-05,linear algebra multiplication to compute ugrade complete
08:22:23,1.21e-05,commencing check of parameter bounds and gradients
08:22:23,1.16e-05,commencing calculation of upgrade vector
08:22:23,0.0004324,forming JtQJ matrix
08:22:23,1.63e-05,commencing to scale JtQJ matrix- first SVD...
08:22:23,8.2e-06,starting REDSVD
08:22:23,1.23e-05,retrieving REDSVD components
08:22:23,1.02e-05,triming REDSVD components to 1elements
08:22:23,8.2e-06,done REDSVD
08:22:23,1.22e-05,S info: rows = 1: cols = 1: size = 1: nonzeros = 1
08:22:23,7.6e-06,JS
08:22:23,8.6e-06,JS.transpose() * q_mat * JS + lambda * S.transpose() * S
08:22:23,1.54e-05,S info: rows = 1: cols = 1: size = 1: nonzeros = 1
08:22:23,8.1e-06,commencing SVD factorization of lambda-scaled JtQJ
08:22:23,7.4e-06,starting REDSVD
08:22:23,1.18e-05,retrieving REDSVD components
08:22:23,1e-05,triming REDSVD components to 1elements
08:22:23,8.2e-06,done REDSVD
08:22:23,7.7e-06,SVD factorization complete
08:22:23,7.16e-05,commencing linear algebra multiplication to compute ugrade
08:22:23,1.03e-05,S info: rows = 1: cols = 1: size = 1: nonzeros = 1Vt info: rows = 1: cols = 1: size = 1: nonzeros = 1
08:22:23,1e-05,U info: rows = 1: cols = 1: size = 1: nonzeros = 1
08:22:23,9.9e-06,jac info: rows = 24: cols = 1: size = 24: nonzeros = 24
08:22:23,2.1e-05,linear algebra multiplication to compute ugrade complete
08:22:23,1.17e-05,commencing check of parameter bounds
08:22:23,8.4e-06,limiting out of bounds pars
08:22:23,1.42e-05,change limit/bound enforement for lambda 10: ,, scaling factor: 1
08:22:23,7.9e-06,checking for denormal floating point values
08:22:23,8.9e-06,transforming upgrade pars to model pars
08:22:23,1.01e-05,writing upgrade vector to csv file
08:22:23,0.000291,beginning upgrade vector calculations, lambda = 100
08:22:23,5.51e-05,commencing calculation of upgrade vector
08:22:23,0.0004381,forming JtQJ matrix
08:22:23,1.65e-05,commencing to scale JtQJ matrix- first SVD...
08:22:23,8.3e-06,starting REDSVD
08:22:23,1.27e-05,retrieving REDSVD components
08:22:23,1.04e-05,triming REDSVD components to 1elements
08:22:23,8.5e-06,done REDSVD
08:22:23,1.23e-05,S info: rows = 1: cols = 1: size = 1: nonzeros = 1
08:22:23,8.1e-06,JS
08:22:23,8.7e-06,JS.transpose() * q_mat * JS + lambda * S.transpose() * S
08:22:23,1.57e-05,S info: rows = 1: cols = 1: size = 1: nonzeros = 1
08:22:23,8.2e-06,commencing SVD factorization of lambda-scaled JtQJ
08:22:23,7.5e-06,starting REDSVD
08:22:23,1.2e-05,retrieving REDSVD components
08:22:23,9.8e-06,triming REDSVD components to 1elements
08:22:23,8.2e-06,done REDSVD
08:22:23,7.6e-06,SVD factorization complete
08:22:23,7.19e-05,commencing linear algebra multiplication to compute ugrade
08:22:23,1.04e-05,S info: rows = 1: cols = 1: size = 1: nonzeros = 1Vt info: rows = 1: cols = 1: size = 1: nonzeros = 1
08:22:23,1e-05,U info: rows = 1: cols = 1: size = 1: nonzeros = 1
08:22:23,1.3e-05,jac info: rows = 24: cols = 1: size = 24: nonzeros = 24
08:22:23,2.43e-05,linear algebra multiplication to compute ugrade complete
08:22:23,1.25e-05,commencing check of parameter bounds and gradients
08:22:23,1.14e-05,commencing calculation of upgrade vector
08:22:23,0.0004318,forming JtQJ matrix
08:22:23,1.6e-05,commencing to scale JtQJ matrix- first SVD...
08:22:23,8.2e-06,starting REDSVD
08:22:23,1.31e-05,retrieving REDSVD components
08:22:23,1.02e-05,triming REDSVD components to 1elements
08:22:23,8.3e-06,done REDSVD
08:22:23,1.21e-05,S info: rows = 1: cols = 1: size = 1: nonzeros = 1
08:22:23,7.8e-06,JS
08:22:23,8.8e-06,JS.transpose() * q_mat * JS + lambda * S.transpose() * S
08:22:23,1.58e-05,S info: rows = 1: cols = 1: size = 1: nonzeros = 1
08:22:23,8.2e-06,commencing SVD factorization of lambda-scaled JtQJ
08:22:23,7.4e-06,starting REDSVD
08:22:23,1.19e-05,retrieving REDSVD components
08:22:23,9.9e-06,triming REDSVD components to 1elements
08:22:23,8.2e-06,done REDSVD
08:22:23,7.6e-06,SVD factorization complete
08:22:23,7.12e-05,commencing linear algebra multiplication to compute ugrade
08:22:23,1.04e-05,S info: rows = 1: cols = 1: size = 1: nonzeros = 1Vt info: rows = 1: cols = 1: size = 1: nonzeros = 1
08:22:23,1e-05,U info: rows = 1: cols = 1: size = 1: nonzeros = 1
08:22:23,9.9e-06,jac info: rows = 24: cols = 1: size = 24: nonzeros = 24
08:22:23,2.11e-05,linear algebra multiplication to compute ugrade complete
08:22:23,1.19e-05,commencing check of parameter bounds
08:22:23,8.3e-06,limiting out of bounds pars
08:22:23,1.43e-05,change limit/bound enforement for lambda 100: ,, scaling factor: 1
08:22:23,7.9e-06,checking for denormal floating point values
08:22:23,8.9e-06,transforming upgrade pars to model pars
08:22:23,9.7e-06,writing upgrade vector to csv file
08:22:23,0.0002934,beginning upgrade vector calculations, lambda = 1000
08:22:23,5.44e-05,commencing calculation of upgrade vector
08:22:23,0.0004318,forming JtQJ matrix
08:22:23,1.6e-05,commencing to scale JtQJ matrix- first SVD...
08:22:23,8.3e-06,starting REDSVD
08:22:23,1.29e-05,retrieving REDSVD components
08:22:23,1.01e-05,triming REDSVD components to 1elements
08:22:23,8.4e-06,done REDSVD
08:22:23,1.22e-05,S info: rows = 1: cols = 1: size = 1: nonzeros = 1
08:22:23,7.8e-06,JS
08:22:23,8.7e-06,JS.transpose() * q_mat * JS + lambda * S.transpose() * S
08:22:23,1.57e-05,S info: rows = 1: cols = 1: size = 1: nonzeros = 1
08:22:23,8.2e-06,commencing SVD factorization of lambda-scaled JtQJ
08:22:23,7.4e-06,starting REDSVD
08:22:23,1.17e-05,retrieving REDSVD components
08:22:23,9.7e-06,triming REDSVD components to 1elements
08:22:23,8.5e-06,done REDSVD
08:22:23,7.5e-06,SVD factorization complete
08:22:23,7.11e-05,commencing linear algebra multiplication to compute ugrade
08:22:23,1.03e-05,S info: rows = 1: cols = 1: size = 1: nonzeros = 1Vt info: rows = 1: cols = 1: size = 1: nonzeros = 1
08:22:23,9.9e-06,U info: rows = 1: cols = 1: size = 1: nonzeros = 1
08:22:23,9.8e-06,jac info: rows = 24: cols = 1: size = 24: nonzeros = 24
08:22:23,2.15e-05,linear algebra multiplication to compute ugrade complete
08:22:23,1.19e-05,commencing check of parameter bounds and gradients
08:22:23,1.12e-05,commencing calculation of upgrade vector
08:22:23,0.0004334,forming JtQJ matrix
08:22:23,1.57e-05,commencing to scale JtQJ matrix- first SVD...
08:22:23,8.2e-06,starting REDSVD
08:22:23,1.23e-05,retrieving REDSVD components
08:22:23,1.06e-05,triming REDSVD components to 1elements
08:22:23,8.3e-06,done REDSVD
08:22:23,1.2e-05,S info: rows = 1: cols = 1: size = 1: nonzeros = 1
08:22:23,7.8e-06,JS
08:22:23,8.6e-06,JS.transpose() * q_mat * JS + lambda * S.transpose() * S
08:22:23,1.55e-05,S info: rows = 1: cols = 1: size = 1: nonzeros = 1
08:22:23,8e-06,commencing SVD factorization of lambda-scaled JtQJ
08:22:23,7.5e-06,starting REDSVD
08:22:23,1.19e-05,retrieving REDSVD components
08:22:23,9.8e-06,triming REDSVD components to 1elements
08:22:23,8e-06,done REDSVD
08:22:23,4.73e-05,SVD factorization complete
08:22:23,7.65e-05,commencing linear algebra multiplication to compute ugrade
08:22:23,1.06e-05,S info: rows = 1: cols = 1: size = 1: nonzeros = 1Vt info: rows = 1: cols = 1: size = 1: nonzeros = 1
08:22:23,9.9e-06,U info: rows = 1: cols = 1: size = 1: nonzeros = 1
08:22:23,9.9e-06,jac info: rows = 24: cols = 1: size = 24: nonzeros = 24
08:22:23,2.13e-05,linear algebra multiplication to compute ugrade complete
08:22:23,1.2e-05,commencing check of parameter bounds
08:22:23,8.4e-06,limiting out of bounds pars
08:22:23,1.44e-05,change limit/bound enforement for lambda 1000: ,, scaling factor: 1
08:22:23,7.9e-06,checking for denormal floating point values
08:22:23,9e-06,transforming upgrade pars to model pars
08:22:23,9.9e-06,writing upgrade vector to csv file
08:22:23,0.0007148,LinearAnalysis::glm_iter_fosm
08:22:23,0.0002364,starting FOSM uncertainty analyses for iteration 0
08:22:23,0.0046745,loading obscov
08:22:23,0.0001935,loading parcov
08:22:23,4.42e-05,setting predictions
08:22:23,1.72e-05,set_predictions
08:22:23,0.0001126,extracting prediction HEADWATER:4383.5 from jacobian
08:22:23,0.0006336,extracting prediction TAILWATER:4383.5 from jacobian
08:22:23,0.000523,extracting prediction TRGW-0-9-1:4383.5 from jacobian
08:22:23,0.0005584,extracting prediction PART_TIME from jacobian
08:22:23,0.000535,parameter fosm calcs
08:22:23,1.93e-05,LinearAnalysis::calc_posterior
08:22:23,9.5e-06,LinearAnalysis::align
08:22:23,0.0006877,LinearAnalysis::prior_prediction_variance()::invert obscov
08:22:23,1.36e-05,inverting diagonal matrix in place
08:22:23,2.33e-05,LinearAnalysis::calc_posterior() form JtQJ
08:22:23,0.0001046,LinearAnalysis::calc_posterior() invert prior parcov
08:22:23,3.78e-05,LinearAnalysis::calc_posterior() form posterior parcov
08:22:23,1.86e-05,LinearAnalysis::calc_posterior() invert posterior parcov
08:22:23,9e-06,inverting non-diagonal matrix in place
08:22:23,0.0009826,forecast FOSM calcs
08:22:23,0.0003105,LinearAnalysis::prior_prediction_variance
08:22:23,4.56e-05,LinearAnalysis::prior_prediction_variance
08:22:27,3.50702,completed iteration 1
08:22:27,0.0158617,beginning iteration 2
08:22:27,7.96e-05,commencing to build jacobian parameter sets
08:22:27,0.0014283,jacobian parameter sets built, commencing model runs
08:22:27,0.345476,jacobian runs complete, processing runs
08:22:27,0.0001246,processing jacobian runs complete
08:22:27,1.27e-05,saving jacobian and sen files
08:22:27,0.0019933,commencing calculation of upgrade vector
08:22:27,0.0004626,forming JtQJ matrix
08:22:27,1.88e-05,commencing to scale JtQJ matrix- first SVD...
08:22:27,9.3e-06,starting REDSVD
08:22:27,1.63e-05,retrieving REDSVD components
08:22:27,1.12e-05,triming REDSVD components to 1elements
08:22:27,1.21e-05,done REDSVD
08:22:27,1.66e-05,S info: rows = 1: cols = 1: size = 1: nonzeros = 1
08:22:27,8.3e-06,JS
08:22:27,9.3e-06,JS.transpose() * q_mat * JS + lambda * S.transpose() * S
08:22:27,1.7e-05,S info: rows = 1: cols = 1: size = 1: nonzeros = 1
08:22:27,8.5e-06,commencing SVD factorization of lambda-scaled JtQJ
08:22:27,7.7e-06,starting REDSVD
08:22:27,1.22e-05,retrieving REDSVD components
08:22:27,1.01e-05,triming REDSVD components to 1elements
08:22:27,8.4e-06,done REDSVD
08:22:27,7.7e-06,SVD factorization complete
08:22:27,7.58e-05,commencing linear algebra multiplication to compute ugrade
08:22:27,1.08e-05,S info: rows = 1: cols = 1: size = 1: nonzeros = 1Vt info: rows = 1: cols = 1: size = 1: nonzeros = 1
08:22:27,1.02e-05,U info: rows = 1: cols = 1: size = 1: nonzeros = 1
08:22:27,1.02e-05,jac info: rows = 24: cols = 1: size = 24: nonzeros = 24
08:22:27,2.21e-05,linear algebra multiplication to compute ugrade complete
08:22:27,1.39e-05,commencing check of parameter bounds and gradients
08:22:27,0.0014167,beginning upgrade vector calculations, lambda = 0.1
08:22:27,7.73e-05,commencing calculation of upgrade vector
08:22:27,0.0005025,forming JtQJ matrix
08:22:27,2.2e-05,commencing to scale JtQJ matrix- first SVD...
08:22:27,1.43e-05,starting REDSVD
08:22:27,1.78e-05,retrieving REDSVD components
08:22:27,1.12e-05,triming REDSVD components to 1elements
08:22:27,8.9e-06,done REDSVD
08:22:27,1.4e-05,S info: rows = 1: cols = 1: size = 1: nonzeros = 1
08:22:27,7.9e-06,JS
08:22:27,8.9e-06,JS.transpose() * q_mat * JS + lambda * S.transpose() * S
08:22:27,1.73e-05,S info: rows = 1: cols = 1: size = 1: nonzeros = 1
08:22:27,8.3e-06,commencing SVD factorization of lambda-scaled JtQJ
08:22:27,7.8e-06,starting REDSVD
08:22:27,1.26e-05,retrieving REDSVD components
08:22:27,1.01e-05,triming REDSVD components to 1elements
08:22:27,8.4e-06,done REDSVD
08:22:27,7.7e-06,SVD factorization complete
08:22:27,7.53e-05,commencing linear algebra multiplication to compute ugrade
08:22:27,1.1e-05,S info: rows = 1: cols = 1: size = 1: nonzeros = 1Vt info: rows = 1: cols = 1: size = 1: nonzeros = 1
08:22:27,1.05e-05,U info: rows = 1: cols = 1: size = 1: nonzeros = 1
08:22:27,1.01e-05,jac info: rows = 24: cols = 1: size = 24: nonzeros = 24
08:22:27,2.37e-05,linear algebra multiplication to compute ugrade complete
08:22:27,1.4e-05,commencing check of parameter bounds and gradients
08:22:27,1.53e-05,commencing calculation of upgrade vector
08:22:27,0.0004474,forming JtQJ matrix
08:22:27,1.7e-05,commencing to scale JtQJ matrix- first SVD...
08:22:27,8.4e-06,starting REDSVD
08:22:27,1.27e-05,retrieving REDSVD components
08:22:27,1.04e-05,triming REDSVD components to 1elements
08:22:27,8.5e-06,done REDSVD
08:22:27,1.26e-05,S info: rows = 1: cols = 1: size = 1: nonzeros = 1
08:22:27,7.8e-06,JS
08:22:27,8.7e-06,JS.transpose() * q_mat * JS + lambda * S.transpose() * S
08:22:27,1.59e-05,S info: rows = 1: cols = 1: size = 1: nonzeros = 1
08:22:27,8.2e-06,commencing SVD factorization of lambda-scaled JtQJ
08:22:27,7.6e-06,starting REDSVD
08:22:27,1.26e-05,retrieving REDSVD components
08:22:27,9.9e-06,triming REDSVD components to 1elements
08:22:27,8.2e-06,done REDSVD
08:22:27,7.6e-06,SVD factorization complete
08:22:27,7.19e-05,commencing linear algebra multiplication to compute ugrade
08:22:27,1.07e-05,S info: rows = 1: cols = 1: size = 1: nonzeros = 1Vt info: rows = 1: cols = 1: size = 1: nonzeros = 1
08:22:27,1e-05,U info: rows = 1: cols = 1: size = 1: nonzeros = 1
08:22:27,1.05e-05,jac info: rows = 24: cols = 1: size = 24: nonzeros = 24
08:22:27,2.07e-05,linear algebra multiplication to compute ugrade complete
08:22:27,1.19e-05,commencing check of parameter bounds
08:22:27,8.6e-06,limiting out of bounds pars
08:22:27,1.51e-05,change limit/bound enforement for lambda 0.1: ,, scaling factor: 1
08:22:27,8.1e-06,checking for denormal floating point values
08:22:27,9.6e-06,transforming upgrade pars to model pars
08:22:27,1.24e-05,writing upgrade vector to csv file
08:22:27,0.0005669,beginning upgrade vector calculations, lambda = 1
08:22:27,6.76e-05,commencing calculation of upgrade vector
08:22:27,0.0004594,forming JtQJ matrix
08:22:27,2.02e-05,commencing to scale JtQJ matrix- first SVD...
08:22:27,8.6e-06,starting REDSVD
08:22:27,1.34e-05,retrieving REDSVD components
08:22:27,1.1e-05,triming REDSVD components to 1elements
08:22:27,8.6e-06,done REDSVD
08:22:27,1.28e-05,S info: rows = 1: cols = 1: size = 1: nonzeros = 1
08:22:27,7.9e-06,JS
08:22:27,9.4e-06,JS.transpose() * q_mat * JS + lambda * S.transpose() * S
08:22:27,1.66e-05,S info: rows = 1: cols = 1: size = 1: nonzeros = 1
08:22:27,8.3e-06,commencing SVD factorization of lambda-scaled JtQJ
08:22:27,7.6e-06,starting REDSVD
08:22:27,1.21e-05,retrieving REDSVD components
08:22:27,1.01e-05,triming REDSVD components to 1elements
08:22:27,8.4e-06,done REDSVD
08:22:27,7.9e-06,SVD factorization complete
08:22:27,0.0001201,commencing linear algebra multiplication to compute ugrade
08:22:27,1.18e-05,S info: rows = 1: cols = 1: size = 1: nonzeros = 1Vt info: rows = 1: cols = 1: size = 1: nonzeros = 1
08:22:27,1.05e-05,U info: rows = 1: cols = 1: size = 1: nonzeros = 1
08:22:27,1e-05,jac info: rows = 24: cols = 1: size = 24: nonzeros = 24
08:22:27,2.98e-05,linear algebra multiplication to compute ugrade complete
08:22:27,1.59e-05,commencing check of parameter bounds and gradients
08:22:27,1.59e-05,commencing calculation of upgrade vector
08:22:27,0.000444,forming JtQJ matrix
08:22:27,1.66e-05,commencing to scale JtQJ matrix- first SVD...
08:22:27,8.4e-06,starting REDSVD
08:22:27,1.3e-05,retrieving REDSVD components
08:22:27,1.05e-05,triming REDSVD components to 1elements
08:22:27,8.6e-06,done REDSVD
08:22:27,1.29e-05,S info: rows = 1: cols = 1: size = 1: nonzeros = 1
08:22:27,7.9e-06,JS
08:22:27,8.8e-06,JS.transpose() * q_mat * JS + lambda * S.transpose() * S
08:22:27,1.59e-05,S info: rows = 1: cols = 1: size = 1: nonzeros = 1
08:22:27,8.6e-06,commencing SVD factorization of lambda-scaled JtQJ
08:22:27,7.5e-06,starting REDSVD
08:22:27,1.2e-05,retrieving REDSVD components
08:22:27,1e-05,triming REDSVD components to 1elements
08:22:27,8.3e-06,done REDSVD
08:22:27,7.9e-06,SVD factorization complete
08:22:27,7.26e-05,commencing linear algebra multiplication to compute ugrade
08:22:27,1.15e-05,S info: rows = 1: cols = 1: size = 1: nonzeros = 1Vt info: rows = 1: cols = 1: size = 1: nonzeros = 1
08:22:27,1.01e-05,U info: rows = 1: cols = 1: size = 1: nonzeros = 1
08:22:27,9.9e-06,jac info: rows = 24: cols = 1: size = 24: nonzeros = 24
08:22:27,2.07e-05,linear algebra multiplication to compute ugrade complete
08:22:27,1.19e-05,commencing check of parameter bounds
08:22:27,8.8e-06,limiting out of bounds pars
08:22:27,1.49e-05,change limit/bound enforement for lambda 1: ,, scaling factor: 1
08:22:27,8.1e-06,checking for denormal floating point values
08:22:27,9.4e-06,transforming upgrade pars to model pars
08:22:27,1.22e-05,writing upgrade vector to csv file
08:22:27,0.0007258,beginning upgrade vector calculations, lambda = 10
08:22:27,6.34e-05,commencing calculation of upgrade vector
08:22:27,0.0004572,forming JtQJ matrix
08:22:27,2.04e-05,commencing to scale JtQJ matrix- first SVD...
08:22:27,8.6e-06,starting REDSVD
08:22:27,1.35e-05,retrieving REDSVD components
08:22:27,1.11e-05,triming REDSVD components to 1elements
08:22:27,8.6e-06,done REDSVD
08:22:27,1.28e-05,S info: rows = 1: cols = 1: size = 1: nonzeros = 1
08:22:27,7.9e-06,JS
08:22:27,9e-06,JS.transpose() * q_mat * JS + lambda * S.transpose() * S
08:22:27,1.62e-05,S info: rows = 1: cols = 1: size = 1: nonzeros = 1
08:22:27,8.3e-06,commencing SVD factorization of lambda-scaled JtQJ
08:22:27,7.6e-06,starting REDSVD
08:22:27,1.2e-05,retrieving REDSVD components
08:22:27,1e-05,triming REDSVD components to 1elements
08:22:27,8.3e-06,done REDSVD
08:22:27,8.2e-06,SVD factorization complete
08:22:27,7.3e-05,commencing linear algebra multiplication to compute ugrade
08:22:27,1.06e-05,S info: rows = 1: cols = 1: size = 1: nonzeros = 1Vt info: rows = 1: cols = 1: size = 1: nonzeros = 1
08:22:27,1.01e-05,U info: rows = 1: cols = 1: size = 1: nonzeros = 1
08:22:27,1.02e-05,jac info: rows = 24: cols = 1: size = 24: nonzeros = 24
08:22:27,2.31e-05,linear algebra multiplication to compute ugrade complete
08:22:27,1.26e-05,commencing check of parameter bounds and gradients
08:22:27,1.41e-05,commencing calculation of upgrade vector
08:22:27,0.0004388,forming JtQJ matrix
08:22:27,1.63e-05,commencing to scale JtQJ matrix- first SVD...
08:22:27,8.5e-06,starting REDSVD
08:22:27,1.25e-05,retrieving REDSVD components
08:22:27,1.06e-05,triming REDSVD components to 1elements
08:22:27,8.4e-06,done REDSVD
08:22:27,1.23e-05,S info: rows = 1: cols = 1: size = 1: nonzeros = 1
08:22:27,7.9e-06,JS
08:22:27,8.8e-06,JS.transpose() * q_mat * JS + lambda * S.transpose() * S
08:22:27,1.57e-05,S info: rows = 1: cols = 1: size = 1: nonzeros = 1
08:22:27,8.2e-06,commencing SVD factorization of lambda-scaled JtQJ
08:22:27,7.7e-06,starting REDSVD
08:22:27,1.21e-05,retrieving REDSVD components
08:22:27,9.9e-06,triming REDSVD components to 1elements
08:22:27,8.2e-06,done REDSVD
08:22:27,7.8e-06,SVD factorization complete
08:22:27,7.28e-05,commencing linear algebra multiplication to compute ugrade
08:22:27,1.4e-05,S info: rows = 1: cols = 1: size = 1: nonzeros = 1Vt info: rows = 1: cols = 1: size = 1: nonzeros = 1
08:22:27,1.26e-05,U info: rows = 1: cols = 1: size = 1: nonzeros = 1
08:22:27,1.02e-05,jac info: rows = 24: cols = 1: size = 24: nonzeros = 24
08:22:27,2.08e-05,linear algebra multiplication to compute ugrade complete
08:22:27,1.2e-05,commencing check of parameter bounds
08:22:27,8.5e-06,limiting out of bounds pars
08:22:27,1.47e-05,change limit/bound enforement for lambda 10: ,, scaling factor: 1
08:22:27,8.2e-06,checking for denormal floating point values
08:22:27,8.9e-06,transforming upgrade pars to model pars
08:22:27,1.22e-05,writing upgrade vector to csv file
08:22:27,0.0008374,beginning upgrade vector calculations, lambda = 100
08:22:27,6.07e-05,commencing calculation of upgrade vector
08:22:27,0.0004514,forming JtQJ matrix
08:22:27,1.98e-05,commencing to scale JtQJ matrix- first SVD...
08:22:27,8.7e-06,starting REDSVD
08:22:27,1.31e-05,retrieving REDSVD components
08:22:27,1.06e-05,triming REDSVD components to 1elements
08:22:27,8.6e-06,done REDSVD
08:22:27,1.26e-05,S info: rows = 1: cols = 1: size = 1: nonzeros = 1
08:22:27,7.9e-06,JS
08:22:27,9.5e-06,JS.transpose() * q_mat * JS + lambda * S.transpose() * S
08:22:27,1.62e-05,S info: rows = 1: cols = 1: size = 1: nonzeros = 1
08:22:27,8.3e-06,commencing SVD factorization of lambda-scaled JtQJ
08:22:27,7.7e-06,starting REDSVD
08:22:27,1.21e-05,retrieving REDSVD components
08:22:27,1e-05,triming REDSVD components to 1elements
08:22:27,8.3e-06,done REDSVD
08:22:27,7.8e-06,SVD factorization complete
08:22:27,7.3e-05,commencing linear algebra multiplication to compute ugrade
08:22:27,1.07e-05,S info: rows = 1: cols = 1: size = 1: nonzeros = 1Vt info: rows = 1: cols = 1: size = 1: nonzeros = 1
08:22:27,1e-05,U info: rows = 1: cols = 1: size = 1: nonzeros = 1
08:22:27,1.02e-05,jac info: rows = 24: cols = 1: size = 24: nonzeros = 24
08:22:27,2.35e-05,linear algebra multiplication to compute ugrade complete
08:22:27,1.28e-05,commencing check of parameter bounds and gradients
08:22:27,1.4e-05,commencing calculation of upgrade vector
08:22:27,0.000438,forming JtQJ matrix
08:22:27,1.63e-05,commencing to scale JtQJ matrix- first SVD...
08:22:27,8.3e-06,starting REDSVD
08:22:27,1.25e-05,retrieving REDSVD components
08:22:27,1.04e-05,triming REDSVD components to 1elements
08:22:27,8.4e-06,done REDSVD
08:22:27,1.23e-05,S info: rows = 1: cols = 1: size = 1: nonzeros = 1
08:22:27,7.9e-06,JS
08:22:27,8.7e-06,JS.transpose() * q_mat * JS + lambda * S.transpose() * S
08:22:27,1.61e-05,S info: rows = 1: cols = 1: size = 1: nonzeros = 1
08:22:27,8.2e-06,commencing SVD factorization of lambda-scaled JtQJ
08:22:27,7.5e-06,starting REDSVD
08:22:27,1.23e-05,retrieving REDSVD components
08:22:27,1e-05,triming REDSVD components to 1elements
08:22:27,8.2e-06,done REDSVD
08:22:27,7.7e-06,SVD factorization complete
08:22:27,7.23e-05,commencing linear algebra multiplication to compute ugrade
08:22:27,1.05e-05,S info: rows = 1: cols = 1: size = 1: nonzeros = 1Vt info: rows = 1: cols = 1: size = 1: nonzeros = 1
08:22:27,1e-05,U info: rows = 1: cols = 1: size = 1: nonzeros = 1
08:22:27,1e-05,jac info: rows = 24: cols = 1: size = 24: nonzeros = 24
08:22:27,2.09e-05,linear algebra multiplication to compute ugrade complete
08:22:27,1.18e-05,commencing check of parameter bounds
08:22:27,8.4e-06,limiting out of bounds pars
08:22:27,1.46e-05,change limit/bound enforement for lambda 100: ,, scaling factor: 1
08:22:27,7.9e-06,checking for denormal floating point values
08:22:27,8.7e-06,transforming upgrade pars to model pars
08:22:27,1.19e-05,writing upgrade vector to csv file
08:22:27,0.0007024,beginning upgrade vector calculations, lambda = 1000
08:22:27,5.79e-05,commencing calculation of upgrade vector
08:22:27,0.0004497,forming JtQJ matrix
08:22:27,2e-05,commencing to scale JtQJ matrix- first SVD...
08:22:27,8.6e-06,starting REDSVD
08:22:27,1.31e-05,retrieving REDSVD components
08:22:27,1.05e-05,triming REDSVD components to 1elements
08:22:27,5.9e-05,done REDSVD
08:22:27,1.73e-05,S info: rows = 1: cols = 1: size = 1: nonzeros = 1
08:22:27,8.3e-06,JS
08:22:27,9.1e-06,JS.transpose() * q_mat * JS + lambda * S.transpose() * S
08:22:27,1.63e-05,S info: rows = 1: cols = 1: size = 1: nonzeros = 1
08:22:27,8.6e-06,commencing SVD factorization of lambda-scaled JtQJ
08:22:27,7.5e-06,starting REDSVD
08:22:27,1.24e-05,retrieving REDSVD components
08:22:27,1.06e-05,triming REDSVD components to 1elements
08:22:27,8.2e-06,done REDSVD
08:22:27,7.7e-06,SVD factorization complete
08:22:27,7.27e-05,commencing linear algebra multiplication to compute ugrade
08:22:27,1.06e-05,S info: rows = 1: cols = 1: size = 1: nonzeros = 1Vt info: rows = 1: cols = 1: size = 1: nonzeros = 1
08:22:27,1.01e-05,U info: rows = 1: cols = 1: size = 1: nonzeros = 1
08:22:27,1.03e-05,jac info: rows = 24: cols = 1: size = 24: nonzeros = 24
08:22:27,2.41e-05,linear algebra multiplication to compute ugrade complete
08:22:27,1.28e-05,commencing check of parameter bounds and gradients
08:22:27,1.38e-05,commencing calculation of upgrade vector
08:22:27,0.0004383,forming JtQJ matrix
08:22:27,1.63e-05,commencing to scale JtQJ matrix- first SVD...
08:22:27,8.6e-06,starting REDSVD
08:22:27,1.25e-05,retrieving REDSVD components
08:22:27,1.04e-05,triming REDSVD components to 1elements
08:22:27,8.4e-06,done REDSVD
08:22:27,1.28e-05,S info: rows = 1: cols = 1: size = 1: nonzeros = 1
08:22:27,7.9e-06,JS
08:22:27,9e-06,JS.transpose() * q_mat * JS + lambda * S.transpose() * S
08:22:27,1.57e-05,S info: rows = 1: cols = 1: size = 1: nonzeros = 1
08:22:27,8.2e-06,commencing SVD factorization of lambda-scaled JtQJ
08:22:27,7.6e-06,starting REDSVD
08:22:27,1.23e-05,retrieving REDSVD components
08:22:27,1.03e-05,triming REDSVD components to 1elements
08:22:27,8.2e-06,done REDSVD
08:22:27,7.8e-06,SVD factorization complete
08:22:27,7.27e-05,commencing linear algebra multiplication to compute ugrade
08:22:27,1.08e-05,S info: rows = 1: cols = 1: size = 1: nonzeros = 1Vt info: rows = 1: cols = 1: size = 1: nonzeros = 1
08:22:27,1.02e-05,U info: rows = 1: cols = 1: size = 1: nonzeros = 1
08:22:27,1.01e-05,jac info: rows = 24: cols = 1: size = 24: nonzeros = 24
08:22:27,2.05e-05,linear algebra multiplication to compute ugrade complete
08:22:27,1.18e-05,commencing check of parameter bounds
08:22:27,8.4e-06,limiting out of bounds pars
08:22:27,1.5e-05,change limit/bound enforement for lambda 1000: ,, scaling factor: 1
08:22:27,8e-06,checking for denormal floating point values
08:22:27,8.8e-06,transforming upgrade pars to model pars
08:22:27,1.24e-05,writing upgrade vector to csv file
08:22:27,0.0011421,LinearAnalysis::glm_iter_fosm
08:22:27,0.0002545,starting FOSM uncertainty analyses for iteration 1
08:22:27,0.0045945,loading obscov
08:22:27,0.0001757,loading parcov
08:22:27,1.55e-05,setting predictions
08:22:27,8.5e-06,set_predictions
08:22:27,9.18e-05,extracting prediction HEADWATER:4383.5 from jacobian
08:22:27,0.0006402,extracting prediction TAILWATER:4383.5 from jacobian
08:22:27,0.0005166,extracting prediction TRGW-0-9-1:4383.5 from jacobian
08:22:27,0.0005609,extracting prediction PART_TIME from jacobian
08:22:27,0.0005304,parameter fosm calcs
08:22:27,1.07e-05,LinearAnalysis::calc_posterior
08:22:27,8e-06,LinearAnalysis::align
08:22:27,0.0006581,LinearAnalysis::prior_prediction_variance()::invert obscov
08:22:27,1.25e-05,inverting diagonal matrix in place
08:22:27,2.8e-05,LinearAnalysis::calc_posterior() form JtQJ
08:22:27,8.73e-05,LinearAnalysis::calc_posterior() invert prior parcov
08:22:27,2.18e-05,LinearAnalysis::calc_posterior() form posterior parcov
08:22:27,1.02e-05,LinearAnalysis::calc_posterior() invert posterior parcov
08:22:27,7.8e-06,inverting non-diagonal matrix in place
08:22:27,0.0007532,forecast FOSM calcs
08:22:27,0.000295,LinearAnalysis::prior_prediction_variance
08:22:27,3.25e-05,LinearAnalysis::prior_prediction_variance
08:22:31,3.52087,completed iteration 2
08:22:31,0.0178947,beginning iteration 3
08:22:31,8.48e-05,commencing to build jacobian parameter sets
08:22:31,0.0017309,jacobian parameter sets built, commencing model runs
08:22:31,0.687157,jacobian runs complete, processing runs
08:22:31,0.0009955,processing jacobian runs complete
08:22:31,1.43e-05,saving jacobian and sen files
08:22:31,0.0021336,commencing calculation of upgrade vector
08:22:31,0.0004592,forming JtQJ matrix
08:22:31,1.98e-05,commencing to scale JtQJ matrix- first SVD...
08:22:31,9.4e-06,starting REDSVD
08:22:31,1.71e-05,retrieving REDSVD components
08:22:31,1.16e-05,triming REDSVD components to 1elements
08:22:31,9.1e-06,done REDSVD
08:22:31,1.43e-05,S info: rows = 1: cols = 1: size = 1: nonzeros = 1
08:22:31,8.2e-06,JS
08:22:31,8.9e-06,JS.transpose() * q_mat * JS + lambda * S.transpose() * S
08:22:31,1.7e-05,S info: rows = 1: cols = 1: size = 1: nonzeros = 1
08:22:31,8.3e-06,commencing SVD factorization of lambda-scaled JtQJ
08:22:31,7.8e-06,starting REDSVD
08:22:31,1.22e-05,retrieving REDSVD components
08:22:31,1.01e-05,triming REDSVD components to 1elements
08:22:31,8.4e-06,done REDSVD
08:22:31,7.7e-06,SVD factorization complete
08:22:31,7.57e-05,commencing linear algebra multiplication to compute ugrade
08:22:31,1.08e-05,S info: rows = 1: cols = 1: size = 1: nonzeros = 1Vt info: rows = 1: cols = 1: size = 1: nonzeros = 1
08:22:31,1.05e-05,U info: rows = 1: cols = 1: size = 1: nonzeros = 1
08:22:31,1.02e-05,jac info: rows = 24: cols = 1: size = 24: nonzeros = 24
08:22:31,2.25e-05,linear algebra multiplication to compute ugrade complete
08:22:31,1.33e-05,commencing check of parameter bounds and gradients
08:22:31,0.0018587,beginning upgrade vector calculations, lambda = 0.1
08:22:31,7.78e-05,commencing calculation of upgrade vector
08:22:31,0.0004753,forming JtQJ matrix
08:22:31,1.77e-05,commencing to scale JtQJ matrix- first SVD...
08:22:31,8.8e-06,starting REDSVD
08:22:31,1.47e-05,retrieving REDSVD components
08:22:31,1.11e-05,triming REDSVD components to 1elements
08:22:31,9e-06,done REDSVD
08:22:31,1.32e-05,S info: rows = 1: cols = 1: size = 1: nonzeros = 1
08:22:31,8e-06,JS
08:22:31,9.1e-06,JS.transpose() * q_mat * JS + lambda * S.transpose() * S
08:22:31,1.67e-05,S info: rows = 1: cols = 1: size = 1: nonzeros = 1
08:22:31,8.4e-06,commencing SVD factorization of lambda-scaled JtQJ
08:22:31,7.8e-06,starting REDSVD
08:22:31,1.26e-05,retrieving REDSVD components
08:22:31,1.01e-05,triming REDSVD components to 1elements
08:22:31,8.5e-06,done REDSVD
08:22:31,7.8e-06,SVD factorization complete
08:22:31,7.53e-05,commencing linear algebra multiplication to compute ugrade
08:22:31,1.1e-05,S info: rows = 1: cols = 1: size = 1: nonzeros = 1Vt info: rows = 1: cols = 1: size = 1: nonzeros = 1
08:22:31,1.03e-05,U info: rows = 1: cols = 1: size = 1: nonzeros = 1
08:22:31,1.02e-05,jac info: rows = 24: cols = 1: size = 24: nonzeros = 24
08:22:31,2.25e-05,linear algebra multiplication to compute ugrade complete
08:22:31,1.28e-05,commencing check of parameter bounds and gradients
08:22:31,1.22e-05,commencing calculation of upgrade vector
08:22:31,0.000446,forming JtQJ matrix
08:22:31,1.64e-05,commencing to scale JtQJ matrix- first SVD...
08:22:31,8.3e-06,starting REDSVD
08:22:31,1.27e-05,retrieving REDSVD components
08:22:31,1.04e-05,triming REDSVD components to 1elements
08:22:31,8.6e-06,done REDSVD
08:22:31,1.26e-05,S info: rows = 1: cols = 1: size = 1: nonzeros = 1
08:22:31,7.9e-06,JS
08:22:31,8.9e-06,JS.transpose() * q_mat * JS + lambda * S.transpose() * S
08:22:31,1.63e-05,S info: rows = 1: cols = 1: size = 1: nonzeros = 1
08:22:31,8.3e-06,commencing SVD factorization of lambda-scaled JtQJ
08:22:31,7.6e-06,starting REDSVD
08:22:31,1.22e-05,retrieving REDSVD components
08:22:31,1e-05,triming REDSVD components to 1elements
08:22:31,8.5e-06,done REDSVD
08:22:31,7.8e-06,SVD factorization complete
08:22:31,7.34e-05,commencing linear algebra multiplication to compute ugrade
08:22:31,1.06e-05,S info: rows = 1: cols = 1: size = 1: nonzeros = 1Vt info: rows = 1: cols = 1: size = 1: nonzeros = 1
08:22:31,1.36e-05,U info: rows = 1: cols = 1: size = 1: nonzeros = 1
08:22:31,1.3e-05,jac info: rows = 24: cols = 1: size = 24: nonzeros = 24
08:22:31,2.08e-05,linear algebra multiplication to compute ugrade complete
08:22:31,1.25e-05,commencing check of parameter bounds
08:22:31,8.4e-06,limiting out of bounds pars
08:22:31,1.56e-05,change limit/bound enforement for lambda 0.1: ,, scaling factor: 1
08:22:31,8.2e-06,checking for denormal floating point values
08:22:31,8.6e-06,transforming upgrade pars to model pars
08:22:31,9.4e-06,writing upgrade vector to csv file
08:22:31,0.0006446,beginning upgrade vector calculations, lambda = 1
08:22:31,5.73e-05,commencing calculation of upgrade vector
08:22:31,0.0004431,forming JtQJ matrix
08:22:31,1.74e-05,commencing to scale JtQJ matrix- first SVD...
08:22:31,9e-06,starting REDSVD
08:22:31,1.37e-05,retrieving REDSVD components
08:22:31,1.09e-05,triming REDSVD components to 1elements
08:22:31,8.6e-06,done REDSVD
08:22:31,1.28e-05,S info: rows = 1: cols = 1: size = 1: nonzeros = 1
08:22:31,8e-06,JS
08:22:31,9.4e-06,JS.transpose() * q_mat * JS + lambda * S.transpose() * S
08:22:31,1.64e-05,S info: rows = 1: cols = 1: size = 1: nonzeros = 1
08:22:31,8.2e-06,commencing SVD factorization of lambda-scaled JtQJ
08:22:31,8e-06,starting REDSVD
08:22:31,1.23e-05,retrieving REDSVD components
08:22:31,1.01e-05,triming REDSVD components to 1elements
08:22:31,8.3e-06,done REDSVD
08:22:31,8.3e-06,SVD factorization complete
08:22:31,7.34e-05,commencing linear algebra multiplication to compute ugrade
08:22:31,1.09e-05,S info: rows = 1: cols = 1: size = 1: nonzeros = 1Vt info: rows = 1: cols = 1: size = 1: nonzeros = 1
08:22:31,1.02e-05,U info: rows = 1: cols = 1: size = 1: nonzeros = 1
08:22:31,1.01e-05,jac info: rows = 24: cols = 1: size = 24: nonzeros = 24
08:22:31,2.16e-05,linear algebra multiplication to compute ugrade complete
08:22:31,1.23e-05,commencing check of parameter bounds and gradients
08:22:31,1.04e-05,commencing calculation of upgrade vector
08:22:31,0.0004516,forming JtQJ matrix
08:22:31,1.75e-05,commencing to scale JtQJ matrix- first SVD...
08:22:31,8.6e-06,starting REDSVD
08:22:31,1.3e-05,retrieving REDSVD components
08:22:31,1.09e-05,triming REDSVD components to 1elements
08:22:31,8.6e-06,done REDSVD
08:22:31,1.27e-05,S info: rows = 1: cols = 1: size = 1: nonzeros = 1
08:22:31,8e-06,JS
08:22:31,9.2e-06,JS.transpose() * q_mat * JS + lambda * S.transpose() * S
08:22:31,1.58e-05,S info: rows = 1: cols = 1: size = 1: nonzeros = 1
08:22:31,8.3e-06,commencing SVD factorization of lambda-scaled JtQJ
08:22:31,7.5e-06,starting REDSVD
08:22:31,1.21e-05,retrieving REDSVD components
08:22:31,9.9e-06,triming REDSVD components to 1elements
08:22:31,8.2e-06,done REDSVD
08:22:31,8.3e-06,SVD factorization complete
08:22:31,7.37e-05,commencing linear algebra multiplication to compute ugrade
08:22:31,1.06e-05,S info: rows = 1: cols = 1: size = 1: nonzeros = 1Vt info: rows = 1: cols = 1: size = 1: nonzeros = 1
08:22:31,1.05e-05,U info: rows = 1: cols = 1: size = 1: nonzeros = 1
08:22:31,1.02e-05,jac info: rows = 24: cols = 1: size = 24: nonzeros = 24
08:22:31,2.04e-05,linear algebra multiplication to compute ugrade complete
08:22:31,1.22e-05,commencing check of parameter bounds
08:22:31,8.3e-06,limiting out of bounds pars
08:22:31,1.48e-05,change limit/bound enforement for lambda 1: ,, scaling factor: 1
08:22:31,8e-06,checking for denormal floating point values
08:22:31,8.9e-06,transforming upgrade pars to model pars
08:22:31,9.5e-06,writing upgrade vector to csv file
08:22:31,0.0007242,beginning upgrade vector calculations, lambda = 10
08:22:31,0.0002274,commencing calculation of upgrade vector
08:22:31,0.0004493,forming JtQJ matrix
08:22:31,1.68e-05,commencing to scale JtQJ matrix- first SVD...
08:22:31,8.6e-06,starting REDSVD
08:22:31,1.31e-05,retrieving REDSVD components
08:22:31,1.07e-05,triming REDSVD components to 1elements
08:22:31,8.6e-06,done REDSVD
08:22:31,1.36e-05,S info: rows = 1: cols = 1: size = 1: nonzeros = 1
08:22:31,1.12e-05,JS
08:22:31,1.13e-05,JS.transpose() * q_mat * JS + lambda * S.transpose() * S
08:22:31,1.67e-05,S info: rows = 1: cols = 1: size = 1: nonzeros = 1
08:22:31,8.6e-06,commencing SVD factorization of lambda-scaled JtQJ
08:22:31,7.7e-06,starting REDSVD
08:22:31,1.21e-05,retrieving REDSVD components
08:22:31,1e-05,triming REDSVD components to 1elements
08:22:31,8.4e-06,done REDSVD
08:22:31,7.9e-06,SVD factorization complete
08:22:31,7.3e-05,commencing linear algebra multiplication to compute ugrade
08:22:31,1.06e-05,S info: rows = 1: cols = 1: size = 1: nonzeros = 1Vt info: rows = 1: cols = 1: size = 1: nonzeros = 1
08:22:31,1.01e-05,U info: rows = 1: cols = 1: size = 1: nonzeros = 1
08:22:31,1.02e-05,jac info: rows = 24: cols = 1: size = 24: nonzeros = 24
08:22:31,2.19e-05,linear algebra multiplication to compute ugrade complete
08:22:31,1.21e-05,commencing check of parameter bounds and gradients
08:22:31,1.04e-05,commencing calculation of upgrade vector
08:22:31,0.0004387,forming JtQJ matrix
08:22:31,1.6e-05,commencing to scale JtQJ matrix- first SVD...
08:22:31,8.7e-06,starting REDSVD
08:22:31,1.29e-05,retrieving REDSVD components
08:22:31,1.06e-05,triming REDSVD components to 1elements
08:22:31,8.7e-06,done REDSVD
08:22:31,1.25e-05,S info: rows = 1: cols = 1: size = 1: nonzeros = 1
08:22:31,7.9e-06,JS
08:22:31,9.3e-06,JS.transpose() * q_mat * JS + lambda * S.transpose() * S
08:22:31,1.61e-05,S info: rows = 1: cols = 1: size = 1: nonzeros = 1
08:22:31,8.2e-06,commencing SVD factorization of lambda-scaled JtQJ
08:22:31,7.6e-06,starting REDSVD
08:22:31,1.2e-05,retrieving REDSVD components
08:22:31,9.9e-06,triming REDSVD components to 1elements
08:22:31,8.2e-06,done REDSVD
08:22:31,7.7e-06,SVD factorization complete
08:22:31,0.0001271,commencing linear algebra multiplication to compute ugrade
08:22:31,1.19e-05,S info: rows = 1: cols = 1: size = 1: nonzeros = 1Vt info: rows = 1: cols = 1: size = 1: nonzeros = 1
08:22:31,1.03e-05,U info: rows = 1: cols = 1: size = 1: nonzeros = 1
08:22:31,1.01e-05,jac info: rows = 24: cols = 1: size = 24: nonzeros = 24
08:22:31,2.15e-05,linear algebra multiplication to compute ugrade complete
08:22:31,1.2e-05,commencing check of parameter bounds
08:22:31,8.5e-06,limiting out of bounds pars
08:22:31,1.5e-05,change limit/bound enforement for lambda 10: ,, scaling factor: 1
08:22:31,7.9e-06,checking for denormal floating point values
08:22:31,8.5e-06,transforming upgrade pars to model pars
08:22:31,9.4e-06,writing upgrade vector to csv file
08:22:31,0.0009277,beginning upgrade vector calculations, lambda = 100
08:22:31,6.52e-05,commencing calculation of upgrade vector
08:22:31,0.0004548,forming JtQJ matrix
08:22:31,1.67e-05,commencing to scale JtQJ matrix- first SVD...
08:22:31,9e-06,starting REDSVD
08:22:31,1.35e-05,retrieving REDSVD components
08:22:31,1.06e-05,triming REDSVD components to 1elements
08:22:31,8.6e-06,done REDSVD
08:22:31,1.29e-05,S info: rows = 1: cols = 1: size = 1: nonzeros = 1
08:22:31,7.9e-06,JS
08:22:31,1e-05,JS.transpose() * q_mat * JS + lambda * S.transpose() * S
08:22:31,1.95e-05,S info: rows = 1: cols = 1: size = 1: nonzeros = 1
08:22:31,8.3e-06,commencing SVD factorization of lambda-scaled JtQJ
08:22:31,7.5e-06,starting REDSVD
08:22:31,1.2e-05,retrieving REDSVD components
08:22:31,1.02e-05,triming REDSVD components to 1elements
08:22:31,8.2e-06,done REDSVD
08:22:31,7.7e-06,SVD factorization complete
08:22:31,7.31e-05,commencing linear algebra multiplication to compute ugrade
08:22:31,1.05e-05,S info: rows = 1: cols = 1: size = 1: nonzeros = 1Vt info: rows = 1: cols = 1: size = 1: nonzeros = 1
08:22:31,1.01e-05,U info: rows = 1: cols = 1: size = 1: nonzeros = 1
08:22:31,1.01e-05,jac info: rows = 24: cols = 1: size = 24: nonzeros = 24
08:22:31,2.15e-05,linear algebra multiplication to compute ugrade complete
08:22:31,1.2e-05,commencing check of parameter bounds and gradients
08:22:31,1.03e-05,commencing calculation of upgrade vector
08:22:31,0.0004312,forming JtQJ matrix
08:22:31,2.11e-05,commencing to scale JtQJ matrix- first SVD...
08:22:31,1.04e-05,starting REDSVD
08:22:31,1.3e-05,retrieving REDSVD components
08:22:31,1.05e-05,triming REDSVD components to 1elements
08:22:31,8.4e-06,done REDSVD
08:22:31,1.22e-05,S info: rows = 1: cols = 1: size = 1: nonzeros = 1
08:22:31,7.7e-06,JS
08:22:31,8.7e-06,JS.transpose() * q_mat * JS + lambda * S.transpose() * S
08:22:31,1.56e-05,S info: rows = 1: cols = 1: size = 1: nonzeros = 1
08:22:31,8.1e-06,commencing SVD factorization of lambda-scaled JtQJ
08:22:31,7.6e-06,starting REDSVD
08:22:31,1.19e-05,retrieving REDSVD components
08:22:31,9.9e-06,triming REDSVD components to 1elements
08:22:31,8.5e-06,done REDSVD
08:22:31,7.7e-06,SVD factorization complete
08:22:31,7.16e-05,commencing linear algebra multiplication to compute ugrade
08:22:31,1.05e-05,S info: rows = 1: cols = 1: size = 1: nonzeros = 1Vt info: rows = 1: cols = 1: size = 1: nonzeros = 1
08:22:31,1e-05,U info: rows = 1: cols = 1: size = 1: nonzeros = 1
08:22:31,9.9e-06,jac info: rows = 24: cols = 1: size = 24: nonzeros = 24
08:22:31,2.02e-05,linear algebra multiplication to compute ugrade complete
08:22:31,1.17e-05,commencing check of parameter bounds
08:22:31,8.2e-06,limiting out of bounds pars
08:22:31,1.45e-05,change limit/bound enforement for lambda 100: ,, scaling factor: 1
08:22:31,8e-06,checking for denormal floating point values
08:22:31,8.2e-06,transforming upgrade pars to model pars
08:22:31,9.6e-06,writing upgrade vector to csv file
08:22:31,0.0007807,beginning upgrade vector calculations, lambda = 1000
08:22:31,5.66e-05,commencing calculation of upgrade vector
08:22:31,0.0004356,forming JtQJ matrix
08:22:31,1.62e-05,commencing to scale JtQJ matrix- first SVD...
08:22:31,8.3e-06,starting REDSVD
08:22:31,1.29e-05,retrieving REDSVD components
08:22:31,1.05e-05,triming REDSVD components to 1elements
08:22:31,8.7e-06,done REDSVD
08:22:31,1.24e-05,S info: rows = 1: cols = 1: size = 1: nonzeros = 1
08:22:31,8.2e-06,JS
08:22:31,8.7e-06,JS.transpose() * q_mat * JS + lambda * S.transpose() * S
08:22:31,1.59e-05,S info: rows = 1: cols = 1: size = 1: nonzeros = 1
08:22:31,8.2e-06,commencing SVD factorization of lambda-scaled JtQJ
08:22:31,7.7e-06,starting REDSVD
08:22:31,1.21e-05,retrieving REDSVD components
08:22:31,9.8e-06,triming REDSVD components to 1elements
08:22:31,8.3e-06,done REDSVD
08:22:31,7.6e-06,SVD factorization complete
08:22:31,7.36e-05,commencing linear algebra multiplication to compute ugrade
08:22:31,1.06e-05,S info: rows = 1: cols = 1: size = 1: nonzeros = 1Vt info: rows = 1: cols = 1: size = 1: nonzeros = 1
08:22:31,9.9e-06,U info: rows = 1: cols = 1: size = 1: nonzeros = 1
08:22:31,1.01e-05,jac info: rows = 24: cols = 1: size = 24: nonzeros = 24
08:22:31,2.17e-05,linear algebra multiplication to compute ugrade complete
08:22:31,1.2e-05,commencing check of parameter bounds and gradients
08:22:31,1.09e-05,commencing calculation of upgrade vector
08:22:31,0.0004341,forming JtQJ matrix
08:22:31,1.61e-05,commencing to scale JtQJ matrix- first SVD...
08:22:31,8.4e-06,starting REDSVD
08:22:31,1.25e-05,retrieving REDSVD components
08:22:31,1.02e-05,triming REDSVD components to 1elements
08:22:31,8.3e-06,done REDSVD
08:22:31,1.22e-05,S info: rows = 1: cols = 1: size = 1: nonzeros = 1
08:22:31,7.8e-06,JS
08:22:31,8.9e-06,JS.transpose() * q_mat * JS + lambda * S.transpose() * S
08:22:31,1.56e-05,S info: rows = 1: cols = 1: size = 1: nonzeros = 1
08:22:31,8.2e-06,commencing SVD factorization of lambda-scaled JtQJ
08:22:31,7.4e-06,starting REDSVD
08:22:31,1.2e-05,retrieving REDSVD components
08:22:31,9.7e-06,triming REDSVD components to 1elements
08:22:31,8.3e-06,done REDSVD
08:22:31,7.6e-06,SVD factorization complete
08:22:31,7.2e-05,commencing linear algebra multiplication to compute ugrade
08:22:31,1.05e-05,S info: rows = 1: cols = 1: size = 1: nonzeros = 1Vt info: rows = 1: cols = 1: size = 1: nonzeros = 1
08:22:31,1.01e-05,U info: rows = 1: cols = 1: size = 1: nonzeros = 1
08:22:31,9.9e-06,jac info: rows = 24: cols = 1: size = 24: nonzeros = 24
08:22:31,2.35e-05,linear algebra multiplication to compute ugrade complete
08:22:31,1.41e-05,commencing check of parameter bounds
08:22:31,8.4e-06,limiting out of bounds pars
08:22:31,1.46e-05,change limit/bound enforement for lambda 1000: ,, scaling factor: 1
08:22:31,7.9e-06,checking for denormal floating point values
08:22:31,8.2e-06,transforming upgrade pars to model pars
08:22:31,9.3e-06,writing upgrade vector to csv file
08:22:31,0.0010792,LinearAnalysis::glm_iter_fosm
08:22:31,0.0002321,starting FOSM uncertainty analyses for iteration 2
08:22:31,0.0060855,loading obscov
08:22:31,0.0001933,loading parcov
08:22:31,1.53e-05,setting predictions
08:22:31,8.6e-06,set_predictions
08:22:31,9.84e-05,extracting prediction HEADWATER:4383.5 from jacobian
08:22:31,0.0006154,extracting prediction TAILWATER:4383.5 from jacobian
08:22:31,0.0005247,extracting prediction TRGW-0-9-1:4383.5 from jacobian
08:22:31,0.0005112,extracting prediction PART_TIME from jacobian
08:22:31,0.0005276,parameter fosm calcs
08:22:31,1.07e-05,LinearAnalysis::calc_posterior
08:22:31,8.2e-06,LinearAnalysis::align
08:22:31,0.0006563,LinearAnalysis::prior_prediction_variance()::invert obscov
08:22:31,1.19e-05,inverting diagonal matrix in place
08:22:31,4.66e-05,LinearAnalysis::calc_posterior() form JtQJ
08:22:31,8.59e-05,LinearAnalysis::calc_posterior() invert prior parcov
08:22:31,1.95e-05,LinearAnalysis::calc_posterior() form posterior parcov
08:22:31,1.16e-05,LinearAnalysis::calc_posterior() invert posterior parcov
08:22:31,7.8e-06,inverting non-diagonal matrix in place
08:22:31,0.0007911,forecast FOSM calcs
08:22:31,0.000277,LinearAnalysis::prior_prediction_variance
08:22:31,3.19e-05,LinearAnalysis::prior_prediction_variance
08:22:35,3.54899,completed iteration 3
08:22:35,0.0348643,FOSM-based posterior unc calcs
08:22:35,0.0002541,starting FOSM uncertainty analyses for iteration -999
08:22:35,0.0046266,loading obscov
08:22:35,0.0001824,loading parcov
08:22:35,1.65e-05,setting predictions
08:22:35,8.7e-06,set_predictions
08:22:35,9.27e-05,extracting prediction HEADWATER:4383.5 from jacobian
08:22:35,0.000612,extracting prediction TAILWATER:4383.5 from jacobian
08:22:35,0.0005577,extracting prediction TRGW-0-9-1:4383.5 from jacobian
08:22:35,0.0005255,extracting prediction PART_TIME from jacobian
08:22:35,0.0005268,parameter fosm calcs
08:22:35,1.05e-05,LinearAnalysis::calc_posterior
08:22:35,8e-06,LinearAnalysis::align
08:22:35,0.0006893,LinearAnalysis::prior_prediction_variance()::invert obscov
08:22:35,1.27e-05,inverting diagonal matrix in place
08:22:35,2.89e-05,LinearAnalysis::calc_posterior() form JtQJ
08:22:35,7.41e-05,LinearAnalysis::calc_posterior() invert prior parcov
08:22:35,1.89e-05,LinearAnalysis::calc_posterior() form posterior parcov
08:22:35,1.03e-05,LinearAnalysis::calc_posterior() invert posterior parcov
08:22:35,7.8e-06,inverting non-diagonal matrix in place
08:22:35,0.0008043,forecast FOSM calcs
08:22:35,0.0002759,LinearAnalysis::prior_prediction_variance
08:22:35,3.19e-05,LinearAnalysis::prior_prediction_variance
